# stats: dump at 1575497904
stats: users 5 5
stats: {freemem,"tsung_controller@ip-172-31-27-181"} 1 3524.28125 0 3524.28125 3524.28125 0 0
stats: {load,"tsung_controller@ip-172-31-27-181"} 1 0.0 0 0.0 0.0 0 0
stats: {cpu,"tsung_controller@ip-172-31-27-181"} 1 2.924412915851272 0 2.924412915851272 2.924412915851272 0 0
stats: users_count 5 5
stats: finish_users_count 0 0
stats: request 19 139.26484210526317 170.3367032585023 761.9 12.71 0 0
stats: connect 5 8.787600000000001 9.238435161865887 26.459 1.334 0 0
stats: page 14 120.01142857142857 93.23588314646909 296.563 12.71 0 0
stats: 302 10 10
stats: 200 8 8
stats: size_rcv 43537 43537
stats: size_sent 15445 15445
stats: connected 5 5
stats: 500 1 1
# stats: dump at 1575497914
stats: users 4 5
stats: {freemem,"tsung_controller@ip-172-31-27-181"} 1 3522.625 0.0 3524.28125 3522.625 3524.28125 1
stats: {load,"tsung_controller@ip-172-31-27-181"} 1 0.0 0.0 0.0 0.0 0.0 1
stats: {recvpackets,"tsung_controller@ip-172-31-27-181"} 1 110 0 110 110 0 0
stats: {sentpackets,"tsung_controller@ip-172-31-27-181"} 1 86 0 86 86 0 0
stats: {cpu,"tsung_controller@ip-172-31-27-181"} 1 1.3972055888223553 0.0 2.924412915851272 1.3972055888223553 2.924412915851272 1
stats: session 6 6156.791666666667 1627.159899641977 8322.943 4390.088 0 0
stats: users_count 5 10
stats: finish_users_count 6 6
stats: request 63 247.56282539682533 507.2304711971103 1883.753 1.54 139.26484210526317 19
stats: connect 5 4.5809999999999995 1.6786455254162507 26.459 1.334 8.787600000000001 5
stats: page 34 483.1269705882353 674.9331842789845 1951.742 8.387 120.01142857142857 14
stats: 302 14 24
stats: 200 34 42
stats: size_rcv 324444 367981
stats: 502 4 4
stats: newphase 1 1
stats: size_sent 54833 70278
stats: connected 0 5
stats: 204 6 6
stats: 500 5 6
# stats: dump at 1575497924
stats: users 9 9
stats: {freemem,"tsung_controller@ip-172-31-27-181"} 1 3520.02734375 0.0 3524.28125 3520.02734375 3523.453125 2
stats: {load,"tsung_controller@ip-172-31-27-181"} 1 0.0 0.0 0.0 0.0 0.0 2
stats: {recvpackets,"tsung_controller@ip-172-31-27-181"} 1 369.0 0.0 369 110 110.0 1
stats: {sentpackets,"tsung_controller@ip-172-31-27-181"} 1 234.0 0.0 234 86 86.0 1
stats: {cpu,"tsung_controller@ip-172-31-27-181"} 1 2.3 0.0 2.924412915851272 1.3972055888223553 2.1608092523368136 2
stats: session 7 5475.567857142857 2015.3715760533678 8489.918 2646.759 6156.791666666667 6
stats: users_count 12 22
stats: finish_users_count 7 13
stats: request 86 215.77696511627903 497.39287224639855 1976.411 1.54 222.46939024390238 82
stats: connect 11 4.040545454545453 1.8120228457137149 26.459 1.334 6.6843 10
stats: page 49 376.26314285714295 642.8179630826082 2014.413 5.034 377.2182708333333 48
stats: 302 30 54
stats: 200 39 81
stats: size_rcv 411610 779591
stats: 502 5 9
stats: newphase 1 2
stats: 422 1 1
stats: size_sent 70330 140608
stats: connected 4 9
stats: 204 5 11
stats: 500 6 12
# stats: dump at 1575497934
stats: users 9 17
stats: {freemem,"tsung_controller@ip-172-31-27-181"} 1 3514.99609375 0.0 3524.28125 3514.99609375 3522.3111979166665 3
stats: {load,"tsung_controller@ip-172-31-27-181"} 1 0.0 0.0 0.0 0.0 0.0 3
stats: {recvpackets,"tsung_controller@ip-172-31-27-181"} 1 439.0 0.0 439 110 239.5 2
stats: {sentpackets,"tsung_controller@ip-172-31-27-181"} 1 316.0 0.0 316 86 160.0 2
stats: {cpu,"tsung_controller@ip-172-31-27-181"} 1 3.1936127744510974 0.0 3.1936127744510974 1.3972055888223553 2.2072061682245425 3
stats: session 22 5357.508136363637 1934.8385733114392 8619.016 1747.232 5789.9788461538465 13
stats: users_count 22 44
stats: finish_users_count 22 35
stats: request 234 215.25877777777768 500.26317781018565 2676.913 1.531 219.0435059523809 168
stats: connect 22 5.937409090909091 3.0387287961055347 26.459 1.334 5.29947619047619 21
stats: page 130 389.80093846153835 662.5258545630066 2720.132 1.531 376.73578350515464 97
stats: 302 66 120
stats: 200 88 169
stats: size_rcv 1002898 1782489
stats: 502 17 26
stats: newphase 1 3
stats: 422 9 10
stats: size_sent 192751 333359
stats: connected -1 8
stats: 204 13 24
stats: 500 41 53
# stats: dump at 1575497944
stats: users 56 56
stats: {freemem,"tsung_controller@ip-172-31-27-181"} 1 3512.0390625 0.0 3524.28125 3512.0390625 3520.482421875 4
stats: {load,"tsung_controller@ip-172-31-27-181"} 1 0.0 0.0 0.0 0.0 0.0 4
stats: {recvpackets,"tsung_controller@ip-172-31-27-181"} 1 1038.0 0.0 1038 110 306.0 3
stats: {sentpackets,"tsung_controller@ip-172-31-27-181"} 1 757.0 0.0 757 86 212.0 3
stats: {cpu,"tsung_controller@ip-172-31-27-181"} 1 7.425742574257425 0.0 7.425742574257425 1.3972055888223553 2.453807819781181 4
stats: session 9 2735.9364444444445 852.6422916155155 8619.016 1426.737 5518.140114285716 35
stats: users_count 56 100
stats: finish_users_count 9 44
stats: request 179 10.911156424581 9.141251573056067 2676.913 1.531 216.84045522388053 402
stats: connect 52 3.5259999999999985 2.371694882438425 26.459 0.963 5.625860465116278 43
stats: page 134 14.645671641791044 15.616234377913013 2720.132 1.531 384.21803083700433 227
stats: 302 88 208
stats: 200 46 215
stats: size_rcv 343924 2126413
stats: 502 23 49
stats: newphase 1 4
stats: 422 9 19
stats: size_sent 141339 474698
stats: connected 43 51
stats: 204 0 24
stats: 500 13 66
# stats: dump at 1575497954
stats: users 71 75
stats: {freemem,"tsung_controller@ip-172-31-27-181"} 1 3510.296875 0.0 3524.28125 3510.296875 3518.79375 5
stats: {load,"tsung_controller@ip-172-31-27-181"} 1 0.0 0.0 0.0 0.0 0.0 5
stats: {recvpackets,"tsung_controller@ip-172-31-27-181"} 1 601.0 0.0 1038 110 489.0 4
stats: {sentpackets,"tsung_controller@ip-172-31-27-181"} 1 688.0 0.0 757 86 348.25 4
stats: {cpu,"tsung_controller@ip-172-31-27-181"} 1 6.087824351297405 0.0 7.425742574257425 1.3972055888223553 3.44819477067643 5
stats: session 57 3208.804631578947 1504.7632046578851 8619.016 1359.567 4949.053000000001 44
stats: users_count 72 172
stats: finish_users_count 57 101
stats: request 652 14.644906441717785 15.512852607447417 2676.913 1.046 153.395800344234 581
stats: connect 74 3.745594594594592 3.005307278074316 26.459 0.963 4.476463157894735 95
stats: page 377 25.501098143236053 24.27203667895928 2720.132 1.195 247.0360470914127 361
stats: 302 104 312
stats: 200 31 246
stats: size_rcv 448267 2574680
stats: 502 491 540
stats: newphase 1 5
stats: 422 26 45
stats: size_sent 402680 877378
stats: connected 20 71
stats: 204 0 24
stats: 500 0 66
# stats: dump at 1575497964
stats: users 117 119
stats: {freemem,"tsung_controller@ip-172-31-27-181"} 1 3508.19140625 0.0 3524.28125 3508.19140625 3517.3776041666665 6
stats: {load,"tsung_controller@ip-172-31-27-181"} 1 0.16015625 0.0 0.16015625 0.0 0.0 6
stats: {recvpackets,"tsung_controller@ip-172-31-27-181"} 1 1162.0 0.0 1162 110 511.4 5
stats: {sentpackets,"tsung_controller@ip-172-31-27-181"} 1 1456.0 0.0 1456 86 416.2 5
stats: {cpu,"tsung_controller@ip-172-31-27-181"} 1 12.624254473161034 0.0 12.624254473161034 1.3972055888223553 3.8881330341132596 6
stats: session 88 3021.0955568181816 1484.5413344692208 8982.396 1302.398 3966.9326336633662 101
stats: users_count 134 306
stats: finish_users_count 88 189
stats: request 1064 15.49657330827069 16.628901428825305 2676.913 1.008 80.02549797242494 1233
stats: connect 135 3.1573259259259276 2.2435230028111275 26.459 0.873 4.156437869822483 169
stats: page 615 26.988172357723574 27.398075207977655 2720.132 1.127 133.86710975609753 738
stats: 302 324 636
stats: 200 49 295
stats: size_rcv 853027 3427707
stats: 502 638 1178
stats: newphase 1 6
stats: 422 53 98
stats: size_sent 613818 1491196
stats: connected 45 116
stats: 204 0 24
stats: 500 0 66
# stats: dump at 1575497974
stats: users 165 167
stats: {freemem,"tsung_controller@ip-172-31-27-181"} 1 3496.4140625 0.0 3524.28125 3496.4140625 3516.0652901785716 7
stats: {load,"tsung_controller@ip-172-31-27-181"} 1 0.12890625 0.0 0.16015625 0.0 0.022879464285714284 7
stats: {recvpackets,"tsung_controller@ip-172-31-27-181"} 1 2079.0 0.0 2079 110 619.8333333333334 6
stats: {sentpackets,"tsung_controller@ip-172-31-27-181"} 1 2556.0 0.0 2556 86 589.5 6
stats: {cpu,"tsung_controller@ip-172-31-27-181"} 1 20.60546875 0.0 20.60546875 1.3972055888223553 5.136150382548656 7
stats: session 130 3636.5120461538463 1799.9764017369353 9517.615 1302.398 3526.5428835978837 189
stats: users_count 178 484
stats: finish_users_count 130 319
stats: request 1492 52.331198391420905 420.45417696022616 5230.332 1.0 50.13486852416194 2297
stats: connect 176 3.899193181818182 2.8755721934866307 26.459 0.824 3.712753289473684 304
stats: page 860 90.76508953488363 551.471147477119 5230.332 1.127 85.28577457501846 1353
stats: 302 393 1029
stats: 200 74 369
stats: size_rcv 1210317 4638024
stats: 502 930 2108
stats: newphase 1 7
stats: 422 85 183
stats: size_sent 896470 2387666
stats: connected 51 167
stats: 204 0 24
stats: 500 10 76
# stats: dump at 1575497984
stats: users 203 212
stats: {freemem,"tsung_controller@ip-172-31-27-181"} 1 3488.34765625 0.0 3524.28125 3488.34765625 3513.60888671875 8
stats: {load,"tsung_controller@ip-172-31-27-181"} 1 0.109375 0.0 0.16015625 0.0 0.0361328125 8
stats: {recvpackets,"tsung_controller@ip-172-31-27-181"} 1 2930.0 0.0 2930 110 828.2857142857143 7
stats: {sentpackets,"tsung_controller@ip-172-31-27-181"} 1 3478.0 0.0 3478 86 870.4285714285714 7
stats: {cpu,"tsung_controller@ip-172-31-27-181"} 1 25.925925925925924 0.0 25.925925925925924 1.3972055888223553 7.069815178480074 8
stats: session 210 4179.039047619048 2448.070925354147 10981.499 1272.378 3571.357902821317 319
stats: users_count 248 732
stats: finish_users_count 210 529
stats: request 2341 102.51179752242638 650.720610179614 5261.137 0.975 50.99972050673 3789
stats: connect 247 4.029068825910933 3.363914877483569 26.459 0.811 3.7811145833333333 480
stats: page 1318 182.16174430956008 859.5296313048527 5261.137 1.127 87.41510619069132 2213
stats: 302 629 1658
stats: 200 123 492
stats: size_rcv 1952508 6590532
stats: 502 1430 3538
stats: newphase 1 8
stats: 422 121 304
stats: size_sent 1454223 3841889
stats: connected 44 211
stats: 204 0 24
stats: 500 38 114
# stats: dump at 1575497994
stats: users 216 225
stats: {freemem,"tsung_controller@ip-172-31-27-181"} 1 3477.671875 0.0 3524.28125 3477.671875 3510.8020833333335 9
stats: {load,"tsung_controller@ip-172-31-27-181"} 1 0.3203125 0.0 0.3203125 0.0 0.044270833333333336 9
stats: {recvpackets,"tsung_controller@ip-172-31-27-181"} 1 4398.0 0.0 4398 110 1091.0 8
stats: {sentpackets,"tsung_controller@ip-172-31-27-181"} 1 5101.0 0.0 5101 86 1196.375 8
stats: {cpu,"tsung_controller@ip-172-31-27-181"} 1 33.04347826086956 0.0 33.04347826086956 1.3972055888223553 9.164938594862946 9
stats: session 275 4555.922323636359 2649.054342539942 12877.061 1272.378 3812.592383742912 529
stats: users_count 288 1020
stats: finish_users_count 275 804
stats: request 3098 148.99249128469918 808.4178707109504 5311.903 0.975 70.67178776508975 6130
stats: connect 283 3.833936395759723 3.440794886619208 26.459 0.811 3.8653576341127933 727
stats: page 1687 274.26966864256076 1080.3487103838738 5311.903 1.127 122.78074454828662 3531
stats: 302 851 2509
stats: 200 153 645
stats: size_rcv 2569949 9160481
stats: 502 1867 5405
stats: newphase 1 9
stats: 422 149 453
stats: size_sent 2044492 5886381
stats: connected -2 209
stats: 204 0 24
stats: 500 78 192
# stats: dump at 1575498004
stats: users 114 240
stats: {freemem,"tsung_controller@ip-172-31-27-181"} 1 3460.37109375 0.0 3524.28125 3460.37109375 3507.4890625 10
stats: {load,"tsung_controller@ip-172-31-27-181"} 1 0.421875 0.0 0.421875 0.0 0.071875 10
stats: {recvpackets,"tsung_controller@ip-172-31-27-181"} 1 5547.0 0.0 5547 110 1458.4444444444443 9
stats: {sentpackets,"tsung_controller@ip-172-31-27-181"} 1 6372.0 0.0 6372 86 1630.2222222222222 9
stats: {cpu,"tsung_controller@ip-172-31-27-181"} 1 36.27546071774976 0.0 36.27546071774976 1.3972055888223553 11.552792561463608 10
stats: session 325 10762.212993846146 17622.666190616463 66055.952 1181.956 4066.84080845771 804
stats: users_count 223 1243
stats: finish_users_count 325 1129
stats: request 3420 806.218058479528 6193.699804550366 59987.196 0.975 96.96540929778914 9228
stats: connect 233 4.066866952789701 4.106866742606327 29.124 0.803 3.856553465346537 1010
stats: page 1795 1536.5700757660159 8483.492702129866 59987.196 1.127 171.7577117669605 5218
stats: 302 1180 3689
stats: 504 37 37
stats: 200 159 804
stats: size_rcv 3054834 12215315
stats: 502 1738 7143
stats: newphase 0 9
stats: 422 211 664
stats: size_sent 2370666 8257047
stats: connected -92 117
stats: 204 0 24
stats: 500 95 287
# stats: dump at 1575498014
stats: users 27 240
stats: {freemem,"tsung_controller@ip-172-31-27-181"} 1 3458.734375 0.0 3524.28125 3458.734375 3503.2056107954545 11
stats: {load,"tsung_controller@ip-172-31-27-181"} 1 0.4296875 0.0 0.4296875 0.0 0.10369318181818182 11
stats: {recvpackets,"tsung_controller@ip-172-31-27-181"} 1 5683.0 0.0 5683 110 1867.3 10
stats: {sentpackets,"tsung_controller@ip-172-31-27-181"} 1 6179.0 0.0 6372 86 2104.4 10
stats: {cpu,"tsung_controller@ip-172-31-27-181"} 1 37.73946360153257 0.0 37.73946360153257 1.3972055888223553 13.800307848398711 11
stats: session 87 17531.827850574704 20392.383097554633 66055.952 1181.956 5994.206583702388 1129
stats: users_count 0 1243
stats: finish_users_count 87 1216
stats: request 783 1291.6556040868454 7385.20296677918 59987.196 0.975 288.74624897216825 12648
stats: connect 0 0 0 29.124 0.803 3.895976669348353 1243
stats: page 338 2992.540461538463 11011.750611560721 59987.196 1.127 521.0858442891771 7013
stats: 302 473 4162
stats: 504 12 49
stats: 200 0 804
stats: size_rcv 830252 13045567
stats: 502 176 7319
stats: newphase 0 9
stats: 422 66 730
stats: size_sent 597127 8854174
stats: connected -90 27
stats: 204 0 24
stats: 500 56 343
# stats: dump at 1575498024
stats: users 16 240
stats: {freemem,"tsung_controller@ip-172-31-27-181"} 1 3468.203125 0.0 3524.28125 3458.734375 3499.4996744791665 12
stats: {load,"tsung_controller@ip-172-31-27-181"} 1 0.51171875 0.0 0.51171875 0.0 0.130859375 12
stats: {recvpackets,"tsung_controller@ip-172-31-27-181"} 1 863.0 0.0 5683 110 2214.181818181818 11
stats: {sentpackets,"tsung_controller@ip-172-31-27-181"} 1 901.0 0.0 6372 86 2474.818181818182 11
stats: {cpu,"tsung_controller@ip-172-31-27-181"} 1 9.623015873015873 0.0 37.73946360153257 1.3972055888223553 15.7952374944932 12
stats: session 11 61778.20281818183 845.6396832095207 66055.952 1181.956 6819.6778421052595 1216
stats: users_count 0 1243
stats: finish_users_count 11 1227
stats: request 102 8169.6776078431385 20462.662261617985 59987.196 0.975 347.2138258506429 13431
stats: connect 0 0 0 29.124 0.803 3.895976669348353 1243
stats: page 47 17730.21289361703 27188.241208276973 59987.196 1.127 634.7236705210175 7351
stats: 302 67 4229
stats: 504 14 63
stats: 200 0 804
stats: size_rcv 102300 13147867
stats: 502 10 7329
stats: newphase 0 9
stats: 422 11 741
stats: size_sent 73163 8927337
stats: connected -11 16
stats: 204 0 24
stats: 500 0 343
# stats: dump at 1575498030
stats: users 0 240
stats: {freemem,"tsung_controller@ip-172-31-27-181"} 1 3467.7890625 0.0 3524.28125 3458.734375 3497.092247596154 13
stats: {load,"tsung_controller@ip-172-31-27-181"} 1 0.4296875 0.0 0.51171875 0.0 0.16015625 13
stats: {recvpackets,"tsung_controller@ip-172-31-27-181"} 1 196.0 0.0 5683 110 2101.5833333333335 12
stats: {sentpackets,"tsung_controller@ip-172-31-27-181"} 1 206.0 0.0 6372 86 2343.6666666666665 12
stats: {cpu,"tsung_controller@ip-172-31-27-181"} 1 2.1021021021021022 0.0 37.73946360153257 1.3972055888223553 15.320451215918022 13
stats: session 16 63003.708875 1617.2787234642758 66408.569 1181.956 7312.378555012222 1227
stats: users_count 0 1243
stats: finish_users_count 16 1243
stats: request 140 5112.017578571428 16673.63084082256 59987.196 0.975 406.1727636887597 13533
stats: connect 0 0 0 29.124 0.803 3.895976669348353 1243
stats: page 60 11928.311816666663 23819.780412600514 59987.196 1.127 743.3324828331981 7398
stats: 302 105 4334
stats: 504 12 75
stats: 200 0 804
stats: size_rcv 149141 13297008
stats: 502 9 7338
stats: newphase 0 9
stats: 422 14 755
stats: size_sent 107474 9034811
stats: connected -16 0
stats: 204 0 24
stats: 500 0 343
EndMonitor:{1575,498030,954206}
