# stats: dump at 1575521520
stats: users 2 2
stats: {cpu,"tsung_controller@ip-172-31-31-62"} 1 2.3907237018125422 0 2.3907237018125422 2.3907237018125422 0 0
stats: {load,"tsung_controller@ip-172-31-31-62"} 1 0.0 0 0.0 0.0 0 0
stats: {freemem,"tsung_controller@ip-172-31-31-62"} 1 3521.44140625 0 3521.44140625 3521.44140625 0 0
stats: users_count 2 2
stats: finish_users_count 0 0
# stats: dump at 1575521530
stats: users 5 5
stats: {recvpackets,"tsung_controller@ip-172-31-31-62"} 1 18 0 18 18 0 0
stats: {sentpackets,"tsung_controller@ip-172-31-31-62"} 1 21 0 21 21 0 0
stats: {cpu,"tsung_controller@ip-172-31-31-62"} 1 0.5 0.0 2.3907237018125422 0.5 2.3907237018125422 1
stats: {load,"tsung_controller@ip-172-31-31-62"} 1 0.0 0.0 0.0 0.0 0.0 1
stats: {freemem,"tsung_controller@ip-172-31-31-62"} 1 3522.6953125 0.0 3522.6953125 3521.44140625 3521.44140625 1
stats: users_count 3 5
stats: finish_users_count 0 0
stats: request 34 268.5540882352941 435.2909467315995 1926.198 7.526 0 0
stats: connect 5 8.9042 8.086871691822493 24.516 1.32 0 0
stats: page 20 420.6626 661.2168808373997 2544.7 7.526 0 0
stats: 302 13 13
stats: 200 17 17
stats: size_rcv 319802 319802
stats: newphase 1 1
stats: size_sent 31437 31437
stats: connected 5 5
stats: 204 2 2
stats: 500 2 2
# stats: dump at 1575521540
stats: users 10 10
stats: {recvpackets,"tsung_controller@ip-172-31-31-62"} 1 368.0 0.0 368 18 18.0 1
stats: {sentpackets,"tsung_controller@ip-172-31-31-62"} 1 178.0 0.0 178 21 21.0 1
stats: {cpu,"tsung_controller@ip-172-31-31-62"} 1 2.1021021021021022 0.0 2.3907237018125422 0.5 1.4453618509062711 2
stats: {load,"tsung_controller@ip-172-31-31-62"} 1 0.0 0.0 0.0 0.0 0.0 2
stats: {freemem,"tsung_controller@ip-172-31-31-62"} 1 3503.73046875 0.0 3522.6953125 3503.73046875 3522.068359375 2
stats: session 2 15068.936999999998 1549.9500000000003 16618.887 13518.987 0 0
stats: users_count 7 12
stats: finish_users_count 2 2
stats: request 48 892.1100624999999 1975.7511010571752 10204.4 7.526 268.5540882352941 34
stats: connect 7 5.655142857142857 1.5591679492208503 24.516 1.32 8.9042 5
stats: page 30 1351.0253 2516.9113142886745 10262.587 7.526 420.6626 20
stats: 302 18 31
stats: 200 24 41
stats: size_rcv 503967 823769
stats: newphase 0 1
stats: size_sent 45111 76548
stats: connected 5 10
stats: 204 3 5
stats: 500 3 5
# stats: dump at 1575521550
stats: users 23 24
stats: {recvpackets,"tsung_controller@ip-172-31-31-62"} 1 444.0 0.0 444 18 193.0 2
stats: {sentpackets,"tsung_controller@ip-172-31-31-62"} 1 226.0 0.0 226 21 99.5 2
stats: {cpu,"tsung_controller@ip-172-31-31-62"} 1 2.7944111776447107 0.0 2.7944111776447107 0.5 1.6642752679715482 3
stats: {load,"tsung_controller@ip-172-31-31-62"} 1 0.0 0.0 0.0 0.0 0.0 3
stats: {freemem,"tsung_controller@ip-172-31-31-62"} 1 3510.8515625 0.0 3522.6953125 3503.73046875 3515.9557291666665 3
stats: session 3 22196.610666666664 2139.3575511248446 24973.859 13518.987 15068.936999999998 2
stats: users_count 16 28
stats: finish_users_count 3 5
stats: request 61 1580.4880819672128 2520.8962869081674 11406.467 7.526 633.5624634146341 82
stats: connect 16 3.44575 2.380418700039974 24.516 0.862 7.008916666666667 12
stats: page 43 1478.255418604652 2830.7783103551774 11594.837 7.526 978.88022 50
stats: 302 27 58
stats: 200 27 68
stats: size_rcv 435295 1259064
stats: newphase 1 2
stats: size_sent 53093 129641
stats: connected 14 24
stats: 204 2 7
stats: 500 5 10
# stats: dump at 1575521560
stats: users 61 61
stats: {recvpackets,"tsung_controller@ip-172-31-31-62"} 1 520.0 0.0 520 18 276.6666666666667 3
stats: {sentpackets,"tsung_controller@ip-172-31-31-62"} 1 309.0 0.0 309 21 141.66666666666666 3
stats: {cpu,"tsung_controller@ip-172-31-31-62"} 1 3.5785288270377733 0.0 3.5785288270377733 0.5 1.946809245389839 4
stats: {load,"tsung_controller@ip-172-31-31-62"} 1 0.0 0.0 0.0 0.0 0.0 4
stats: {freemem,"tsung_controller@ip-172-31-31-62"} 1 3500.9140625 0.0 3522.6953125 3500.9140625 3514.6796875 4
stats: session 1 25627.361 0.0 25627.361 13518.987 19345.5412 5
stats: users_count 39 67
stats: finish_users_count 1 6
stats: request 97 2213.567432989692 2629.7829910579685 14197.748 4.082 1037.4957692307692 143
stats: connect 35 3.6516285714285717 2.6096125063827755 24.516 0.862 4.972821428571429 28
stats: page 87 2328.525011494253 3709.0464148681335 20421.084 4.082 1209.7741290322585 93
stats: 302 48 106
stats: 200 41 109
stats: size_rcv 700979 1960043
stats: newphase 1 3
stats: size_sent 82337 211978
stats: connected 33 57
stats: 204 1 8
stats: 500 7 17
# stats: dump at 1575521570
stats: users 107 107
stats: {recvpackets,"tsung_controller@ip-172-31-31-62"} 1 950.0 0.0 950 18 337.5 4
stats: {sentpackets,"tsung_controller@ip-172-31-31-62"} 1 640.0 0.0 640 21 183.5 4
stats: {cpu,"tsung_controller@ip-172-31-31-62"} 1 6.8181818181818175 0.0 6.8181818181818175 0.5 2.2731531617194256 5
stats: {load,"tsung_controller@ip-172-31-31-62"} 1 0.0 0.0 0.0 0.0 0.0 5
stats: {freemem,"tsung_controller@ip-172-31-31-62"} 1 3487.30859375 0.0 3522.6953125 3487.30859375 3511.9265625 5
stats: session 3 34536.592666666664 1621.9440097788695 36738.878 13518.987 20392.511166666667 6
stats: users_count 49 116
stats: finish_users_count 3 9
stats: request 132 4000.598886363636 2981.115909543946 21370.28 4.082 1512.8247333333338 240
stats: connect 51 3.0533333333333346 2.724501599801377 24.516 0.826 4.238825396825397 63
stats: page 105 4197.622866666666 4085.9482733950235 23399.524 4.082 1750.5037222222225 180
stats: 302 68 174
stats: 200 39 148
stats: size_rcv 584722 2544765
stats: newphase 1 4
stats: size_sent 127459 339437
stats: connected 48 105
stats: 204 2 10
stats: 500 23 40
# stats: dump at 1575521580
stats: users 164 168
stats: {recvpackets,"tsung_controller@ip-172-31-31-62"} 1 890.0 0.0 950 18 460.0 5
stats: {sentpackets,"tsung_controller@ip-172-31-31-62"} 1 647.0 0.0 647 21 274.8 5
stats: {cpu,"tsung_controller@ip-172-31-31-62"} 1 6.515301085883514 0.0 6.8181818181818175 0.5 3.030657937796491 6
stats: {load,"tsung_controller@ip-172-31-31-62"} 1 0.0703125 0.0 0.0703125 0.0 0.0 6
stats: {freemem,"tsung_controller@ip-172-31-31-62"} 1 3478.01171875 0.0 3522.6953125 3478.01171875 3507.8235677083335 6
stats: session 36 7489.383166666662 9238.495691836304 41944.7 1273.867 25107.205 9
stats: users_count 93 209
stats: finish_users_count 36 45
stats: request 534 1225.6961853932596 2513.1890919030825 21370.28 0.405 2395.583303763441 372
stats: connect 92 2.8840108695652162 2.537361199864438 24.516 0.826 3.708473684210527 114
stats: page 337 1246.4169317507417 2455.884215621761 23399.524 0.47 2652.073933333333 285
stats: 302 52 226
stats: 200 43 191
stats: size_rcv 683188 3227953
stats: newphase 1 5
stats: 422 1 1
stats: 502 435 435
stats: size_sent 279354 618791
stats: connected 58 163
stats: 204 1 11
stats: 500 2 42
# stats: dump at 1575521590
stats: users 214 215
stats: {recvpackets,"tsung_controller@ip-172-31-31-62"} 1 1515.0 0.0 1515 18 531.6666666666666 6
stats: {sentpackets,"tsung_controller@ip-172-31-31-62"} 1 1651.0 0.0 1651 21 336.8333333333333 6
stats: {cpu,"tsung_controller@ip-172-31-31-62"} 1 13.209393346379647 0.0 13.209393346379647 0.5 3.5284641018089227 7
stats: {load,"tsung_controller@ip-172-31-31-62"} 1 0.05859375 0.0 0.0703125 0.0 0.010044642857142858 7
stats: {freemem,"tsung_controller@ip-172-31-31-62"} 1 3483.57421875 0.0 3522.6953125 3478.01171875 3503.5647321428573 7
stats: session 88 7591.576272727272 8897.359734953323 48125.161 1273.867 11012.94753333333 45
stats: users_count 138 347
stats: finish_users_count 88 133
stats: request 1085 1159.3380414746553 3927.591702814138 21370.28 0.405 1706.04718763797 906
stats: connect 137 3.121671532846715 2.5629337264685392 24.516 0.826 3.340266990291262 206
stats: page 623 1678.2029598715903 4833.62049134724 42489.825 0.47 1890.4880659163987 622
stats: 302 55 281
stats: 200 33 224
stats: size_rcv 673419 3901372
stats: newphase 1 6
stats: 422 0 1
stats: 502 997 1432
stats: size_sent 419372 1038163
stats: connected 51 214
stats: 204 0 11
stats: 500 0 42
# stats: dump at 1575521600
stats: users 238 238
stats: {recvpackets,"tsung_controller@ip-172-31-31-62"} 1 2490.0 0.0 2490 18 672.1428571428571 7
stats: {sentpackets,"tsung_controller@ip-172-31-31-62"} 1 2553.0 0.0 2553 21 524.5714285714286 7
stats: {cpu,"tsung_controller@ip-172-31-31-62"} 1 20.34715525554484 0.0 20.34715525554484 0.5 4.738580257380264 8
stats: {load,"tsung_controller@ip-172-31-31-62"} 1 0.2109375 0.0 0.2109375 0.0 0.01611328125 8
stats: {freemem,"tsung_controller@ip-172-31-31-62"} 1 3467.421875 0.0 3522.6953125 3467.421875 3501.06591796875 8
stats: session 165 9288.023418181821 10235.906076543079 50756.296 1223.696 8749.183090225562 133
stats: users_count 189 536
stats: finish_users_count 165 298
stats: request 2181 863.626342044931 2743.0559024536337 21370.28 0.405 1408.116789050729 1991
stats: connect 187 2.943053475935827 2.758576872370369 24.516 0.799 3.252956268221574 343
stats: page 1211 1272.6457819983493 4253.672600985456 42489.825 0.456 1784.2602578313258 1245
stats: 302 140 421
stats: 200 83 307
stats: size_rcv 1511232 5412604
stats: newphase 1 7
stats: 422 22 23
stats: 502 1914 3346
stats: size_sent 1037428 2075591
stats: connected 21 235
stats: 204 0 11
stats: 500 22 64
# stats: dump at 1575521610
stats: users 248 252
stats: {recvpackets,"tsung_controller@ip-172-31-31-62"} 1 3933.0 0.0 3933 18 899.375 8
stats: {sentpackets,"tsung_controller@ip-172-31-31-62"} 1 4470.0 0.0 4470 21 778.125 8
stats: {cpu,"tsung_controller@ip-172-31-31-62"} 1 31.054131054131055 0.0 31.054131054131055 0.5 6.4728663682874386 9
stats: {load,"tsung_controller@ip-172-31-31-62"} 1 0.328125 0.0 0.328125 0.0 0.037760416666666664 9
stats: {freemem,"tsung_controller@ip-172-31-31-62"} 1 3463.51953125 0.0 3522.6953125 3463.51953125 3497.327690972222 9
stats: session 249 11668.38732128514 14870.826998621982 64258.351 1123.063 9047.534278523492 298
stats: users_count 259 795
stats: finish_users_count 249 547
stats: request 2831 668.3217749911696 2298.7864033098176 21370.28 0.405 1123.473053451581 4172
stats: connect 255 3.4386 3.645073108387567 24.516 0.799 3.143613207547169 530
stats: page 1515 1312.7177511551167 4973.669481617016 46809.742 0.456 1531.9943253257336 2456
stats: 302 149 570
stats: 200 34 341
stats: size_rcv 1443786 6856390
stats: newphase 1 8
stats: 422 40 63
stats: 502 2568 5914
stats: size_sent 1074173 3149764
stats: connected 8 243
stats: 204 0 11
stats: 500 40 104
# stats: dump at 1575521620
stats: users 265 278
stats: {recvpackets,"tsung_controller@ip-172-31-31-62"} 1 4923.0 0.0 4923 18 1236.4444444444443 9
stats: {sentpackets,"tsung_controller@ip-172-31-31-62"} 1 5661.0 0.0 5661 21 1188.3333333333333 9
stats: {cpu,"tsung_controller@ip-172-31-31-62"} 1 37.096774193548384 0.0 37.096774193548384 0.5 8.9309928368718 10
stats: {load,"tsung_controller@ip-172-31-31-62"} 1 0.66015625 0.0 0.66015625 0.0 0.066796875 10
stats: {freemem,"tsung_controller@ip-172-31-31-62"} 1 3460.2109375 0.0 3522.6953125 3460.2109375 3493.946875 10
stats: session 308 12169.603730519468 15095.100660976026 75811.25 1070.676 10240.573414990859 547
stats: users_count 325 1120
stats: finish_users_count 308 855
stats: request 3310 557.0100655589156 1662.29977546476 39099.129 0.405 939.4757281165212 7003
stats: connect 331 3.71804833836858 3.6385207110075353 24.516 0.778 3.239436942675159 785
stats: page 1831 1219.341830147461 4064.742167552856 49604.083 0.45 1448.336805842358 3971
stats: 302 395 965
stats: 200 64 405
stats: size_rcv 1550265 8406655
stats: newphase 1 9
stats: 422 116 179
stats: 502 2697 8611
stats: size_sent 1385108 4534872
stats: connected 23 266
stats: 204 0 11
stats: 500 38 142
# stats: dump at 1575521630
stats: users 290 290
stats: {recvpackets,"tsung_controller@ip-172-31-31-62"} 1 6246.0 0.0 6246 18 1605.1 10
stats: {sentpackets,"tsung_controller@ip-172-31-31-62"} 1 6847.0 0.0 6847 21 1635.6 10
stats: {cpu,"tsung_controller@ip-172-31-31-62"} 1 40.62205466540999 0.0 40.62205466540999 0.5 11.49151841475149 11
stats: {load,"tsung_controller@ip-172-31-31-62"} 1 0.640625 0.0 0.66015625 0.0 0.12073863636363637 11
stats: {freemem,"tsung_controller@ip-172-31-31-62"} 1 3466.140625 0.0 3522.6953125 3460.2109375 3490.879971590909 11
stats: session 77 5961.622103896107 7750.132773906227 75811.25 1070.676 10935.475563742684 855
stats: users_count 102 1222
stats: finish_users_count 77 932
stats: request 1120 469.7139008928573 1131.1892342870128 39099.129 0.405 816.7217920100851 10313
stats: connect 106 3.3706603773584884 3.3509359742502376 24.516 0.778 3.381390681003584 1116
stats: page 662 808.3095483383681 1633.9915435908424 49604.083 0.45 1376.0703803860745 5802
stats: 302 27 992
stats: 200 8 413
stats: size_rcv 383779 8790434
stats: newphase 0 9
stats: 422 5 184
stats: 502 1077 9688
stats: size_sent 507933 5042805
stats: connected 24 290
stats: 204 1 12
stats: 500 2 144
# stats: dump at 1575521640
stats: users 288 290
stats: {recvpackets,"tsung_controller@ip-172-31-31-62"} 1 1306.0 0.0 6246 18 2027.0 11
stats: {sentpackets,"tsung_controller@ip-172-31-31-62"} 1 1418.0 0.0 6847 21 2109.3636363636365 11
stats: {cpu,"tsung_controller@ip-172-31-31-62"} 1 9.350393700787402 0.0 40.62205466540999 0.5 13.919063102306366 12
stats: {load,"tsung_controller@ip-172-31-31-62"} 1 0.5390625 0.0 0.66015625 0.0 0.1640625 12
stats: {freemem,"tsung_controller@ip-172-31-31-62"} 1 3468.95703125 0.0 3522.6953125 3460.2109375 3488.818359375 12
stats: session 2 17100.283499999998 1741.2475000000004 75811.25 1070.676 10524.545610515017 932
stats: users_count 0 1222
stats: finish_users_count 2 934
stats: request 95 10701.328663157898 2626.8022349888174 39099.129 0.405 782.7281912009103 11433
stats: connect 0 0 0 24.516 0.778 3.380459901800327 1222
stats: page 56 11539.957553571428 1932.8064212441645 49604.083 0.45 1317.9240823019807 6464
stats: 302 0 992
stats: 200 0 413
stats: size_rcv 29830 8820264
stats: newphase 0 9
stats: 422 0 184
stats: 502 95 9783
stats: size_sent 23528 5066333
stats: connected -2 288
stats: 204 0 12
stats: 500 0 144
# stats: dump at 1575521650
stats: users 288 290
stats: {recvpackets,"tsung_controller@ip-172-31-31-62"} 1 188.0 0.0 6246 18 1966.9166666666667 12
stats: {sentpackets,"tsung_controller@ip-172-31-31-62"} 1 150.0 0.0 6847 21 2051.75 12
stats: {cpu,"tsung_controller@ip-172-31-31-62"} 1 1.1011011011011012 0.0 40.62205466540999 0.5 13.567626994497214 13
stats: {load,"tsung_controller@ip-172-31-31-62"} 1 0.44921875 0.0 0.66015625 0.0 0.19290865384615385 13
stats: {freemem,"tsung_controller@ip-172-31-31-62"} 1 3469.05078125 0.0 3522.6953125 3460.2109375 3487.290564903846 13
stats: session 0 0 0 75811.25 1070.676 10538.62641970021 934
stats: users_count 0 1222
stats: finish_users_count 0 934
stats: request 47 14831.678978723403 1392.1676754215252 39099.129 0.405 864.4654435288002 11528
stats: connect 0 0 0 24.516 0.778 3.380459901800327 1222
stats: page 33 14862.386121212117 1650.2856311945704 49604.083 0.45 1405.7206888036815 6520
stats: 302 0 992
stats: 200 0 413
stats: size_rcv 14758 8835022
stats: newphase 0 9
stats: 422 0 184
stats: 502 47 9830
stats: size_sent 19584 5085917
stats: connected 0 288
stats: 204 0 12
stats: 500 0 144
# stats: dump at 1575521660
stats: users 284 290
stats: {recvpackets,"tsung_controller@ip-172-31-31-62"} 1 618.0 0.0 6246 18 1830.076923076923 13
stats: {sentpackets,"tsung_controller@ip-172-31-31-62"} 1 392.0 0.0 6847 21 1905.4615384615386 13
stats: {cpu,"tsung_controller@ip-172-31-31-62"} 1 2.3952095808383236 0.0 40.62205466540999 0.5 12.677160859254636 14
stats: {load,"tsung_controller@ip-172-31-31-62"} 1 0.37890625 0.0 0.66015625 0.0 0.21121651785714285 14
stats: {freemem,"tsung_controller@ip-172-31-31-62"} 1 3469.03125 0.0 3522.6953125 3460.2109375 3485.987723214286 14
stats: session 4 33269.727 3655.5888140836496 75811.25 1070.676 10538.62641970021 934
stats: users_count 0 1222
stats: finish_users_count 4 938
stats: request 287 4339.895916376305 5111.262517594483 39099.129 0.405 921.1789671706272 11575
stats: connect 0 0 0 24.516 0.778 3.380459901800327 1222
stats: page 56 10286.716625000003 6896.701404833822 49604.083 0.45 1473.4865913322146 6553
stats: 302 0 992
stats: 200 0 413
stats: size_rcv 90118 8925140
stats: newphase 0 9
stats: 422 0 184
stats: 502 287 10117
stats: size_sent 74680 5160597
stats: connected -4 284
stats: 204 0 12
stats: 500 0 144
# stats: dump at 1575521670
stats: users 284 290
stats: {recvpackets,"tsung_controller@ip-172-31-31-62"} 1 54.0 0.0 6246 18 1743.5 14
stats: {sentpackets,"tsung_controller@ip-172-31-31-62"} 1 29.0 0.0 6847 21 1797.357142857143 14
stats: {cpu,"tsung_controller@ip-172-31-31-62"} 1 0.5 0.0 40.62205466540999 0.5 11.991697440693548 15
stats: {load,"tsung_controller@ip-172-31-31-62"} 1 0.3203125 0.0 0.66015625 0.0 0.22239583333333332 15
stats: {freemem,"tsung_controller@ip-172-31-31-62"} 1 3468.97265625 0.0 3522.6953125 3460.2109375 3484.8572916666667 15
stats: session 0 0 0 75811.25 1070.676 10635.560750533044 938
stats: users_count 0 1222
stats: finish_users_count 0 938
stats: request 22 16168.40495454546 6781.239648211691 44426.233 0.405 1003.8945096105217 11862
stats: connect 0 0 0 24.516 0.778 3.380459901800327 1222
stats: page 2 30519.9225 13906.3105 49604.083 0.45 1548.16368043577 6609
stats: 302 0 992
stats: 200 0 413
stats: size_rcv 6908 8932048
stats: newphase 0 9
stats: 422 0 184
stats: 502 22 10139
stats: size_sent 5542 5166139
stats: connected 0 284
stats: 204 0 12
stats: 500 0 144
# stats: dump at 1575521680
stats: users 281 290
stats: {recvpackets,"tsung_controller@ip-172-31-31-62"} 1 45.0 0.0 6246 18 1630.8666666666666 15
stats: {sentpackets,"tsung_controller@ip-172-31-31-62"} 1 25.0 0.0 6847 21 1679.4666666666667 15
stats: {cpu,"tsung_controller@ip-172-31-31-62"} 1 0.5982053838484547 0.0 40.62205466540999 0.5 11.273466350650201 16
stats: {load,"tsung_controller@ip-172-31-31-62"} 1 0.26953125 0.0 0.66015625 0.0 0.228515625 16
stats: {freemem,"tsung_controller@ip-172-31-31-62"} 1 3469.03125 0.0 3522.6953125 3460.2109375 3483.864501953125 16
stats: session 3 119491.10766666666 8818.276096381895 126464.968 1070.676 10635.560750533044 938
stats: users_count 0 1222
stats: finish_users_count 3 941
stats: request 137 17873.23166423359 10702.196845682027 79779.304 0.405 1031.9674841804112 11884
stats: connect 0 0 0 24.516 0.778 3.380459901800327 1222
stats: page 46 42304.01239130434 13917.754196312286 81256.44 0.45 1556.9283934351845 6611
stats: 302 0 992
stats: 504 3 3
stats: 200 0 413
stats: size_rcv 43063 8975111
stats: newphase 0 9
stats: 422 0 184
stats: 502 134 10273
stats: size_sent 36302 5202441
stats: connected -3 281
stats: 204 0 12
stats: 500 0 144
# stats: dump at 1575521690
stats: users 269 290
stats: {recvpackets,"tsung_controller@ip-172-31-31-62"} 1 278.0 0.0 6246 18 1531.75 16
stats: {sentpackets,"tsung_controller@ip-172-31-31-62"} 1 150.0 0.0 6847 21 1576.0625 16
stats: {cpu,"tsung_controller@ip-172-31-31-62"} 1 1.2 0.0 40.62205466540999 0.5 10.645509823191276 17
stats: {load,"tsung_controller@ip-172-31-31-62"} 1 0.23046875 0.0 0.66015625 0.0 0.2309283088235294 17
stats: {freemem,"tsung_controller@ip-172-31-31-62"} 1 3469.0 0.0 3522.6953125 3460.2109375 3482.9919577205883 17
stats: session 12 69098.01925000003 3303.8142730358827 126464.968 1070.676 10982.602876726882 941
stats: users_count 0 1222
stats: finish_users_count 12 953
stats: request 152 11601.088499999998 6996.045898035154 79779.304 0.405 1223.90269694701 12021
stats: connect 0 0 0 24.516 0.778 3.380459901800327 1222
stats: page 54 35170.311648148156 13408.745124061932 81256.44 0.45 1838.4915395823953 6657
stats: 302 0 992
stats: 504 1 4
stats: 200 0 413
stats: size_rcv 47743 9022854
stats: newphase 0 9
stats: 422 0 184
stats: 502 151 10424
stats: size_sent 38680 5241121
stats: connected -12 269
stats: 204 0 12
stats: 500 0 144
# stats: dump at 1575521700
stats: users 235 290
stats: {recvpackets,"tsung_controller@ip-172-31-31-62"} 1 323.0 0.0 6246 18 1458.0 17
stats: {sentpackets,"tsung_controller@ip-172-31-31-62"} 1 177.0 0.0 6847 21 1492.1764705882354 17
stats: {cpu,"tsung_controller@ip-172-31-31-62"} 1 1.7000000000000002 0.0 40.62205466540999 0.5 10.120759277458426 18
stats: {load,"tsung_controller@ip-172-31-31-62"} 1 0.19921875 0.0 0.66015625 0.0 0.2309027777777778 18
stats: {freemem,"tsung_controller@ip-172-31-31-62"} 1 3468.88671875 0.0 3522.6953125 3460.2109375 3482.2146267361113 18
stats: session 34 88442.27667647059 19951.73303767289 135006.815 1070.676 11714.381466946481 953
stats: users_count 0 1222
stats: finish_users_count 34 987
stats: request 191 61007.471434555 24110.18103001539 79779.304 0.405 1353.4789921958438 12173
stats: connect 0 0 0 24.516 0.778 3.380459901800327 1222
stats: page 120 65369.4531 19249.81012945578 124453.214 0.45 2106.695724631203 6711
stats: 302 0 992
stats: 504 157 161
stats: 200 0 413
stats: size_rcv 62329 9085183
stats: newphase 0 9
stats: 422 0 184
stats: 502 34 10458
stats: size_sent 86961 5328082
stats: connected -34 235
stats: 204 0 12
stats: 500 0 144
# stats: dump at 1575521710
stats: users 170 290
stats: {recvpackets,"tsung_controller@ip-172-31-31-62"} 1 401.0 0.0 6246 18 1394.9444444444443 18
stats: {sentpackets,"tsung_controller@ip-172-31-31-62"} 1 286.0 0.0 6847 21 1419.111111111111 18
stats: {cpu,"tsung_controller@ip-172-31-31-62"} 1 1.7999999999999998 0.0 40.62205466540999 0.5 9.677561420750088 19
stats: {load,"tsung_controller@ip-172-31-31-62"} 1 0.16015625 0.0 0.66015625 0.0 0.22923519736842105 19
stats: {freemem,"tsung_controller@ip-172-31-31-62"} 1 3469.0546875 0.0 3522.6953125 3460.2109375 3481.5131578947367 19
stats: session 65 91623.56527692308 13740.501023711735 153900.062 1070.676 14357.490319148932 987
stats: users_count 0 1222
stats: finish_users_count 65 1052
stats: request 361 11045.19173961219 4576.817426362108 79779.304 0.405 2275.018344872211 12364
stats: connect 0 0 0 24.516 0.778 3.380459901800327 1222
stats: page 189 40161.469941798925 30394.856121810004 128607.542 0.45 3218.0309442248576 6831
stats: 302 0 992
stats: 504 0 161
stats: 200 0 413
stats: size_rcv 113354 9198537
stats: newphase 0 9
stats: 422 0 184
stats: 502 361 10819
stats: size_sent 135393 5463475
stats: connected -64 171
stats: 204 0 12
stats: 500 0 144
# stats: dump at 1575521720
stats: users 162 290
stats: {recvpackets,"tsung_controller@ip-172-31-31-62"} 1 797.0 0.0 6246 18 1342.6315789473683 19
stats: {sentpackets,"tsung_controller@ip-172-31-31-62"} 1 558.0 0.0 6847 21 1359.4736842105262 19
stats: {cpu,"tsung_controller@ip-172-31-31-62"} 1 3.2 0.0 40.62205466540999 0.5 9.283683349712584 20
stats: {load,"tsung_controller@ip-172-31-31-62"} 1 0.140625 0.0 0.66015625 0.0 0.22578125 20
stats: {freemem,"tsung_controller@ip-172-31-31-62"} 1 3468.9765625 0.0 3522.6953125 3460.2109375 3480.890234375 20
stats: session 8 100764.46100000001 4132.985532031932 153900.062 1070.676 19131.534874524714 1052
stats: users_count 0 1222
stats: finish_users_count 8 1060
stats: request 72 10257.880875000004 1762.970573792772 79779.304 0.405 2523.82247811395 12725
stats: connect 0 0 0 24.516 0.778 3.380459901800327 1222
stats: page 32 24620.87634375 26470.828970166036 128607.542 0.45 4212.6619941595445 7020
stats: 302 0 992
stats: 504 0 161
stats: 200 0 413
stats: size_rcv 22608 9221145
stats: newphase 0 9
stats: 422 0 184
stats: 502 72 10891
stats: size_sent 32674 5496149
stats: connected -9 162
stats: 204 0 12
stats: 500 0 144
# stats: dump at 1575521730
stats: users 71 290
stats: {recvpackets,"tsung_controller@ip-172-31-31-62"} 1 162.0 0.0 6246 18 1315.35 20
stats: {sentpackets,"tsung_controller@ip-172-31-31-62"} 1 110.0 0.0 6847 21 1319.4 20
stats: {cpu,"tsung_controller@ip-172-31-31-62"} 1 1.1976047904191618 0.0 40.62205466540999 0.5 8.993984142583413 21
stats: {load,"tsung_controller@ip-172-31-31-62"} 1 0.12109375 0.0 0.66015625 0.0 0.22172619047619047 21
stats: {freemem,"tsung_controller@ip-172-31-31-62"} 1 3469.0859375 0.0 3522.6953125 3460.2109375 3480.3229166666665 21
stats: session 91 112911.12161538463 15593.199489665054 169906.695 1070.676 19747.632430188678 1060
stats: users_count 0 1222
stats: finish_users_count 91 1151
stats: request 465 5636.1094215053745 5576.526012659259 79779.304 0.405 2567.3367552551395 12797
stats: connect 0 0 0 24.516 0.778 3.380459901800327 1222
stats: page 178 27619.27346067418 28067.942825728147 128607.542 0.45 4305.268752410664 7052
stats: 302 0 992
stats: 504 0 161
stats: 200 0 413
stats: size_rcv 146010 9367155
stats: newphase 0 9
stats: 422 0 184
stats: 502 465 11356
stats: size_sent 166093 5662242
stats: connected -91 71
stats: 204 0 12
stats: 500 0 144
# stats: dump at 1575521734
stats: users 0 290
stats: {recvpackets,"tsung_controller@ip-172-31-31-62"} 1 1516.0 0.0 6246 18 1260.4285714285713 21
stats: {sentpackets,"tsung_controller@ip-172-31-31-62"} 1 995.0 0.0 6847 21 1261.8095238095239 21
stats: {cpu,"tsung_controller@ip-172-31-31-62"} 1 4.491017964071856 0.0 40.62205466540999 0.5 8.639603262939582 22
stats: {load,"tsung_controller@ip-172-31-31-62"} 1 0.1015625 0.0 0.66015625 0.0 0.21715198863636365 22
stats: {freemem,"tsung_controller@ip-172-31-31-62"} 1 3470.61328125 0.0 3522.6953125 3460.2109375 3479.8121448863635 22
stats: session 71 114313.76271830987 3656.631307773294 169906.695 1070.676 27113.294911381407 1151
stats: users_count 0 1222
stats: finish_users_count 71 1222
stats: request 180 560.7844444444443 571.0402718581163 79779.304 0.405 2674.9358571859466 13262
stats: connect 0 0 0 24.516 0.778 3.380459901800327 1222
stats: page 102 3020.661401960784 4177.229436627302 128607.542 0.45 4879.251164315353 7230
stats: 302 0 992
stats: 504 0 161
stats: 200 0 413
stats: size_rcv 56520 9423675
stats: newphase 0 9
stats: 422 0 184
stats: 502 180 11536
stats: size_sent 37041 5699283
stats: connected -71 0
stats: 204 0 12
stats: 500 0 144
EndMonitor:{1575,521734,64043}
