# stats: dump at 1575520682
stats: users 5 5
stats: {cpu,"tsung_controller@ip-172-31-31-62"} 1 1.7845883129261677 0 1.7845883129261677 1.7845883129261677 0 0
stats: {load,"tsung_controller@ip-172-31-31-62"} 1 0.0 0 0.0 0.0 0 0
stats: {freemem,"tsung_controller@ip-172-31-31-62"} 1 3523.015625 0 3523.015625 3523.015625 0 0
stats: users_count 5 5
stats: finish_users_count 0 0
stats: request 14 109.9825 204.5825363150705 780.266 7.098 0 0
stats: connect 5 7.0367999999999995 8.738732777697232 24.016 1.388 0 0
stats: page 9 163.98366666666666 277.0123413083091 891.099 7.098 0 0
stats: 302 6 6
stats: 200 6 6
stats: size_rcv 32673 32673
stats: size_sent 12682 12682
stats: connected 5 5
stats: 204 1 1
stats: 500 1 1
# stats: dump at 1575520692
stats: users 10 10
stats: {recvpackets,"tsung_controller@ip-172-31-31-62"} 1 88 0 88 88 0 0
stats: {sentpackets,"tsung_controller@ip-172-31-31-62"} 1 66 0 66 66 0 0
stats: {cpu,"tsung_controller@ip-172-31-31-62"} 1 1.3972055888223553 0.0 1.7845883129261677 1.3972055888223553 1.7845883129261677 1
stats: {load,"tsung_controller@ip-172-31-31-62"} 1 0.0 0.0 0.0 0.0 0.0 1
stats: {freemem,"tsung_controller@ip-172-31-31-62"} 1 3520.14453125 0.0 3523.015625 3520.14453125 3523.015625 1
stats: session 2 6466.7145 1923.6005000000005 8390.315 4543.114 0 0
stats: users_count 7 12
stats: finish_users_count 2 2
stats: request 42 189.43949999999998 438.3905811218951 1907.38 6.587 109.9825 14
stats: connect 7 6.094714285714287 4.4908038642250645 24.016 1.296 7.0367999999999995 5
stats: page 27 293.8319259259259 547.2328954911466 1974.458 6.587 163.98366666666666 9
stats: 302 15 21
stats: 200 21 27
stats: size_rcv 172914 205587
stats: newphase 1 1
stats: size_sent 36876 49558
stats: connected 5 10
stats: 204 3 4
stats: 500 3 4
# stats: dump at 1575520702
stats: users 19 19
stats: {recvpackets,"tsung_controller@ip-172-31-31-62"} 1 223.0 0.0 223 88 88.0 1
stats: {sentpackets,"tsung_controller@ip-172-31-31-62"} 1 180.0 0.0 180 66 66.0 1
stats: {cpu,"tsung_controller@ip-172-31-31-62"} 1 1.503006012024048 0.0 1.7845883129261677 1.3972055888223553 1.5908969508742614 2
stats: {load,"tsung_controller@ip-172-31-31-62"} 1 0.0 0.0 0.0 0.0 0.0 2
stats: {freemem,"tsung_controller@ip-172-31-31-62"} 1 3517.83984375 0.0 3523.015625 3517.83984375 3521.580078125 2
stats: session 7 6557.4472857142855 710.1487126073796 8390.315 4543.114 6466.7145 2
stats: users_count 16 28
stats: finish_users_count 7 9
stats: request 132 245.51568181818175 566.4844719395992 2821.07 6.3 169.57525 56
stats: connect 15 5.178866666666667 3.13168101540087 24.016 1.24 6.48725 12
stats: page 76 421.94784210526313 730.9009171287217 2879.178 6.3 261.36986111111105 36
stats: 302 43 64
stats: 200 69 96
stats: size_rcv 599603 805190
stats: newphase 1 2
stats: size_sent 115576 165134
stats: connected 8 18
stats: 204 10 14
stats: 500 10 14
# stats: dump at 1575520712
stats: users 40 40
stats: {recvpackets,"tsung_controller@ip-172-31-31-62"} 1 687.0 0.0 687 88 155.5 2
stats: {sentpackets,"tsung_controller@ip-172-31-31-62"} 1 483.0 0.0 483 66 123.0 2
stats: {cpu,"tsung_controller@ip-172-31-31-62"} 1 4.870775347912525 0.0 4.870775347912525 1.3972055888223553 1.5615999712575235 3
stats: {load,"tsung_controller@ip-172-31-31-62"} 1 0.0 0.0 0.0 0.0 0.0 3
stats: {freemem,"tsung_controller@ip-172-31-31-62"} 1 3509.82421875 0.0 3523.015625 3509.82421875 3520.3333333333335 3
stats: session 13 8971.753461538461 1557.0980897145532 12435.045 4543.114 6537.2844444444445 9
stats: users_count 34 62
stats: finish_users_count 13 22
stats: request 221 664.3435248868776 2350.8468418465354 30701.89 6.22 222.89512765957443 188
stats: connect 34 5.254794117647059 2.457318155314038 24.016 1.2 5.760370370370372 27
stats: page 136 1006.953477941176 2938.449536738751 30701.89 6.22 370.3334910714285 112
stats: 302 78 142
stats: 200 112 208
stats: size_rcv 1111890 1917080
stats: newphase 1 3
stats: size_sent 191972 357106
stats: connected 21 39
stats: 204 14 28
stats: 500 17 31
# stats: dump at 1575520722
stats: users 103 103
stats: {recvpackets,"tsung_controller@ip-172-31-31-62"} 1 1211.0 0.0 1211 88 332.6666666666667 3
stats: {sentpackets,"tsung_controller@ip-172-31-31-62"} 1 878.0 0.0 878 66 243.0 3
stats: {cpu,"tsung_controller@ip-172-31-31-62"} 1 8.234126984126984 0.0 8.234126984126984 1.3972055888223553 2.388893815421274 4
stats: {load,"tsung_controller@ip-172-31-31-62"} 1 0.0 0.0 0.0 0.0 0.0 4
stats: {freemem,"tsung_controller@ip-172-31-31-62"} 1 3500.94140625 0.0 3523.015625 3500.94140625 3517.7060546875 4
stats: session 6 11416.527499999998 2498.911220234241 14407.607 4543.114 7975.834318181817 22
stats: users_count 69 131
stats: finish_users_count 6 28
stats: request 241 927.1820248962656 1770.3179150160047 30701.89 4.903 461.4283691931539 409
stats: connect 66 4.742742424242424 3.1577662142656724 24.016 1.063 5.478573770491804 61
stats: page 178 1104.4644606741579 2027.8579448693993 30701.89 5.038 719.4476774193545 248
stats: 302 117 259
stats: 200 94 302
stats: size_rcv 791232 2708312
stats: newphase 1 4
stats: 422 3 3
stats: size_sent 210590 567696
stats: connected 60 99
stats: 204 8 36
stats: 500 19 50
# stats: dump at 1575520732
stats: users 187 187
stats: {recvpackets,"tsung_controller@ip-172-31-31-62"} 1 1036.0 0.0 1211 88 552.25 4
stats: {sentpackets,"tsung_controller@ip-172-31-31-62"} 1 941.0 0.0 941 66 401.75 4
stats: {cpu,"tsung_controller@ip-172-31-31-62"} 1 8.794466403162057 0.0 8.794466403162057 1.3972055888223553 3.557940449162416 5
stats: {load,"tsung_controller@ip-172-31-31-62"} 1 0.0 0.0 0.0 0.0 0.0 5
stats: {freemem,"tsung_controller@ip-172-31-31-62"} 1 3493.81640625 0.0 3523.015625 3493.81640625 3514.353125 5
stats: session 2 29666.7195 20543.616500000004 50210.336 4543.114 8713.125714285712 28
stats: users_count 86 217
stats: finish_users_count 2 30
stats: request 147 3770.500768707483 5350.701976311238 49175.918 4.903 634.1154938461539 650
stats: connect 88 3.9589659090909093 2.6257601040151797 24.016 0.949 5.096173228346457 127
stats: page 126 3597.1814126984113 5457.862839667446 49175.918 5.038 880.323234741784 426
stats: 302 63 322
stats: 200 41 343
stats: size_rcv 327470 3035782
stats: newphase 1 5
stats: 422 1 4
stats: size_sent 155730 723426
stats: connected 86 185
stats: 204 0 36
stats: 500 42 92
# stats: dump at 1575520742
stats: users 322 322
stats: {recvpackets,"tsung_controller@ip-172-31-31-62"} 1 694.0 0.0 1211 88 649.0 5
stats: {sentpackets,"tsung_controller@ip-172-31-31-62"} 1 731.0 0.0 941 66 509.6 5
stats: {cpu,"tsung_controller@ip-172-31-31-62"} 1 7.662082514734774 0.0 8.794466403162057 1.3972055888223553 4.430694774829022 6
stats: {load,"tsung_controller@ip-172-31-31-62"} 1 0.0 0.0 0.0 0.0 0.0 6
stats: {freemem,"tsung_controller@ip-172-31-31-62"} 1 3483.16796875 0.0 3523.015625 3483.16796875 3510.9303385416665 6
stats: session 1 31654.094 0.0 50210.336 4543.114 10110.031966666664 30
stats: users_count 136 353
stats: finish_users_count 1 31
stats: request 130 7685.914107692308 5950.717253767615 59574.242 4.903 1212.5955884567127 797
stats: connect 133 3.5340827067669194 2.6086105685637997 24.016 0.93 4.630711627906977 215
stats: page 110 7841.742363636364 6469.086912535876 59574.242 5.038 1500.475644927536 552
stats: 302 71 393
stats: 504 1 1
stats: 200 19 362
stats: size_rcv 234555 3270337
stats: newphase 1 6
stats: 422 1 5
stats: size_sent 140395 863821
stats: connected 132 317
stats: 204 0 36
stats: 500 38 130
# stats: dump at 1575520752
stats: users 504 504
stats: {recvpackets,"tsung_controller@ip-172-31-31-62"} 1 797.0 0.0 1211 88 656.5 6
stats: {sentpackets,"tsung_controller@ip-172-31-31-62"} 1 902.0 0.0 941 66 546.5 6
stats: {cpu,"tsung_controller@ip-172-31-31-62"} 1 9.34761441090555 0.0 9.34761441090555 1.3972055888223553 4.892321594815558 7
stats: {load,"tsung_controller@ip-172-31-31-62"} 1 0.0 0.0 0.0 0.0 0.0 7
stats: {freemem,"tsung_controller@ip-172-31-31-62"} 1 3467.234375 0.0 3523.015625 3467.234375 3506.964285714286 7
stats: session 4 45953.292 2048.6017949475913 50210.336 4543.114 10805.001709677415 31
stats: users_count 186 539
stats: finish_users_count 4 35
stats: request 191 12131.036539267012 5381.879674175333 59574.242 4.903 2120.3964595469256 927
stats: connect 184 3.6001684782608687 3.1319481329493057 24.016 0.927 4.211597701149427 348
stats: page 171 12035.461947368422 5666.471560265576 59574.242 5.038 2554.1604471299092 662
stats: 302 126 519
stats: 504 0 1
stats: 200 34 396
stats: size_rcv 412760 3683097
stats: newphase 1 7
stats: 422 0 5
stats: size_sent 179346 1043167
stats: connected 180 497
stats: 204 0 36
stats: 500 31 161
# stats: dump at 1575520762
stats: users 744 750
stats: {recvpackets,"tsung_controller@ip-172-31-31-62"} 1 1.2e3 0.0 1211 88 676.5714285714286 7
stats: {sentpackets,"tsung_controller@ip-172-31-31-62"} 1 1301.0 0.0 1301 66 597.2857142857143 7
stats: {cpu,"tsung_controller@ip-172-31-31-62"} 1 11.833171677982541 0.0 11.833171677982541 1.3972055888223553 5.449233196826807 8
stats: {load,"tsung_controller@ip-172-31-31-62"} 1 0.0 0.0 0.0 0.0 0.0 8
stats: {freemem,"tsung_controller@ip-172-31-31-62"} 1 3451.40625 0.0 3523.015625 3451.40625 3501.998046875 8
stats: session 42 14699.622571428572 18065.98275352602 85853.64 1394.274 14821.949171428569 35
stats: users_count 282 821
stats: finish_users_count 42 77
stats: request 863 3513.782210892236 7485.167470907727 59742.056 0.961 3830.622090339892 1118
stats: connect 287 3.264257839721254 2.7037632033244114 24.016 0.859 4.0001259398496245 532
stats: page 621 4472.499550724634 8345.023623392648 59742.056 1.202 4500.502051620648 833
stats: 302 136 655
stats: 504 1 2
stats: 200 38 434
stats: size_rcv 562003 4245100
stats: newphase 1 8
stats: 422 0 5
stats: 502 666 666
stats: size_sent 451247 1494414
stats: connected 252 749
stats: 204 0 36
stats: 500 22 183
# stats: dump at 1575520772
stats: users 780 789
stats: {recvpackets,"tsung_controller@ip-172-31-31-62"} 1 2624.0 0.0 2624 88 742.0 8
stats: {sentpackets,"tsung_controller@ip-172-31-31-62"} 1 3257.0 0.0 3257 66 685.25 8
stats: {cpu,"tsung_controller@ip-172-31-31-62"} 1 24.976348155156103 0.0 24.976348155156103 1.3972055888223553 6.1585596947329995 9
stats: {load,"tsung_controller@ip-172-31-31-62"} 1 0.078125 0.0 0.078125 0.0 0.0 9
stats: {freemem,"tsung_controller@ip-172-31-31-62"} 1 3426.2265625 0.0 3523.015625 3426.2265625 3496.3767361111113 9
stats: session 284 12823.874876760565 15167.02643150921 85853.64 1380.337 14755.225571428571 77
stats: users_count 320 1141
stats: finish_users_count 284 361
stats: request 3727 981.018411322779 4774.576698883656 59742.056 0.882 3692.594419485108 1981
stats: connect 312 4.571605769230765 3.7993630397796476 24.016 0.859 3.742257631257631 819
stats: page 2105 1753.6281092636566 6468.883014027714 59742.056 1.043 4488.5422489683615 1454
stats: 302 95 750
stats: 504 3 5
stats: 200 45 479
stats: size_rcv 1452236 5697336
stats: newphase 1 9
stats: 422 0 5
stats: 502 3567 4233
stats: size_sent 1490463 2984877
stats: connected 30 779
stats: 204 0 36
stats: 500 17 200
# stats: dump at 1575520782
stats: users 665 789
stats: {recvpackets,"tsung_controller@ip-172-31-31-62"} 1 6104.0 0.0 6104 88 951.1111111111111 9
stats: {sentpackets,"tsung_controller@ip-172-31-31-62"} 1 7499.0 0.0 7499 66 971.0 9
stats: {cpu,"tsung_controller@ip-172-31-31-62"} 1 38.7546468401487 0.0 38.7546468401487 1.3972055888223553 8.04033854077531 10
stats: {load,"tsung_controller@ip-172-31-31-62"} 1 0.23046875 0.0 0.23046875 0.0 0.0078125 10
stats: {freemem,"tsung_controller@ip-172-31-31-62"} 1 3422.55078125 0.0 3523.015625 3422.55078125 3489.36171875 10
stats: session 232 18942.38174999997 19973.587421377408 85853.64 1380.337 13235.82502493075 361
stats: users_count 117 1258
stats: finish_users_count 232 593
stats: request 2957 2192.8157264119063 7746.689519685804 59995.058 0.882 1922.0892018220036 5708
stats: connect 127 4.223338582677166 3.912446287967147 24.016 0.859 3.971043324491599 1131
stats: page 1613 3908.6192318660896 10355.429207542977 72200.53 1.043 2870.954650182634 3559
stats: 302 130 880
stats: 504 10 15
stats: 200 66 545
stats: size_rcv 1338218 7035554
stats: newphase 0 9
stats: 422 3 8
stats: 502 2725 6958
stats: size_sent 1363895 4348772
stats: connected -112 667
stats: 204 0 36
stats: 500 23 223
# stats: dump at 1575520792
stats: users 642 789
stats: {recvpackets,"tsung_controller@ip-172-31-31-62"} 1 3737.0 0.0 6104 88 1466.4 10
stats: {sentpackets,"tsung_controller@ip-172-31-31-62"} 1 4347.0 0.0 7499 66 1623.8 10
stats: {cpu,"tsung_controller@ip-172-31-31-62"} 1 26.90453230472517 0.0 38.7546468401487 1.3972055888223553 10.83254838617289 11
stats: {load,"tsung_controller@ip-172-31-31-62"} 1 0.19140625 0.0 0.23046875 0.0 0.028053977272727272 11
stats: {freemem,"tsung_controller@ip-172-31-31-62"} 1 3420.00390625 0.0 3523.015625 3420.00390625 3483.287997159091 11
stats: session 23 41607.31443478261 20742.810964977703 85853.64 1380.337 15468.407082630683 593
stats: users_count 0 1258
stats: finish_users_count 23 616
stats: request 693 11042.846515151488 13998.42777818124 59995.058 0.882 2014.4767763416046 8665
stats: connect 0 0 0 24.016 0.859 3.9965135135135124 1258
stats: page 464 14427.859730603437 15498.002488689268 79417.398 1.043 3194.5727805491097 5172
stats: 302 193 1073
stats: 504 0 15
stats: 200 61 606
stats: size_rcv 666840 7702394
stats: newphase 0 9
stats: 422 19 27
stats: 502 403 7361
stats: size_sent 526268 4875040
stats: connected -24 643
stats: 204 0 36
stats: 500 17 240
# stats: dump at 1575520802
stats: users 620 789
stats: {recvpackets,"tsung_controller@ip-172-31-31-62"} 1 1353.0 0.0 6104 88 1672.8181818181818 11
stats: {sentpackets,"tsung_controller@ip-172-31-31-62"} 1 1282.0 0.0 7499 66 1871.3636363636363 11
stats: {cpu,"tsung_controller@ip-172-31-31-62"} 1 13.508260447035958 0.0 38.7546468401487 1.3972055888223553 12.171880379385579 12
stats: {load,"tsung_controller@ip-172-31-31-62"} 1 0.30859375 0.0 0.30859375 0.0 0.041666666666666664 12
stats: {freemem,"tsung_controller@ip-172-31-31-62"} 1 3402.328125 0.0 3523.015625 3402.328125 3478.0143229166665 12
stats: session 22 38105.72931818182 19435.538535510626 89412.084 1380.337 16444.372779220772 616
stats: users_count 0 1258
stats: finish_users_count 22 638
stats: request 526 14929.378903041836 13441.024176762085 59995.058 0.882 2683.06624300064 9358
stats: connect 0 0 0 24.016 0.859 3.9965135135135124 1258
stats: page 283 17398.42029681983 14469.393763868853 79417.398 1.043 4119.385616749466 5636
stats: 302 230 1303
stats: 504 0 15
stats: 200 43 649
stats: size_rcv 606249 8308643
stats: newphase 0 9
stats: 422 42 69
stats: 502 197 7558
stats: size_sent 397427 5272467
stats: connected -23 620
stats: 204 0 36
stats: 500 14 254
# stats: dump at 1575520812
stats: users 517 789
stats: {recvpackets,"tsung_controller@ip-172-31-31-62"} 1 1116.0 0.0 6104 88 1646.1666666666667 12
stats: {sentpackets,"tsung_controller@ip-172-31-31-62"} 1 881.0 0.0 7499 66 1822.25 12
stats: {cpu,"tsung_controller@ip-172-31-31-62"} 1 9.064039408866995 0.0 38.7546468401487 1.3972055888223553 12.274678846127916 13
stats: {load,"tsung_controller@ip-172-31-31-62"} 1 0.26171875 0.0 0.30859375 0.0 0.06219951923076923 13
stats: {freemem,"tsung_controller@ip-172-31-31-62"} 1 3389.80078125 0.0 3523.015625 3389.80078125 3472.1923076923076 13
stats: session 103 60921.93281553395 18961.533224328425 100259.174 1380.337 17191.316108150462 638
stats: users_count 0 1258
stats: finish_users_count 103 741
stats: request 1163 8139.804541702468 9999.704071456152 59995.058 0.882 3334.782193949817 9884
stats: connect 0 0 0 24.016 0.859 3.9965135135135124 1258
stats: page 445 20073.169047190997 16710.54014343367 89718.192 1.043 4754.284554823451 5919
stats: 302 659 1962
stats: 504 1 16
stats: 200 57 706
stats: size_rcv 1295036 9603679
stats: newphase 0 9
stats: 422 104 173
stats: 502 320 7878
stats: size_sent 856471 6128938
stats: connected -95 525
stats: 204 0 36
stats: 500 22 276
# stats: dump at 1575520822
stats: users 195 789
stats: {recvpackets,"tsung_controller@ip-172-31-31-62"} 1 3260.0 0.0 6104 88 1605.3846153846155 13
stats: {sentpackets,"tsung_controller@ip-172-31-31-62"} 1 2234.0 0.0 7499 66 1749.8461538461538 13
stats: {cpu,"tsung_controller@ip-172-31-31-62"} 1 17.958783120706574 0.0 38.7546468401487 1.3972055888223553 12.045347457752134 14
stats: {load,"tsung_controller@ip-172-31-31-62"} 1 0.30078125 0.0 0.30859375 0.0 0.07645089285714286 14
stats: {freemem,"tsung_controller@ip-172-31-31-62"} 1 3387.125 0.0 3523.015625 3387.125 3466.307198660714 14
stats: session 322 64130.37740993789 16212.712245530538 136288.359 1380.337 23269.930846153835 741
stats: users_count 0 1258
stats: finish_users_count 322 1063
stats: request 1749 2192.12145740423 5123.21896600297 59995.058 0.882 3840.642698198603 11047
stats: connect 0 0 0 24.016 0.859 3.9965135135135124 1258
stats: page 770 9645.672132467524 14370.230513321054 98155.81 1.043 5825.4510537397855 6364
stats: 302 1277 3239
stats: 504 1 17
stats: 200 95 801
stats: size_rcv 2984494 12588173
stats: newphase 0 9
stats: 422 295 468
stats: 502 39 7917
stats: size_sent 1177370 7306308
stats: connected -330 195
stats: 204 3 39
stats: 500 39 315
# stats: dump at 1575520832
stats: users 154 789
stats: {recvpackets,"tsung_controller@ip-172-31-31-62"} 1 4108.0 0.0 6104 88 1723.5714285714287 14
stats: {sentpackets,"tsung_controller@ip-172-31-31-62"} 1 3024.0 0.0 7499 66 1784.4285714285713 14
stats: {cpu,"tsung_controller@ip-172-31-31-62"} 1 23.235294117647058 0.0 38.7546468401487 1.3972055888223553 12.439576501949098 15
stats: {load,"tsung_controller@ip-172-31-31-62"} 1 0.328125 0.0 0.328125 0.0 0.09140625 15
stats: {freemem,"tsung_controller@ip-172-31-31-62"} 1 3372.39453125 0.0 3523.015625 3372.39453125 3461.028385416667 15
stats: session 41 79668.01478048782 19923.922412211952 136288.359 1380.337 35647.22510159924 1063
stats: users_count 0 1258
stats: finish_users_count 41 1104
stats: request 336 4770.095041666667 7883.149254699935 59995.058 0.882 3615.317311347293 12796
stats: connect 0 0 0 24.016 0.859 3.9965135135135124 1258
stats: page 93 19362.23939784946 21890.579386446785 98155.81 1.043 6237.782176619006 7134
stats: 302 159 3398
stats: 504 0 17
stats: 200 57 858
stats: size_rcv 981489 13569662
stats: newphase 0 9
stats: 422 39 507
stats: 502 0 7917
stats: size_sent 246155 7552463
stats: connected -41 154
stats: 204 1 40
stats: 500 80 395
# stats: dump at 1575520842
stats: users 106 789
stats: {recvpackets,"tsung_controller@ip-172-31-31-62"} 1 1121.0 0.0 6104 88 1882.5333333333333 15
stats: {sentpackets,"tsung_controller@ip-172-31-31-62"} 1 721.0 0.0 7499 66 1867.0666666666666 15
stats: {cpu,"tsung_controller@ip-172-31-31-62"} 1 7.920792079207921 0.0 38.7546468401487 1.3972055888223553 13.114308852930222 16
stats: {load,"tsung_controller@ip-172-31-31-62"} 1 0.44140625 0.0 0.44140625 0.0 0.106201171875 16
stats: {freemem,"tsung_controller@ip-172-31-31-62"} 1 3377.48046875 0.0 3523.015625 3372.39453125 3455.48876953125 16
stats: session 48 92180.26083333335 16866.48768051912 136288.359 1380.337 37282.0551530797 1104
stats: users_count 0 1258
stats: finish_users_count 48 1152
stats: request 332 5714.990388554216 10211.196212994606 59995.058 0.882 3644.8638630825435 13132
stats: connect 0 0 0 24.016 0.859 3.9965135135135124 1258
stats: page 131 18863.891389312976 18219.30177909784 98155.81 1.043 6406.6730748581695 7227
stats: 302 150 3548
stats: 504 0 17
stats: 200 15 873
stats: size_rcv 581837 14151499
stats: newphase 0 9
stats: 422 60 567
stats: 502 0 7917
stats: size_sent 242700 7795163
stats: connected -46 108
stats: 204 1 41
stats: 500 106 501
# stats: dump at 1575520852
stats: users 36 789
stats: {recvpackets,"tsung_controller@ip-172-31-31-62"} 1 1067.0 0.0 6104 88 1834.9375 16
stats: {sentpackets,"tsung_controller@ip-172-31-31-62"} 1 706.0 0.0 7499 66 1795.4375 16
stats: {cpu,"tsung_controller@ip-172-31-31-62"} 1 6.673306772908366 0.0 38.7546468401487 1.3972055888223553 12.808807866240675 17
stats: {load,"tsung_controller@ip-172-31-31-62"} 1 0.37109375 0.0 0.44140625 0.0 0.12591911764705882 17
stats: {freemem,"tsung_controller@ip-172-31-31-62"} 1 3380.4296875 0.0 3523.015625 3372.39453125 3450.9000459558824 17
stats: session 70 92147.88021428575 13262.323903062033 136288.359 1380.337 39569.480389756936 1152
stats: users_count 0 1258
stats: finish_users_count 70 1222
stats: request 262 7358.901282442749 12992.614507821792 59995.058 0.882 3695.909763740342 13464
stats: connect 0 0 0 24.016 0.859 3.9965135135135124 1258
stats: page 134 19623.218865671646 22331.484237955236 117587.793 1.043 6628.458288121771 7358
stats: 302 134 3682
stats: 504 1 18
stats: 200 2 875
stats: size_rcv 394961 14546460
stats: newphase 0 9
stats: 422 55 622
stats: 502 0 7917
stats: size_sent 160444 7955607
stats: connected -72 36
stats: 204 0 41
stats: 500 70 571
# stats: dump at 1575520862
stats: users 29 789
stats: {recvpackets,"tsung_controller@ip-172-31-31-62"} 1 685.0 0.0 6104 88 1789.764705882353 17
stats: {sentpackets,"tsung_controller@ip-172-31-31-62"} 1 499.0 0.0 7499 66 1731.3529411764705 17
stats: {cpu,"tsung_controller@ip-172-31-31-62"} 1 5.179282868525896 0.0 38.7546468401487 1.3972055888223553 12.46794669438888 18
stats: {load,"tsung_controller@ip-172-31-31-62"} 1 0.30859375 0.0 0.44140625 0.0 0.13953993055555555 18
stats: {freemem,"tsung_controller@ip-172-31-31-62"} 1 3388.83203125 0.0 3523.015625 3372.39453125 3446.9850260416665 18
stats: session 7 119137.772 21367.551573712113 158767.209 1380.337 42581.33635351882 1222
stats: users_count 0 1258
stats: finish_users_count 7 1229
stats: request 39 6453.591102564101 7389.077711972268 59995.058 0.882 3765.8284420078658 13726
stats: connect 0 0 0 24.016 0.859 3.9965135135135124 1258
stats: page 16 24883.394749999996 30627.885550208415 128090.386 1.043 6860.879259476775 7492
stats: 302 1 3683
stats: 504 0 18
stats: 200 5 880
stats: size_rcv 139320 14685780
stats: newphase 0 9
stats: 422 5 627
stats: 502 0 7917
stats: size_sent 29206 7984813
stats: connected -7 29
stats: 204 0 41
stats: 500 28 599
# stats: dump at 1575520872
stats: users 25 789
stats: {recvpackets,"tsung_controller@ip-172-31-31-62"} 1 129.0 0.0 6104 88 1728.388888888889 18
stats: {sentpackets,"tsung_controller@ip-172-31-31-62"} 1 80.0 0.0 7499 66 1662.888888888889 18
stats: {cpu,"tsung_controller@ip-172-31-31-62"} 1 1.1988011988011988 0.0 38.7546468401487 1.1988011988011988 12.084332808817145 19
stats: {load,"tsung_controller@ip-172-31-31-62"} 1 0.26953125 0.0 0.44140625 0.0 0.1484375 19
stats: {freemem,"tsung_controller@ip-172-31-31-62"} 1 3402.734375 0.0 3523.015625 3372.39453125 3443.9243421052633 19
stats: session 4 118170.02375000001 8245.364432207234 158767.209 1380.337 43017.377890968266 1229
stats: users_count 0 1258
stats: finish_users_count 4 1233
stats: request 21 10094.21180952381 13259.457582374556 59995.058 0.882 3773.4436068289115 13765
stats: connect 0 0 0 24.016 0.859 3.9965135135135124 1258
stats: page 5 18779.377800000002 15688.121286650781 128090.386 1.043 6899.28632498668 7508
stats: 302 0 3683
stats: 504 0 18
stats: 200 3 883
stats: size_rcv 82833 14768613
stats: newphase 0 9
stats: 422 1 628
stats: 502 0 7917
stats: size_sent 14842 7999655
stats: connected -4 25
stats: 204 0 41
stats: 500 17 616
# stats: dump at 1575520882
stats: users 23 789
stats: {recvpackets,"tsung_controller@ip-172-31-31-62"} 1 112.0 0.0 6104 88 1644.2105263157894 19
stats: {sentpackets,"tsung_controller@ip-172-31-31-62"} 1 61.0 0.0 7499 61 1579.578947368421 19
stats: {cpu,"tsung_controller@ip-172-31-31-62"} 1 1.097804391217565 0.0 38.7546468401487 1.097804391217565 11.540056228316347 20
stats: {load,"tsung_controller@ip-172-31-31-62"} 1 0.21875 0.0 0.44140625 0.0 0.1544921875 20
stats: {freemem,"tsung_controller@ip-172-31-31-62"} 1 3406.1953125 0.0 3523.015625 3372.39453125 3441.86484375 20
stats: session 2 132744.2375 8096.499499999994 158767.209 1380.337 43261.18209489051 1233
stats: users_count 0 1258
stats: finish_users_count 2 1235
stats: request 22 8283.841545454545 13233.454526679943 59995.058 0.882 3783.071935006526 13786
stats: connect 0 0 0 24.016 0.859 3.9965135135135124 1258
stats: page 10 36466.2968 17802.116209117226 128090.386 1.043 6907.192681618527 7513
stats: 302 0 3683
stats: 504 0 18
stats: 200 8 891
stats: size_rcv 158901 14927514
stats: newphase 0 9
stats: 422 4 632
stats: 502 0 7917
stats: size_sent 18676 8018331
stats: connected -2 23
stats: 204 1 42
stats: 500 9 625
# stats: dump at 1575520892
stats: users 15 789
stats: {recvpackets,"tsung_controller@ip-172-31-31-62"} 1 180.0 0.0 6104 88 1567.6 20
stats: {sentpackets,"tsung_controller@ip-172-31-31-62"} 1 88.0 0.0 7499 61 1503.65 20
stats: {cpu,"tsung_controller@ip-172-31-31-62"} 1 1.0999999999999999 0.0 38.7546468401487 1.097804391217565 11.042806140835452 21
stats: {load,"tsung_controller@ip-172-31-31-62"} 1 0.19140625 0.0 0.44140625 0.0 0.15755208333333334 21
stats: {freemem,"tsung_controller@ip-172-31-31-62"} 1 3406.1875 0.0 3523.015625 3372.39453125 3440.1662946428573 21
stats: session 8 144169.96824999998 14648.737083561275 168620.946 1380.337 43406.09392550607 1235
stats: users_count 0 1258
stats: finish_users_count 8 1243
stats: request 13 14880.622615384615 20015.298645372455 59995.058 0.882 3790.242917873694 13808
stats: connect 0 0 0 24.016 0.859 3.9965135135135124 1258
stats: page 9 25174.08466666667 25429.88591807343 128090.386 1.043 6946.484326066728 7523
stats: 302 0 3683
stats: 504 2 20
stats: 200 2 893
stats: size_rcv 39450 14966964
stats: newphase 0 9
stats: 422 0 632
stats: 502 0 7917
stats: size_sent 4582 8022913
stats: connected -8 15
stats: 204 1 43
stats: 500 8 633
# stats: dump at 1575520902
stats: users 11 789
stats: {recvpackets,"tsung_controller@ip-172-31-31-62"} 1 51.0 0.0 6104 51 1501.5238095238096 21
stats: {sentpackets,"tsung_controller@ip-172-31-31-62"} 1 38.0 0.0 7499 38 1436.2380952380952 21
stats: {cpu,"tsung_controller@ip-172-31-31-62"} 1 0.4008016032064128 0.0 38.7546468401487 0.4008016032064128 10.590860407161115 22
stats: {load,"tsung_controller@ip-172-31-31-62"} 1 0.16015625 0.0 0.44140625 0.0 0.1590909090909091 22
stats: {freemem,"tsung_controller@ip-172-31-31-62"} 1 3407.43359375 0.0 3523.015625 3372.39453125 3438.6218039772725 22
stats: session 4 145798.6255 5593.051383818525 168620.946 1380.337 44054.61443604183 1243
stats: users_count 0 1258
stats: finish_users_count 4 1247
stats: request 6 40517.3115 26832.666093660428 59995.058 0.882 3800.6745028579667 13821
stats: connect 0 0 0 24.016 0.859 3.9965135135135124 1258
stats: page 5 55138.5976 9159.96388187557 128090.386 1.043 6968.264517657992 7532
stats: 302 0 3683
stats: 504 4 24
stats: 200 1 894
stats: size_rcv 22570 14989534
stats: newphase 0 9
stats: 422 0 632
stats: 502 0 7917
stats: size_sent 1962 8024875
stats: connected -4 11
stats: 204 1 44
stats: 500 0 633
# stats: dump at 1575520912
stats: users 6 789
stats: {recvpackets,"tsung_controller@ip-172-31-31-62"} 1 17.0 0.0 6104 17 1435.5909090909092 22
stats: {sentpackets,"tsung_controller@ip-172-31-31-62"} 1 18.0 0.0 7499 18 1372.6818181818182 22
stats: {cpu,"tsung_controller@ip-172-31-31-62"} 1 0.4 0.0 38.7546468401487 0.4 10.147814372206563 23
stats: {load,"tsung_controller@ip-172-31-31-62"} 1 0.12890625 0.0 0.44140625 0.0 0.15913722826086957 23
stats: {freemem,"tsung_controller@ip-172-31-31-62"} 1 3409.1015625 0.0 3523.015625 3372.39453125 3437.2657948369565 23
stats: session 5 161349.8742 17224.996107641542 194318.465 1380.337 44380.97854530873 1247
stats: users_count 0 1258
stats: finish_users_count 5 1252
stats: request 5 59556.92020000001 345.87494900058766 59995.058 0.882 3816.607085629563 13827
stats: connect 0 0 0 24.016 0.859 3.9965135135135124 1258
stats: page 5 60017.59939999999 346.9164296833483 128090.386 1.043 7000.220423908716 7537
stats: 302 0 3683
stats: 504 5 29
stats: 200 0 894
stats: size_rcv 375 14989909
stats: newphase 0 9
stats: 422 0 632
stats: 502 0 7917
stats: size_sent 0 8024875
stats: connected -5 6
stats: 204 0 44
stats: 500 0 633
# stats: dump at 1575520922
stats: users 4 789
stats: {recvpackets,"tsung_controller@ip-172-31-31-62"} 1 15.0 0.0 6104 15 1373.913043478261 23
stats: {sentpackets,"tsung_controller@ip-172-31-31-62"} 1 16.0 0.0 7499 16 1313.7826086956522 23
stats: {cpu,"tsung_controller@ip-172-31-31-62"} 1 0.3 0.0 38.7546468401487 0.3 9.74165544003129 24
stats: {load,"tsung_controller@ip-172-31-31-62"} 1 0.109375 0.0 0.44140625 0.0 0.15787760416666666 24
stats: {freemem,"tsung_controller@ip-172-31-31-62"} 1 3409.28515625 0.0 3523.015625 3372.39453125 3436.09228515625 24
stats: session 2 168473.44199999998 7467.115999999987 194318.465 1380.337 44848.10672284344 1252
stats: users_count 0 1258
stats: finish_users_count 2 1254
stats: request 2 58058.380000000005 1893.1810000000023 59995.058 0.882 3836.7561288316924 13832
stats: connect 0 0 0 24.016 0.859 3.9965135135135124 1258
stats: page 2 60709.888999999996 4485.74 128090.386 1.043 7035.368513922036 7542
stats: 302 0 3683
stats: 504 1 30
stats: 200 1 895
stats: size_rcv 43072 15032981
stats: newphase 0 9
stats: 422 0 632
stats: 502 0 7917
stats: size_sent 0 8024875
stats: connected -2 4
stats: 204 0 44
stats: 500 0 633
# stats: dump at 1575520932
stats: users 3 789
stats: {recvpackets,"tsung_controller@ip-172-31-31-62"} 1 33.0 0.0 6104 15 1317.2916666666667 24
stats: {sentpackets,"tsung_controller@ip-172-31-31-62"} 1 9.0 0.0 7499 9 1259.7083333333333 24
stats: {cpu,"tsung_controller@ip-172-31-31-62"} 1 0.4 0.0 38.7546468401487 0.3 9.363989222430039 25
stats: {load,"tsung_controller@ip-172-31-31-62"} 1 0.1015625 0.0 0.44140625 0.0 0.1559375 25
stats: {freemem,"tsung_controller@ip-172-31-31-62"} 1 3406.81640625 0.0 3523.015625 3372.39453125 3435.02 25
stats: session 1 155271.018 0.0 194318.465 1380.337 45045.27631658691 1254
stats: users_count 0 1258
stats: finish_users_count 1 1255
stats: request 1 30714.902 0.0 59995.058 0.882 3844.595021974842 13834
stats: connect 0 0 0 24.016 0.859 3.9965135135135124 1258
stats: page 1 31535.097 0.0 128090.386 1.043 7049.598238335099 7544
stats: 302 0 3683
stats: 504 0 30
stats: 200 1 896
stats: size_rcv 44308 15077289
stats: newphase 0 9
stats: 422 0 632
stats: 502 0 7917
stats: size_sent 0 8024875
stats: connected -1 3
stats: 204 0 44
stats: 500 0 633
# stats: dump at 1575520941
stats: users 0 789
stats: {recvpackets,"tsung_controller@ip-172-31-31-62"} 1 61.0 0.0 6104 15 1265.92 25
stats: {sentpackets,"tsung_controller@ip-172-31-31-62"} 1 38.0 0.0 7499 9 1209.68 25
stats: {cpu,"tsung_controller@ip-172-31-31-62"} 1 0.5 0.0 38.7546468401487 0.3 9.019220406182729 26
stats: {load,"tsung_controller@ip-172-31-31-62"} 1 0.078125 0.0 0.44140625 0.0 0.15384615384615385 26
stats: {freemem,"tsung_controller@ip-172-31-31-62"} 1 3409.3203125 0.0 3523.015625 3372.39453125 3433.935246394231 26
stats: session 3 177147.15266666666 6589.414869705011 194318.465 1380.337 45133.10559282867 1255
stats: users_count 0 1258
stats: finish_users_count 3 1258
stats: request 3 59315.943999999996 482.95577481656454 59995.058 0.882 3846.5372198048403 13835
stats: connect 0 0 0 24.016 0.859 3.9965135135135124 1258
stats: page 3 61317.20166666666 2138.560067827783 128090.386 1.043 7052.8434999337305 7545
stats: 302 0 3683
stats: 504 2 32
stats: 200 1 897
stats: size_rcv 44402 15121691
stats: newphase 0 9
stats: 422 0 632
stats: 502 0 7917
stats: size_sent 0 8024875
stats: connected -3 0
stats: 204 0 44
stats: 500 0 633
EndMonitor:{1575,520941,425098}
