# stats: dump at 1575447000
stats: users 1 3
stats: {freemem,"tsung_controller@ip-172-31-30-117"} 1 3510.20703125 0 3510.20703125 3510.20703125 0 0
stats: {load,"tsung_controller@ip-172-31-30-117"} 1 0.0 0 0.0 0.0 0 0
stats: {cpu,"tsung_controller@ip-172-31-30-117"} 1 2.1051793568760657 0 2.1051793568760657 2.1051793568760657 0 0
stats: session 2 6025.5419999999995 109.33599999999956 6134.878 5916.206 0 0
stats: users_count 3 3
stats: finish_users_count 2 2
stats: request 28 324.63528571428566 752.7211233462922 2996.135 6.526 0 0
stats: connect 3 7.7299999999999995 2.0462995870595293 10.411 5.446 0 0
stats: page 16 566.54975 961.8129978001506 3069.157 6.526 0 0
stats: 302 9 9
stats: 200 15 15
stats: size_rcv 114009 114009
stats: size_sent 24415 24415
stats: connected 1 1
stats: 204 2 2
stats: 500 2 2
# stats: dump at 1575447010
stats: users 3 3
stats: {freemem,"tsung_controller@ip-172-31-30-117"} 1 3507.29296875 0.0 3510.20703125 3507.29296875 3510.20703125 1
stats: {load,"tsung_controller@ip-172-31-30-117"} 1 0.0 0.0 0.0 0.0 0.0 1
stats: {recvpackets,"tsung_controller@ip-172-31-30-117"} 1 162 0 162 162 0 0
stats: {sentpackets,"tsung_controller@ip-172-31-30-117"} 1 110 0 110 110 0 0
stats: {cpu,"tsung_controller@ip-172-31-30-117"} 1 1.3972055888223553 0.0 2.1051793568760657 1.3972055888223553 2.1051793568760657 1
stats: session 1 7303.25 0.0 7303.25 5916.206 6025.5419999999995 2
stats: users_count 3 6
stats: finish_users_count 1 3
stats: request 15 326.7376666666666 677.5347400062147 2996.135 6.526 324.63528571428566 28
stats: connect 1 5.406 0.0 10.411 5.406 7.7299999999999995 3
stats: page 7 697.9771428571428 892.6589642122058 3069.157 6.526 566.54975 16
stats: 302 3 12
stats: 200 8 23
stats: size_rcv 61544 175553
stats: newphase 1 1
stats: size_sent 13009 37424
stats: connected 0 1
stats: 204 2 4
stats: 500 2 4
# stats: dump at 1575447020
stats: users 23 23
stats: {freemem,"tsung_controller@ip-172-31-30-117"} 1 3505.04296875 0.0 3510.20703125 3505.04296875 3508.75 2
stats: {load,"tsung_controller@ip-172-31-30-117"} 1 0.0 0.0 0.0 0.0 0.0 2
stats: {recvpackets,"tsung_controller@ip-172-31-30-117"} 1 109.0 0.0 162 109 162.0 1
stats: {sentpackets,"tsung_controller@ip-172-31-30-117"} 1 66.0 0.0 110 66 110.0 1
stats: {cpu,"tsung_controller@ip-172-31-30-117"} 1 0.501002004008016 0.0 2.1051793568760657 0.501002004008016 1.7511924728492105 2
stats: session 1 5990.447 0.0 7303.25 5916.206 6451.444666666666 3
stats: users_count 21 27
stats: finish_users_count 1 4
stats: request 87 350.33532183908045 636.0563010568351 2996.135 4.44 325.3686744186046 43
stats: connect 19 4.64136842105263 2.337448456184341 10.411 1.139 7.148999999999999 4
stats: page 59 372.0892881355931 660.8932667313348 3069.157 4.44 606.5493913043478 23
stats: 302 38 50
stats: 200 40 63
stats: size_rcv 181657 357210
stats: newphase 1 2
stats: size_sent 73858 111282
stats: connected 18 19
stats: 204 4 8
stats: 500 5 9
# stats: dump at 1575447030
stats: users 42 42
stats: {freemem,"tsung_controller@ip-172-31-30-117"} 1 3504.8828125 0.0 3510.20703125 3504.8828125 3507.5143229166665 3
stats: {load,"tsung_controller@ip-172-31-30-117"} 1 0.0 0.0 0.0 0.0 0.0 3
stats: {recvpackets,"tsung_controller@ip-172-31-30-117"} 1 375.0 0.0 375 109 135.5 2
stats: {sentpackets,"tsung_controller@ip-172-31-30-117"} 1 344.0 0.0 344 66 88.0 2
stats: {cpu,"tsung_controller@ip-172-31-30-117"} 1 2.8028028028028027 0.0 2.8028028028028027 0.501002004008016 1.3344623165688123 3
stats: session 4 14443.57125 569.1287088121516 14897.081 5916.206 6336.19525 4
stats: users_count 23 50
stats: finish_users_count 4 8
stats: request 95 1334.5653894736843 1955.3204879894204 9285.313 4.44 342.07712307692304 130
stats: connect 25 3.298 2.390386261674042 10.411 0.922 5.077478260869563 23
stats: page 71 1550.671535211267 2470.9859461275137 9380.892 4.44 437.85248780487797 82
stats: 302 42 92
stats: 200 45 108
stats: size_rcv 271831 629041
stats: newphase 1 3
stats: size_sent 95359 206641
stats: connected 22 41
stats: 204 3 11
stats: 500 5 14
# stats: dump at 1575447040
stats: users 85 85
stats: {freemem,"tsung_controller@ip-172-31-30-117"} 1 3491.51171875 0.0 3510.20703125 3491.51171875 3506.8564453125 4
stats: {load,"tsung_controller@ip-172-31-30-117"} 1 0.0 0.0 0.0 0.0 0.0 4
stats: {recvpackets,"tsung_controller@ip-172-31-30-117"} 1 571.0 0.0 571 109 215.33333333333334 3
stats: {sentpackets,"tsung_controller@ip-172-31-30-117"} 1 457.0 0.0 457 66 173.33333333333334 3
stats: {cpu,"tsung_controller@ip-172-31-30-117"} 1 3.0120481927710845 0.0 3.0120481927710845 0.501002004008016 1.70154743812731 4
stats: session 5 20256.527599999998 5410.926888650506 26020.07 5916.206 10389.88325 8
stats: users_count 48 98
stats: finish_users_count 5 13
stats: request 175 2499.7554914285743 2186.160089486983 13225.503 4.44 761.1277244444445 225
stats: connect 48 3.3697916666666665 2.486144345487048 10.411 0.883 4.150666666666666 48
stats: page 119 3049.1895630252106 3192.4820138567393 15903.408 4.44 954.2587124183002 153
stats: 302 76 168
stats: 200 65 173
stats: size_rcv 447330 1076371
stats: newphase 1 4
stats: 422 1 1
stats: size_sent 152926 359567
stats: connected 42 83
stats: 204 5 16
stats: 500 28 42
# stats: dump at 1575447050
stats: users 175 175
stats: {freemem,"tsung_controller@ip-172-31-30-117"} 1 3487.9609375 0.0 3510.20703125 3487.9609375 3503.7875 5
stats: {load,"tsung_controller@ip-172-31-30-117"} 1 0.0 0.0 0.0 0.0 0.0 5
stats: {recvpackets,"tsung_controller@ip-172-31-30-117"} 1 883.0 0.0 883 109 304.25 4
stats: {sentpackets,"tsung_controller@ip-172-31-30-117"} 1 739.0 0.0 739 66 244.25 4
stats: {cpu,"tsung_controller@ip-172-31-30-117"} 1 5.015045135406218 0.0 5.015045135406218 0.501002004008016 1.9636475890560647 5
stats: session 1 32862.518 0.0 32862.518 5916.206 14184.746461538462 13
stats: users_count 91 189
stats: finish_users_count 1 14
stats: request 186 4182.039446236556 2392.0331104811307 14887.373 0.619 1521.7773725000013 400
stats: connect 92 3.065326086956523 2.1440351438386274 10.411 0.883 3.7602291666666665 96
stats: page 134 3506.1736865671655 2351.850421546529 16454.547 0.619 1870.7909595588235 272
stats: 302 85 253
stats: 200 76 249
stats: size_rcv 369265 1445636
stats: newphase 1 5
stats: 422 1 2
stats: 502 8 8
stats: size_sent 167903 527470
stats: connected 91 174
stats: 204 1 17
stats: 500 15 57
# stats: dump at 1575447060
stats: users 214 221
stats: {freemem,"tsung_controller@ip-172-31-30-117"} 1 3472.0859375 0.0 3510.20703125 3472.0859375 3501.1497395833335 6
stats: {load,"tsung_controller@ip-172-31-30-117"} 1 0.0703125 0.0 0.0703125 0.0 0.0 6
stats: {recvpackets,"tsung_controller@ip-172-31-30-117"} 1 1008.0 0.0 1008 109 420.0 5
stats: {sentpackets,"tsung_controller@ip-172-31-30-117"} 1 946.0 0.0 946 66 343.2 5
stats: {cpu,"tsung_controller@ip-172-31-30-117"} 1 6.325301204819277 0.0 6.325301204819277 0.501002004008016 2.47221384678109 6
stats: session 72 13700.085263888892 9464.202414662079 42758.431 1564.417 15518.873000000001 14
stats: users_count 111 300
stats: finish_users_count 72 86
stats: request 965 1470.6187202072556 3447.746671582754 16959.053 0.491 2366.1608976109214 586
stats: connect 107 3.4001308411214954 3.2220748063393807 22.874 0.883 3.420170212765958 188
stats: page 581 2487.706752151466 4952.309820177215 27416.434 0.555 2410.547820197045 406
stats: 302 85 338
stats: 200 43 292
stats: size_rcv 633512 2079148
stats: newphase 1 6
stats: 422 5 7
stats: 502 809 817
stats: size_sent 593167 1120637
stats: connected 41 215
stats: 204 0 17
stats: 500 23 80
# stats: dump at 1575447070
stats: users 227 244
stats: {freemem,"tsung_controller@ip-172-31-30-117"} 1 3468.48046875 0.0 3510.20703125 3468.48046875 3496.9977678571427 7
stats: {load,"tsung_controller@ip-172-31-30-117"} 1 0.05859375 0.0 0.0703125 0.0 0.010044642857142858 7
stats: {recvpackets,"tsung_controller@ip-172-31-30-117"} 1 2181.0 0.0 2181 109 518.0 6
stats: {sentpackets,"tsung_controller@ip-172-31-30-117"} 1 2349.0 0.0 2349 66 443.6666666666667 6
stats: {cpu,"tsung_controller@ip-172-31-30-117"} 1 16.69980119284294 0.0 16.69980119284294 0.501002004008016 3.0226548979294026 7
stats: session 186 10868.213177419355 9707.525541563295 45201.639 1203.975 13996.166988372097 86
stats: users_count 199 499
stats: finish_users_count 186 272
stats: request 2246 744.5291188780043 2298.6108986422887 19254.536 0.491 1808.9731470019353 1551
stats: connect 198 3.150484848484848 2.79941724045096 22.874 0.883 3.4129016949152544 295
stats: page 1238 1102.4102495961217 3070.321889737312 34857.841 0.555 2455.967617021279 987
stats: 302 139 477
stats: 200 55 347
stats: size_rcv 1039968 3119116
stats: newphase 1 7
stats: 422 44 51
stats: 502 1979 2796
stats: size_sent 1100421 2221058
stats: connected 16 231
stats: 204 2 19
stats: 500 27 107
# stats: dump at 1575447080
stats: users 236 246
stats: {freemem,"tsung_controller@ip-172-31-30-117"} 1 3465.32421875 0.0 3510.20703125 3465.32421875 3493.43310546875 8
stats: {load,"tsung_controller@ip-172-31-30-117"} 1 0.05078125 0.0 0.0703125 0.0 0.01611328125 8
stats: {recvpackets,"tsung_controller@ip-172-31-30-117"} 1 4111.0 0.0 4111 109 755.5714285714286 7
stats: {sentpackets,"tsung_controller@ip-172-31-30-117"} 1 4675.0 0.0 4675 66 715.8571428571429 7
stats: {cpu,"tsung_controller@ip-172-31-30-117"} 1 29.669260700389106 0.0 29.669260700389106 0.501002004008016 4.732298184793595 8
stats: session 214 15077.625532710274 14410.89195797664 61107.805 1203.975 11857.198573529413 272
stats: users_count 223 722
stats: finish_users_count 214 486
stats: request 2412 857.1158594527373 1925.0535622732255 21199.461 0.488 1179.3336191730311 3797
stats: connect 223 3.5537847533632294 3.2746681341238935 22.874 0.865 3.3075091277890465 493
stats: page 1317 1818.255367501896 4852.723062686483 44704.46 0.522 1702.842214382023 2225
stats: 302 492 969
stats: 200 86 433
stats: size_rcv 1370809 4489925
stats: newphase 1 8
stats: 422 103 154
stats: 502 1689 4485
stats: size_sent 1200450 3421508
stats: connected 9 240
stats: 204 0 19
stats: 500 42 149
# stats: dump at 1575447090
stats: users 265 267
stats: {freemem,"tsung_controller@ip-172-31-30-117"} 1 3446.79296875 0.0 3510.20703125 3446.79296875 3490.3098958333335 9
stats: {load,"tsung_controller@ip-172-31-30-117"} 1 0.12109375 0.0 0.12109375 0.0 0.019965277777777776 9
stats: {recvpackets,"tsung_controller@ip-172-31-30-117"} 1 4965.0 0.0 4965 109 1175.0 8
stats: {sentpackets,"tsung_controller@ip-172-31-30-117"} 1 5029.0 0.0 5029 66 1210.75 8
stats: {cpu,"tsung_controller@ip-172-31-30-117"} 1 31.712062256809336 0.0 31.712062256809336 0.501002004008016 7.503071797637541 9
stats: session 284 9949.831813380293 9673.236622736998 61107.805 1150.058 13275.24665843621 486
stats: users_count 313 1035
stats: finish_users_count 284 770
stats: request 3200 482.5166943750004 1067.6375275085156 21199.461 0.486 1054.1622169431473 6209
stats: connect 314 3.336566878980892 3.288105381084913 22.874 0.85 3.384212290502793 716
stats: page 1774 998.8019255918829 2970.7794537270343 46858.242 0.522 1745.755574816487 3542
stats: 302 560 1529
stats: 200 84 517
stats: size_rcv 1453105 5943030
stats: newphase 1 9
stats: 422 137 291
stats: 502 2381 6866
stats: size_sent 1612704 5034212
stats: connected 24 264
stats: 204 0 19
stats: 500 38 187
# stats: dump at 1575447100
stats: users 174 279
stats: {freemem,"tsung_controller@ip-172-31-30-117"} 1 3445.5234375 0.0 3510.20703125 3445.5234375 3485.958203125 10
stats: {load,"tsung_controller@ip-172-31-30-117"} 1 0.33984375 0.0 0.33984375 0.0 0.030078125 10
stats: {recvpackets,"tsung_controller@ip-172-31-30-117"} 1 6454.0 0.0 6454 109 1596.111111111111 9
stats: {sentpackets,"tsung_controller@ip-172-31-30-117"} 1 6720.0 0.0 6720 66 1635.0 9
stats: {cpu,"tsung_controller@ip-172-31-30-117"} 1 37.17579250720461 0.0 37.17579250720461 0.501002004008016 9.92397084355472 10
stats: session 294 8587.07143537415 6810.67600423914 64627.205 1150.058 12048.730014285717 770
stats: users_count 203 1238
stats: finish_users_count 294 1064
stats: request 3183 489.35219541313313 939.9733850106641 21199.461 0.484 859.7456293973859 9409
stats: connect 208 5.9127644230769265 13.274485060897979 126.398 0.85 3.369687378640777 1030
stats: page 1691 879.5208202247201 1689.536040856581 46858.242 0.522 1496.4900041384496 5316
stats: 302 649 2178
stats: 200 105 622
stats: size_rcv 1550280 7493310
stats: newphase 0 9
stats: 422 174 465
stats: 502 2216 9082
stats: size_sent 1703386 6737598
stats: connected -88 176
stats: 204 0 19
stats: 500 39 226
# stats: dump at 1575447110
stats: users 9 279
stats: {freemem,"tsung_controller@ip-172-31-30-117"} 1 3446.66015625 0.0 3510.20703125 3445.5234375 3482.282315340909 11
stats: {load,"tsung_controller@ip-172-31-30-117"} 1 0.359375 0.0 0.359375 0.0 0.05823863636363636 11
stats: {recvpackets,"tsung_controller@ip-172-31-30-117"} 1 5550.0 0.0 6454 109 2081.9 10
stats: {sentpackets,"tsung_controller@ip-172-31-30-117"} 1 5474.0 0.0 6720 66 2143.5 10
stats: {cpu,"tsung_controller@ip-172-31-30-117"} 1 31.09575518262586 0.0 37.17579250720461 0.501002004008016 12.4014091766138 11
stats: session 165 13767.319866666672 11834.823305344727 78884.156 1150.058 11092.219091165414 1064
stats: users_count 0 1238
stats: finish_users_count 165 1229
stats: request 991 913.0926972754811 2394.2078550572937 34346.918 0.484 766.1177465851339 12592
stats: connect 0 0 0 126.398 0.85 3.7969571890145404 1238
stats: page 405 2717.0710987654343 4144.978648436475 46858.242 0.522 1347.5967702297703 7007
stats: 302 766 2944
stats: 200 22 644
stats: size_rcv 757972 8251282
stats: newphase 0 9
stats: 422 145 610
stats: 502 33 9115
stats: size_sent 661930 7399528
stats: connected -167 9
stats: 204 2 21
stats: 500 23 249
# stats: dump at 1575447120
stats: users 2 279
stats: {freemem,"tsung_controller@ip-172-31-30-117"} 1 3445.31640625 0.0 3510.20703125 3445.31640625 3479.3138020833335 12
stats: {load,"tsung_controller@ip-172-31-30-117"} 1 0.37890625 0.0 0.37890625 0.0 0.08333333333333333 12
stats: {recvpackets,"tsung_controller@ip-172-31-30-117"} 1 2191.0 0.0 6454 109 2397.181818181818 11
stats: {sentpackets,"tsung_controller@ip-172-31-30-117"} 1 1471.0 0.0 6720 66 2446.2727272727275 11
stats: {cpu,"tsung_controller@ip-172-31-30-117"} 1 12.01588877855015 0.0 37.17579250720461 0.501002004008016 13.959271343781472 12
stats: session 7 32195.877857142852 13814.96993954762 78884.156 1150.058 11451.366062652563 1229
stats: users_count 0 1238
stats: finish_users_count 7 1236
stats: request 33 2614.891454545454 2591.9254465255267 34346.918 0.484 776.8408693219471 13583
stats: connect 0 0 0 126.398 0.85 3.7969571890145404 1238
stats: page 14 6593.535714285715 1699.4282989185103 46858.242 0.522 1422.4263847814354 7412
stats: 302 0 2944
stats: 200 22 666
stats: size_rcv 402642 8653924
stats: newphase 0 9
stats: 422 0 610
stats: 502 0 9115
stats: size_sent 23975 7423503
stats: connected -7 2
stats: 204 6 27
stats: 500 5 254
# stats: dump at 1575447126
stats: users 0 279
stats: {freemem,"tsung_controller@ip-172-31-30-117"} 1 3450.046875 0.0 3510.20703125 3445.31640625 3476.6986177884614 13
stats: {load,"tsung_controller@ip-172-31-30-117"} 1 0.3203125 0.0 0.37890625 0.0 0.10606971153846154 13
stats: {recvpackets,"tsung_controller@ip-172-31-30-117"} 1 332.0 0.0 6454 109 2380.0 12
stats: {sentpackets,"tsung_controller@ip-172-31-30-117"} 1 122.0 0.0 6720 66 2365.0000000000005 12
stats: {cpu,"tsung_controller@ip-172-31-30-117"} 1 1.4014014014014013 0.0 37.17579250720461 0.501002004008016 13.809780377225216 13
stats: session 2 27151.5265 747.6775000000016 78884.156 1150.058 11568.851161812298 1236
stats: users_count 0 1238
stats: finish_users_count 2 1238
stats: request 2 3702.2264999999998 627.6564999999999 34346.918 0.484 781.2956041421862 13616
stats: connect 0 0 0 126.398 0.85 3.7969571890145404 1238
stats: page 2 6234.117 3102.2639999999997 46858.242 0.522 1432.1753116078642 7426
stats: 302 0 2944
stats: 200 2 668
stats: size_rcv 81373 8735297
stats: newphase 0 9
stats: 422 0 610
stats: 502 0 9115
stats: size_sent 0 7423503
stats: connected -2 0
stats: 204 0 27
stats: 500 0 254
EndMonitor:{1575,447126,122825}
