# stats: dump at 1575444769
stats: users 2 3
stats: {freemem,"tsung_controller@ip-172-31-30-117"} 1 3513.53515625 0 3513.53515625 3513.53515625 0 0
stats: {load,"tsung_controller@ip-172-31-30-117"} 1 0.01171875 0 0.01171875 0.01171875 0 0
stats: {cpu,"tsung_controller@ip-172-31-30-117"} 1 2.086193112394974 0 2.086193112394974 2.086193112394974 0 0
stats: session 1 6181.802 0 6181.802 6181.802 0 0
stats: users_count 3 3
stats: finish_users_count 1 1
stats: request 17 92.00664705882353 213.22984645680603 906.632 6.32 0 0
stats: connect 3 6.651 4.677861263440804 12.869 1.586 0 0
stats: page 10 149.1228 280.95902467007534 959.326 6.32 0 0
stats: 302 7 7
stats: 200 8 8
stats: size_rcv 26796 26796
stats: size_sent 15243 15243
stats: connected 3 3
stats: 204 1 1
stats: 500 1 1
# stats: dump at 1575444779
stats: users 1 3
stats: {freemem,"tsung_controller@ip-172-31-30-117"} 1 3512.63671875 0.0 3513.53515625 3512.63671875 3513.53515625 1
stats: {load,"tsung_controller@ip-172-31-30-117"} 1 0.01171875 0.0 0.01171875 0.01171875 0.01171875 1
stats: {recvpackets,"tsung_controller@ip-172-31-30-117"} 1 112 0 112 112 0 0
stats: {sentpackets,"tsung_controller@ip-172-31-30-117"} 1 89 0 89 89 0 0
stats: {cpu,"tsung_controller@ip-172-31-30-117"} 1 0.8999999999999999 0.0 2.086193112394974 0.8999999999999999 2.086193112394974 1
stats: session 3 6542.359666666666 758.5633304127538 7417.441 5567.416 6181.802 1
stats: users_count 2 5
stats: finish_users_count 3 4
stats: request 37 341.4164864864864 662.6230462682515 2211.995 6.32 92.00664705882353 17
stats: connect 2 4.509 3.024 12.869 1.485 6.651 3
stats: page 19 667.3402105263158 831.1443630395245 2245.424 6.32 149.1228 10
stats: 302 8 15
stats: 200 21 29
stats: size_rcv 205166 231962
stats: newphase 1 1
stats: size_sent 31498 46741
stats: connected -2 1
stats: 204 4 5
stats: 500 4 5
# stats: dump at 1575444789
stats: users 18 18
stats: {freemem,"tsung_controller@ip-172-31-30-117"} 1 3509.3125 0.0 3513.53515625 3509.3125 3513.0859375 2
stats: {load,"tsung_controller@ip-172-31-30-117"} 1 0.01171875 0.0 0.01171875 0.01171875 0.01171875 2
stats: {recvpackets,"tsung_controller@ip-172-31-30-117"} 1 204.0 0.0 204 112 112.0 1
stats: {sentpackets,"tsung_controller@ip-172-31-30-117"} 1 113.0 0.0 113 89 89.0 1
stats: {cpu,"tsung_controller@ip-172-31-30-117"} 1 1.1011011011011012 0.0 2.086193112394974 0.8999999999999999 1.493096556197487 2
stats: session 2 6158.8675 497.5484999999999 7417.441 5567.416 6452.220249999999 4
stats: users_count 19 24
stats: finish_users_count 2 6
stats: request 81 245.21439506172834 541.987176372435 3398.575 5.685 262.898574074074 54
stats: connect 18 4.426388888888889 2.4509158183759463 12.869 1.239 5.7942 5
stats: page 59 276.9999830508475 597.6485073855303 3434.181 5.685 488.6445517241379 29
stats: 302 37 52
stats: 200 39 68
stats: size_rcv 212114 444076
stats: newphase 1 2
stats: size_sent 70249 116990
stats: connected 16 17
stats: 204 2 7
stats: 500 3 8
# stats: dump at 1575444799
stats: users 36 36
stats: {freemem,"tsung_controller@ip-172-31-30-117"} 1 3508.078125 0.0 3513.53515625 3508.078125 3511.828125 3
stats: {load,"tsung_controller@ip-172-31-30-117"} 1 0.01171875 0.0 0.01171875 0.01171875 0.01171875 3
stats: {recvpackets,"tsung_controller@ip-172-31-30-117"} 1 447.0 0.0 447 112 158.0 2
stats: {sentpackets,"tsung_controller@ip-172-31-30-117"} 1 379.0 0.0 379 89 101.0 2
stats: {cpu,"tsung_controller@ip-172-31-30-117"} 1 3.1904287138584246 0.0 3.1904287138584246 0.8999999999999999 1.3624314044986916 3
stats: session 4 11758.78925 3756.005612591945 15741.387 5567.416 6354.435999999999 6
stats: users_count 22 46
stats: finish_users_count 4 10
stats: request 113 1511.3650619469026 2118.7157049453303 8671.472 3.688 252.28806666666662 135
stats: connect 19 4.183894736842106 2.2277387849976544 12.869 1.239 4.723739130434782 23
stats: page 69 1758.4810289855075 2634.156664343863 11817.881 5.466 346.74648863636367 88
stats: 302 51 103
stats: 200 40 108
stats: size_rcv 252954 697030
stats: newphase 1 3
stats: 422 2 2
stats: size_sent 96102 213092
stats: connected 15 32
stats: 204 4 11
stats: 500 16 24
# stats: dump at 1575444809
stats: users 93 93
stats: {freemem,"tsung_controller@ip-172-31-30-117"} 1 3500.9140625 0.0 3513.53515625 3500.9140625 3510.890625 4
stats: {load,"tsung_controller@ip-172-31-30-117"} 1 0.01171875 0.0 0.01171875 0.01171875 0.01171875 4
stats: {recvpackets,"tsung_controller@ip-172-31-30-117"} 1 474.0 0.0 474 112 254.33333333333334 3
stats: {sentpackets,"tsung_controller@ip-172-31-30-117"} 1 387.0 0.0 387 89 193.66666666666666 3
stats: {cpu,"tsung_controller@ip-172-31-30-117"} 1 3.4000000000000004 0.0 3.4000000000000004 0.8999999999999999 1.819430731838625 4
stats: session 5 22085.5784 1946.4195892742762 24329.309 5567.416 8516.1773 10
stats: users_count 62 108
stats: finish_users_count 5 15
stats: request 161 2330.3724223602485 2287.648878797427 13572.047 3.688 825.9804072580645 248
stats: connect 58 3.716258620689656 2.420716768747358 12.869 1.161 4.479523809523809 42
stats: page 131 2436.1481984732827 3058.9747385917926 16406.536 5.466 967.1903312101912 157
stats: 302 79 182
stats: 200 63 171
stats: size_rcv 427320 1124350
stats: newphase 1 4
stats: 422 0 2
stats: size_sent 145276 358368
stats: connected 53 85
stats: 204 4 15
stats: 500 15 39
# stats: dump at 1575444819
stats: users 173 173
stats: {freemem,"tsung_controller@ip-172-31-30-117"} 1 3495.51953125 0.0 3513.53515625 3495.51953125 3508.8953125 5
stats: {load,"tsung_controller@ip-172-31-30-117"} 1 0.0 0.0 0.01171875 0.0 0.01171875 5
stats: {recvpackets,"tsung_controller@ip-172-31-30-117"} 1 880.0 0.0 880 112 309.25 4
stats: {sentpackets,"tsung_controller@ip-172-31-30-117"} 1 778.0 0.0 778 89 242.0 4
stats: {cpu,"tsung_controller@ip-172-31-30-117"} 1 5.4 0.0 5.4 0.8999999999999999 2.1355445854709 5
stats: session 3 18509.516333333333 7282.321389894723 28662.605 5567.416 13039.310999999998 15
stats: users_count 83 191
stats: finish_users_count 3 18
stats: request 150 4076.7016733333335 2027.6863315254013 13572.047 0.862 1418.1738410757946 409
stats: connect 88 3.29089772727273 2.1811388759908135 12.869 1.16 4.03683 100
stats: page 123 4343.4642195122 3538.793977714566 22542.469 0.862 1635.3621388888891 288
stats: 302 70 252
stats: 200 61 232
stats: size_rcv 334531 1458881
stats: newphase 1 5
stats: 422 0 2
stats: 502 4 4
stats: size_sent 152699 511067
stats: connected 87 172
stats: 204 1 16
stats: 500 14 53
# stats: dump at 1575444829
stats: users 224 227
stats: {freemem,"tsung_controller@ip-172-31-30-117"} 1 3478.81640625 0.0 3513.53515625 3478.81640625 3506.666015625 6
stats: {load,"tsung_controller@ip-172-31-30-117"} 1 0.0 0.0 0.01171875 0.0 0.009765625 6
stats: {recvpackets,"tsung_controller@ip-172-31-30-117"} 1 925.0 0.0 925 112 423.4 5
stats: {sentpackets,"tsung_controller@ip-172-31-30-117"} 1 850.0 0.0 850 89 349.2 5
stats: {cpu,"tsung_controller@ip-172-31-30-117"} 1 5.800000000000001 0.0 5.800000000000001 0.8999999999999999 2.6796204878924166 6
stats: session 82 12871.07543902439 9466.598298016384 41639.775 1183.446 13951.011888888888 18
stats: users_count 133 324
stats: finish_users_count 82 100
stats: request 1088 1420.0709384191175 3018.6701674941824 17914.08 0.776 2131.553402504472 559
stats: connect 130 3.668184615384615 2.713476701958395 13.795 1.153 3.6876702127659584 188
stats: page 665 2044.1802060150385 3880.4407799311844 30402.662 0.812 2445.816046228712 411
stats: 302 122 374
stats: 200 73 305
stats: size_rcv 799272 2258153
stats: newphase 1 6
stats: 422 5 7
stats: 502 873 877
stats: size_sent 664658 1175725
stats: connected 52 224
stats: 204 3 19
stats: 500 12 65
# stats: dump at 1575444839
stats: users 218 233
stats: {freemem,"tsung_controller@ip-172-31-30-117"} 1 3473.68359375 0.0 3513.53515625 3473.68359375 3502.6875 7
stats: {load,"tsung_controller@ip-172-31-30-117"} 1 0.23828125 0.0 0.23828125 0.0 0.008370535714285714 7
stats: {recvpackets,"tsung_controller@ip-172-31-30-117"} 1 2767.0 0.0 2767 112 507.0 6
stats: {sentpackets,"tsung_controller@ip-172-31-30-117"} 1 2952.0 0.0 2952 89 432.6666666666667 6
stats: {cpu,"tsung_controller@ip-172-31-30-117"} 1 19.60591133004926 0.0 19.60591133004926 0.8999999999999999 3.1253889896220715 7
stats: session 158 9587.700607594945 7850.477544629291 45514.97 1183.446 13065.464 100
stats: users_count 152 476
stats: finish_users_count 158 258
stats: request 2053 858.4563823672672 2242.3016060721498 17914.08 0.771 1661.551629022465 1647
stats: connect 151 3.222238410596027 2.976929785833536 19.322 1.146 3.679704402515724 318
stats: page 1102 1300.3773221415615 3556.363720101385 35097.229 0.812 2197.593152416358 1076
stats: 302 152 526
stats: 200 86 391
stats: size_rcv 1107994 3366147
stats: newphase 1 7
stats: 422 34 41
stats: 502 1768 2645
stats: size_sent 1033985 2209710
stats: connected -10 214
stats: 204 1 20
stats: 500 12 77
# stats: dump at 1575444849
stats: users 259 266
stats: {freemem,"tsung_controller@ip-172-31-30-117"} 1 3467.47265625 0.0 3513.53515625 3467.47265625 3499.06201171875 8
stats: {load,"tsung_controller@ip-172-31-30-117"} 1 0.2109375 0.0 0.23828125 0.0 0.037109375 8
stats: {recvpackets,"tsung_controller@ip-172-31-30-117"} 1 3531.0 0.0 3531 112 829.8571428571429 7
stats: {sentpackets,"tsung_controller@ip-172-31-30-117"} 1 3923.0 0.0 3923 89 792.5714285714286 7
stats: {cpu,"tsung_controller@ip-172-31-30-117"} 1 25.857002938295786 0.0 25.857002938295786 0.8999999999999999 5.1854542821754706 8
stats: session 212 11992.156183962275 12766.12478597156 54962.682 1183.446 10935.670914728687 258
stats: users_count 253 729
stats: finish_users_count 212 470
stats: request 2444 743.9556223404256 2086.3575305673166 18161.013 0.766 1215.9422935135135 3700
stats: connect 254 3.2837047244094473 2.968196780765682 19.629 1.139 3.5324179104477618 469
stats: page 1326 1426.545838612368 4420.866921965847 42149.618 0.812 1743.6299545454556 2178
stats: 302 219 745
stats: 200 56 447
stats: size_rcv 1210491 4576638
stats: newphase 1 8
stats: 422 44 85
stats: 502 2100 4745
stats: size_sent 1023600 3233310
stats: connected 49 263
stats: 204 1 21
stats: 500 24 101
# stats: dump at 1575444859
stats: users 275 276
stats: {freemem,"tsung_controller@ip-172-31-30-117"} 1 3466.98828125 0.0 3513.53515625 3466.98828125 3495.5520833333335 9
stats: {load,"tsung_controller@ip-172-31-30-117"} 1 0.25 0.0 0.25 0.0 0.05642361111111111 9
stats: {recvpackets,"tsung_controller@ip-172-31-30-117"} 1 4688.0 0.0 4688 112 1167.5 8
stats: {sentpackets,"tsung_controller@ip-172-31-30-117"} 1 5234.0 0.0 5234 89 1183.875 8
stats: {cpu,"tsung_controller@ip-172-31-30-117"} 1 33.07317073170732 0.0 33.07317073170732 0.8999999999999999 7.482293021744393 9
stats: session 317 10951.341996845422 13285.43231506024 67834.629 1138.602 11412.213206382987 470
stats: users_count 333 1062
stats: finish_users_count 317 787
stats: request 3554 450.1973477771532 1286.894501853193 19645.803 0.763 1028.1923872070313 6144
stats: connect 330 3.834036363636366 3.5977875438662155 19.986 1.139 3.4450414937759333 723
stats: page 1950 983.6979830769218 3391.451459423523 43594.292 0.805 1623.6375065639274 3504
stats: 302 355 1100
stats: 200 70 517
stats: size_rcv 1497761 6074399
stats: newphase 1 9
stats: 422 82 167
stats: 502 3006 7751
stats: size_sent 1441478 4674788
stats: connected 8 271
stats: 204 0 21
stats: 500 41 142
# stats: dump at 1575444869
stats: users 172 276
stats: {freemem,"tsung_controller@ip-172-31-30-117"} 1 3462.79296875 0.0 3513.53515625 3462.79296875 3492.695703125 10
stats: {load,"tsung_controller@ip-172-31-30-117"} 1 0.30078125 0.0 0.30078125 0.0 0.07578125 10
stats: {recvpackets,"tsung_controller@ip-172-31-30-117"} 1 6521.0 0.0 6521 112 1558.6666666666667 9
stats: {sentpackets,"tsung_controller@ip-172-31-30-117"} 1 7223.0 0.0 7223 89 1633.888888888889 9
stats: {cpu,"tsung_controller@ip-172-31-30-117"} 1 38.684719535783366 0.0 38.684719535783366 0.8999999999999999 10.041380792740686 10
stats: session 284 9757.00107746478 11230.094402869683 67834.629 1138.602 11226.576391359597 787
stats: users_count 181 1243
stats: finish_users_count 284 1071
stats: request 3011 589.6579833942226 1404.3978486643855 27081.779 0.761 816.3760982676844 9698
stats: connect 190 3.4363315789473687 3.232118946572395 19.986 1.139 3.5669487179487187 1053
stats: page 1595 1111.8859548589353 2674.9510748248686 43594.292 0.795 1394.8362467913455 5454
stats: 302 667 1767
stats: 200 98 615
stats: size_rcv 1630230 7704629
stats: newphase 0 9
stats: 422 176 343
stats: 502 2040 9791
stats: size_sent 1505668 6180456
stats: connected -99 172
stats: 204 0 21
stats: 500 30 172
# stats: dump at 1575444879
stats: users 28 276
stats: {freemem,"tsung_controller@ip-172-31-30-117"} 1 3464.3359375 0.0 3513.53515625 3462.79296875 3489.9772727272725 11
stats: {load,"tsung_controller@ip-172-31-30-117"} 1 0.25 0.0 0.30078125 0.0 0.09623579545454546 11
stats: {recvpackets,"tsung_controller@ip-172-31-30-117"} 1 5126.0 0.0 6521 112 2054.9 10
stats: {sentpackets,"tsung_controller@ip-172-31-30-117"} 1 4992.0 0.0 7223 89 2192.8 10
stats: {cpu,"tsung_controller@ip-172-31-30-117"} 1 29.930624380574827 0.0 38.684719535783366 0.8999999999999999 12.645320678471837 11
stats: session 144 16139.815236111113 7191.986708712556 74767.55 1138.602 10836.885084967322 1071
stats: users_count 0 1243
stats: finish_users_count 144 1215
stats: request 798 1582.8293947368422 1837.9994129559436 27081.779 0.761 762.6623329136838 12709
stats: connect 0 0 0 19.986 1.139 3.5469831053901855 1243
stats: page 351 4289.718196581205 4153.667946461398 43594.292 0.795 1330.812170236913 7049
stats: 302 625 2392
stats: 200 10 625
stats: size_rcv 587354 8291983
stats: newphase 0 9
stats: 422 134 477
stats: 502 0 9791
stats: size_sent 520052 6700508
stats: connected -144 28
stats: 204 0 21
stats: 500 29 201
# stats: dump at 1575444889
stats: users 23 276
stats: {freemem,"tsung_controller@ip-172-31-30-117"} 1 3461.77734375 0.0 3513.53515625 3461.77734375 3487.8404947916665 12
stats: {load,"tsung_controller@ip-172-31-30-117"} 1 0.2890625 0.0 0.30078125 0.0 0.10904947916666667 12
stats: {recvpackets,"tsung_controller@ip-172-31-30-117"} 1 2015.0 0.0 6521 112 2334.090909090909 11
stats: {sentpackets,"tsung_controller@ip-172-31-30-117"} 1 1348.0 0.0 7223 89 2447.2727272727275 11
stats: {cpu,"tsung_controller@ip-172-31-30-117"} 1 13.902681231380337 0.0 38.684719535783366 0.8999999999999999 14.085762653647086 12
stats: session 5 72246.08959999999 7505.288597357059 82022.26 1138.602 11465.380510288067 1215
stats: users_count 0 1243
stats: finish_users_count 5 1220
stats: request 94 3648.9998723404246 3028.9146576437356 27081.779 0.761 811.1181939734959 13507
stats: connect 0 0 0 19.986 1.139 3.5469831053901855 1243
stats: page 15 13825.019866666667 8215.20909807056 43594.292 0.795 1471.1602804054057 7400
stats: 302 21 2413
stats: 200 51 676
stats: size_rcv 468978 8760961
stats: newphase 0 9
stats: 422 0 477
stats: 502 0 9791
stats: size_sent 79177 6779685
stats: connected -5 23
stats: 204 2 23
stats: 500 20 221
# stats: dump at 1575444899
stats: users 11 276
stats: {freemem,"tsung_controller@ip-172-31-30-117"} 1 3459.08984375 0.0 3513.53515625 3459.08984375 3485.835637019231 13
stats: {load,"tsung_controller@ip-172-31-30-117"} 1 0.23828125 0.0 0.30078125 0.0 0.12289663461538461 13
stats: {recvpackets,"tsung_controller@ip-172-31-30-117"} 1 488.0 0.0 6521 112 2307.5 12
stats: {sentpackets,"tsung_controller@ip-172-31-30-117"} 1 238.0 0.0 7223 89 2355.666666666667 12
stats: {cpu,"tsung_controller@ip-172-31-30-117"} 1 2.2022022022022023 0.0 38.684719535783366 0.8999999999999999 14.071679467318875 13
stats: session 12 43363.969000000005 14565.67297289601 82022.26 1138.602 11714.481777049183 1220
stats: users_count 0 1243
stats: finish_users_count 12 1232
stats: request 58 3169.0372758620697 1833.1487547398135 27081.779 0.761 830.7315222410123 13601
stats: connect 0 0 0 19.986 1.139 3.5469831053901855 1243
stats: page 31 11253.484322580647 3304.0279995475466 43594.292 0.795 1496.1512303438979 7415
stats: 302 0 2413
stats: 200 27 703
stats: size_rcv 515193 9276154
stats: newphase 0 9
stats: 422 0 477
stats: 502 0 9791
stats: size_sent 43787 6823472
stats: connected -12 11
stats: 204 16 39
stats: 500 15 236
# stats: dump at 1575444909
stats: users 0 276
stats: {freemem,"tsung_controller@ip-172-31-30-117"} 1 3461.06640625 0.0 3513.53515625 3459.08984375 3483.925223214286 14
stats: {load,"tsung_controller@ip-172-31-30-117"} 1 0.19921875 0.0 0.30078125 0.0 0.13113839285714285 14
stats: {recvpackets,"tsung_controller@ip-172-31-30-117"} 1 449.0 0.0 6521 112 2167.5384615384614 13
stats: {sentpackets,"tsung_controller@ip-172-31-30-117"} 1 237.0 0.0 7223 89 2192.769230769231 13
stats: {cpu,"tsung_controller@ip-172-31-30-117"} 1 2.1021021021021022 0.0 38.684719535783366 0.8999999999999999 13.223859662667683 14
stats: session 11 44988.56836363637 2982.8516985197616 82022.26 1138.602 12022.756003246755 1232
stats: users_count 0 1243
stats: finish_users_count 11 1243
stats: request 13 8291.725923076923 3362.79746135797 27081.779 0.761 840.6606337213565 13659
stats: connect 0 0 0 19.986 1.139 3.5469831053901855 1243
stats: page 11 13611.538909090908 2526.9340339785995 43594.292 0.795 1536.7740245769546 7446
stats: 302 0 2413
stats: 200 9 712
stats: size_rcv 389286 9665440
stats: newphase 0 9
stats: 422 1 478
stats: 502 0 9791
stats: size_sent 2672 6826144
stats: connected -10 1
stats: 204 0 39
stats: 500 3 239
# stats: dump at 1575444910
stats: users 0 276
stats: {freemem,"tsung_controller@ip-172-31-30-117"} 0 0 0 3513.53515625 3459.08984375 3482.401302083333 15
stats: {load,"tsung_controller@ip-172-31-30-117"} 0 0 0 0.30078125 0.0 0.13567708333333334 15
stats: {recvpackets,"tsung_controller@ip-172-31-30-117"} 0 0 0 6521 112 2044.7857142857142 14
stats: {sentpackets,"tsung_controller@ip-172-31-30-117"} 0 0 0 7223 89 2053.071428571429 14
stats: {cpu,"tsung_controller@ip-172-31-30-117"} 0 0 0 38.684719535783366 0.8999999999999999 12.482409158629979 15
stats: session 0 0 0 82022.26 1138.602 12314.488855993566 1243
stats: users_count 0 1243
stats: finish_users_count 0 1243
stats: request 1 5209.536 0.0 27081.779 0.761 847.7454675980111 13672
stats: connect 0 0 0 19.986 1.139 3.5469831053901855 1243
stats: page 1 5218.772 0.0 43594.292 0.795 1554.58580059005 7457
stats: 302 0 2413
stats: 200 1 713
stats: size_rcv 42417 9707857
stats: newphase 0 9
stats: 422 0 478
stats: 502 0 9791
stats: size_sent 0 6826144
stats: connected -1 0
stats: 204 0 39
stats: 500 0 239
EndMonitor:{1575,444910,560903}
