# stats: dump at 1575523568
stats: users 1 1
stats: {cpu,"tsung_controller@ip-172-31-31-62"} 1 1.810575793184489 0 1.810575793184489 1.810575793184489 0 0
stats: {load,"tsung_controller@ip-172-31-31-62"} 1 0.0 0 0.0 0.0 0 0
stats: {freemem,"tsung_controller@ip-172-31-31-62"} 1 3521.5078125 0 3521.5078125 3521.5078125 0 0
stats: users_count 1 1
stats: finish_users_count 0 0
stats: request 2 30.8245 13.278500000000001 44.103 17.546 0 0
stats: connect 1 12.983 0.0 12.983 12.983 0 0
stats: page 2 30.8245 13.278500000000001 44.103 17.546 0 0
stats: 302 1 1
stats: 200 1 1
stats: size_rcv 3521 3521
stats: size_sent 2051 2051
stats: connected 1 1
# stats: dump at 1575523578
stats: users 7 7
stats: {recvpackets,"tsung_controller@ip-172-31-31-62"} 1 12 0 12 12 0 0
stats: {sentpackets,"tsung_controller@ip-172-31-31-62"} 1 13 0 13 13 0 0
stats: {cpu,"tsung_controller@ip-172-31-31-62"} 1 0.40040040040040037 0.0 1.810575793184489 0.40040040040040037 1.810575793184489 1
stats: {load,"tsung_controller@ip-172-31-31-62"} 1 0.0 0.0 0.0 0.0 0.0 1
stats: {freemem,"tsung_controller@ip-172-31-31-62"} 1 3524.09375 0.0 3524.09375 3521.5078125 3521.5078125 1
stats: users_count 6 7
stats: finish_users_count 0 0
stats: request 9 1433.4655555555555 1334.197211912018 3545.043 17.546 30.8245 2
stats: connect 5 16.9892 14.641453253007366 38.405 4.484 12.983 1
stats: page 7 1807.2181428571425 1288.3382158664072 3545.043 17.546 30.8245 2
stats: 302 5 6
stats: 200 4 5
stats: size_rcv 56681 60202
stats: newphase 1 1
stats: size_sent 9175 11226
stats: connected 5 6
# stats: dump at 1575523588
stats: users 18 18
stats: {recvpackets,"tsung_controller@ip-172-31-31-62"} 1 86.0 0.0 86 12 12.0 1
stats: {sentpackets,"tsung_controller@ip-172-31-31-62"} 1 63.0 0.0 63 13 13.0 1
stats: {cpu,"tsung_controller@ip-172-31-31-62"} 1 0.8991008991008992 0.0 1.810575793184489 0.40040040040040037 1.1054880967924448 2
stats: {load,"tsung_controller@ip-172-31-31-62"} 1 0.0 0.0 0.0 0.0 0.0 2
stats: {freemem,"tsung_controller@ip-172-31-31-62"} 1 3521.42578125 0.0 3524.09375 3521.42578125 3522.80078125 2
stats: users_count 11 18
stats: finish_users_count 0 0
stats: request 13 2777.982000000001 1887.3096857387725 6575.278 17.546 1178.439909090909 11
stats: connect 10 19.6234 10.303893644637448 39.124 4.484 16.3215 6
stats: page 13 2777.982000000001 1887.3096857387725 6575.278 17.546 1412.4639999999997 9
stats: 302 8 14
stats: 200 5 10
stats: size_rcv 18053 78255
stats: newphase 1 2
stats: size_sent 10012 21238
stats: connected 10 16
# stats: dump at 1575523598
stats: users 41 41
stats: {recvpackets,"tsung_controller@ip-172-31-31-62"} 1 93.0 0.0 93 12 49.0 2
stats: {sentpackets,"tsung_controller@ip-172-31-31-62"} 1 93.0 0.0 93 13 38.0 2
stats: {cpu,"tsung_controller@ip-172-31-31-62"} 1 0.999000999000999 0.0 1.810575793184489 0.40040040040040037 1.0366923642285963 3
stats: {load,"tsung_controller@ip-172-31-31-62"} 1 0.0 0.0 0.0 0.0 0.0 3
stats: {freemem,"tsung_controller@ip-172-31-31-62"} 1 3518.8203125 0.0 3524.09375 3518.8203125 3522.3424479166665 3
stats: users_count 23 41
stats: finish_users_count 0 0
stats: request 18 2266.246888888889 1460.3831786078492 6575.278 17.546 2044.8585416666672 24
stats: connect 23 21.946565217391303 12.828235118119197 42.537 0.934 18.3851875 16
stats: page 18 2266.246888888889 1460.3831786078492 6575.278 17.546 2219.3610000000003 22
stats: 302 12 26
stats: 200 6 16
stats: size_rcv 22057 100312
stats: newphase 1 3
stats: size_sent 22243 43481
stats: connected 23 39
# stats: dump at 1575523608
stats: users 78 78
stats: {recvpackets,"tsung_controller@ip-172-31-31-62"} 1 113.0 0.0 113 12 63.666666666666664 3
stats: {sentpackets,"tsung_controller@ip-172-31-31-62"} 1 125.0 0.0 125 13 56.333333333333336 3
stats: {cpu,"tsung_controller@ip-172-31-31-62"} 1 1.4970059880239521 0.0 1.810575793184489 0.40040040040040037 1.027269522921697 4
stats: {load,"tsung_controller@ip-172-31-31-62"} 1 0.0 0.0 0.0 0.0 0.0 4
stats: {freemem,"tsung_controller@ip-172-31-31-62"} 1 3518.390625 0.0 3524.09375 3518.390625 3521.4619140625 4
stats: users_count 37 78
stats: finish_users_count 0 0
stats: request 16 12564.551937499999 4531.707343900565 23891.776 17.546 2139.7392619047623 42
stats: connect 37 21.6787027027027 11.91940699791246 42.537 0.934 20.48548717948718 39
stats: page 16 12564.551937499999 4531.707343900565 23891.776 17.546 2240.4596500000002 40
stats: 302 8 34
stats: 200 3 19
stats: size_rcv 20806 121118
stats: newphase 1 4
stats: size_sent 20182 63663
stats: connected 37 76
stats: 500 5 5
# stats: dump at 1575523618
stats: users 148 148
stats: {recvpackets,"tsung_controller@ip-172-31-31-62"} 1 237.0 0.0 237 12 76.0 4
stats: {sentpackets,"tsung_controller@ip-172-31-31-62"} 1 265.0 0.0 265 13 73.5 4
stats: {cpu,"tsung_controller@ip-172-31-31-62"} 1 2.783300198807157 0.0 2.783300198807157 0.40040040040040037 1.121216815942148 5
stats: {load,"tsung_controller@ip-172-31-31-62"} 1 0.0 0.0 0.0 0.0 0.0 5
stats: {freemem,"tsung_controller@ip-172-31-31-62"} 1 3511.1328125 0.0 3524.09375 3511.1328125 3520.84765625 5
stats: users_count 70 148
stats: finish_users_count 0 0
stats: request 81 10185.570098765436 6298.6272134508845 34293.944 17.546 5015.549655172414 58
stats: connect 71 18.58043661971831 12.50294802276917 45.331 0.934 21.066394736842103 76
stats: page 81 10185.570098765436 6298.6272134508845 34293.944 17.546 5190.200303571429 56
stats: 302 60 94
stats: 200 19 38
stats: size_rcv 77119 198237
stats: newphase 1 5
stats: size_sent 80520 144183
stats: connected 71 147
stats: 500 2 7
# stats: dump at 1575523628
stats: users 210 211
stats: {recvpackets,"tsung_controller@ip-172-31-31-62"} 1 407.0 0.0 407 12 108.2 5
stats: {sentpackets,"tsung_controller@ip-172-31-31-62"} 1 456.0 0.0 456 13 111.8 5
stats: {cpu,"tsung_controller@ip-172-31-31-62"} 1 4.369414101290963 0.0 4.369414101290963 0.40040040040040037 1.3982307130863163 6
stats: {load,"tsung_controller@ip-172-31-31-62"} 1 0.078125 0.0 0.078125 0.0 0.0 6
stats: {freemem,"tsung_controller@ip-172-31-31-62"} 1 3503.95703125 0.0 3524.09375 3503.95703125 3519.228515625 6
stats: session 52 6128.973134615382 8598.4068901378 37307.199 1276.421 0 0
stats: users_count 114 262
stats: finish_users_count 52 52
stats: request 720 740.2172111111106 3826.809423905359 53661.626 0.42 8028.295381294965 139
stats: connect 111 20.020801801801795 11.992287495892551 58.5 0.906 19.865693877551017 147
stats: page 441 1168.883097505668 4769.814408847828 53661.626 0.478 8143.667116788323 137
stats: 302 18 112
stats: 200 10 48
stats: size_rcv 255255 453492
stats: newphase 1 6
stats: 502 691 691
stats: size_sent 230717 374900
stats: connected 60 207
stats: 500 1 8
# stats: dump at 1575523638
stats: users 221 226
stats: {recvpackets,"tsung_controller@ip-172-31-31-62"} 1 1475.0 0.0 1475 12 158.0 6
stats: {sentpackets,"tsung_controller@ip-172-31-31-62"} 1 1874.0 0.0 1874 13 169.16666666666666 6
stats: {cpu,"tsung_controller@ip-172-31-31-62"} 1 14.774951076320939 0.0 14.774951076320939 0.40040040040040037 1.8226854828298376 7
stats: {load,"tsung_controller@ip-172-31-31-62"} 1 0.0703125 0.0 0.078125 0.0 0.011160714285714286 7
stats: {freemem,"tsung_controller@ip-172-31-31-62"} 1 3496.80859375 0.0 3524.09375 3496.80859375 3517.046875 7
stats: session 151 9958.365814569543 12738.58051677321 66233.764 1276.421 6128.973134615382 52
stats: users_count 162 424
stats: finish_users_count 151 203
stats: request 1833 504.6130120021835 3453.925915451656 60000.587 0.42 1919.545343422584 859
stats: connect 156 19.516391025641024 11.88715694512883 58.5 0.906 19.932426356589144 258
stats: page 1022 862.771393346379 4497.276896625831 60290.734 0.421 2822.0758494809684 578
stats: 302 22 134
stats: 504 1 1
stats: 200 12 60
stats: size_rcv 614977 1068469
stats: newphase 1 7
stats: 502 1794 2485
stats: size_sent 664338 1039238
stats: connected 8 215
stats: 500 4 12
# stats: dump at 1575523648
stats: users 230 239
stats: {recvpackets,"tsung_controller@ip-172-31-31-62"} 1 2.9e3 0.0 2900 12 346.14285714285717 7
stats: {sentpackets,"tsung_controller@ip-172-31-31-62"} 1 3716.0 0.0 3716 13 412.7142857142857 7
stats: {cpu,"tsung_controller@ip-172-31-31-62"} 1 21.53996101364522 0.0 21.53996101364522 0.40040040040040037 3.441718682016225 8
stats: {load,"tsung_controller@ip-172-31-31-62"} 1 0.05859375 0.0 0.078125 0.0 0.0185546875 8
stats: {freemem,"tsung_controller@ip-172-31-31-62"} 1 3495.44921875 0.0 3524.09375 3495.44921875 3514.51708984375 8
stats: session 196 7146.091336734693 11777.82061022629 66854.749 1276.421 8977.437640394091 203
stats: users_count 205 629
stats: finish_users_count 196 399
stats: request 2281 346.9753809732561 3088.9114545297243 60000.587 0.42 956.1088785289755 2692
stats: connect 205 20.07443902439023 11.599069679365229 58.5 0.906 19.775659420289852 414
stats: page 1258 603.1298569157386 4038.511976114142 60290.734 0.421 1570.5701281249994 1600
stats: 302 15 149
stats: 504 0 1
stats: 200 10 70
stats: size_rcv 745881 1814350
stats: newphase 1 8
stats: 502 2255 4740
stats: size_sent 692271 1731509
stats: connected 10 225
stats: 500 1 13
# stats: dump at 1575523658
stats: users 272 278
stats: {recvpackets,"tsung_controller@ip-172-31-31-62"} 1 3528.0 0.0 3528 12 665.375 8
stats: {sentpackets,"tsung_controller@ip-172-31-31-62"} 1 4458.0 0.0 4458 13 825.625 8
stats: {cpu,"tsung_controller@ip-172-31-31-62"} 1 24.274661508704064 0.0 24.274661508704064 0.40040040040040037 5.452634496641669 9
stats: {load,"tsung_controller@ip-172-31-31-62"} 1 0.19921875 0.0 0.19921875 0.0 0.023003472222222224 9
stats: {freemem,"tsung_controller@ip-172-31-31-62"} 1 3494.55078125 0.0 3524.09375 3494.55078125 3512.3984375 9
stats: session 257 7553.8926381322935 13584.567056911777 76449.559 1276.421 8077.828929824562 399
stats: users_count 299 928
stats: finish_users_count 257 656
stats: request 3021 371.2620880503164 3596.909825551092 60000.587 0.42 676.7134415845564 4973
stats: connect 293 19.808778156996574 11.461189117553568 58.5 0.836 19.874609046849752 619
stats: page 1702 636.5044629847256 4686.782268632863 60290.734 0.421 1144.733927571728 2858
stats: 302 15 164
stats: 504 0 1
stats: 200 11 81
stats: size_rcv 982865 2797215
stats: newphase 1 9
stats: 502 2993 7733
stats: size_sent 877945 2609454
stats: connected 41 266
stats: 500 2 15
# stats: dump at 1575523668
stats: users 272 305
stats: {recvpackets,"tsung_controller@ip-172-31-31-62"} 1 5210.0 0.0 5210 12 983.4444444444445 9
stats: {sentpackets,"tsung_controller@ip-172-31-31-62"} 1 6224.0 0.0 6224 13 1229.2222222222222 9
stats: {cpu,"tsung_controller@ip-172-31-31-62"} 1 29.394812680115272 0.0 29.394812680115272 0.40040040040040037 7.334837197847909 10
stats: {load,"tsung_controller@ip-172-31-31-62"} 1 0.171875 0.0 0.19921875 0.0 0.040625 10
stats: {freemem,"tsung_controller@ip-172-31-31-62"} 1 3493.12890625 0.0 3524.09375 3493.12890625 3510.613671875 10
stats: session 347 8331.908216138327 15147.596278667086 92147.832 1276.421 7872.567303353658 656
stats: users_count 347 1275
stats: finish_users_count 347 1003
stats: request 4109 500.7545049890491 4541.10121631133 60000.587 0.42 561.2807997247942 7994
stats: connect 363 19.42773002754819 11.319177518030658 58.5 0.836 19.853459429824554 912
stats: page 2245 882.2228636971035 6013.706596602242 60290.734 0.421 955.0395089912283 4560
stats: 302 30 194
stats: 504 0 1
stats: 200 9 90
stats: size_rcv 1320878 4118093
stats: newphase 0 9
stats: 502 4065 11798
stats: 422 1 1
stats: size_sent 1190806 3800260
stats: connected 14 280
stats: 500 4 19
# stats: dump at 1575523678
stats: users 157 305
stats: {recvpackets,"tsung_controller@ip-172-31-31-62"} 1 6343.0 0.0 6343 12 1406.1 10
stats: {sentpackets,"tsung_controller@ip-172-31-31-62"} 1 7607.0 0.0 7607 13 1728.7 10
stats: {cpu,"tsung_controller@ip-172-31-31-62"} 1 32.95128939828081 0.0 32.95128939828081 0.40040040040040037 9.34028951441767 11
stats: {load,"tsung_controller@ip-172-31-31-62"} 1 0.2890625 0.0 0.2890625 0.0 0.052556818181818184 11
stats: {freemem,"tsung_controller@ip-172-31-31-62"} 1 3492.0078125 0.0 3524.09375 3492.0078125 3509.0241477272725 11
stats: session 115 16701.670799999996 22732.706597149736 92147.832 1276.421 8031.481856430707 1003
stats: users_count 0 1275
stats: finish_users_count 115 1118
stats: request 1153 3440.4660962705975 11263.77531692922 60061.779 0.42 540.7319651326123 12103
stats: connect 0 0 0 58.5 0.836 19.73225176470587 1275
stats: page 513 4369.232879142301 13230.656520879726 64238.627 0.421 931.0169713445994 6805
stats: 302 75 269
stats: 504 3 4
stats: 200 8 98
stats: size_rcv 401103 4519196
stats: newphase 0 9
stats: 502 1050 12848
stats: 422 15 16
stats: size_sent 407376 4207636
stats: connected -123 157
stats: 500 2 21
# stats: dump at 1575523688
stats: users 136 305
stats: {recvpackets,"tsung_controller@ip-172-31-31-62"} 1 1063.0 0.0 6343 12 1854.909090909091 11
stats: {sentpackets,"tsung_controller@ip-172-31-31-62"} 1 1101.0 0.0 7607 13 2263.090909090909 11
stats: {cpu,"tsung_controller@ip-172-31-31-62"} 1 7.000000000000001 0.0 32.95128939828081 0.40040040040040037 11.307872838072932 12
stats: {load,"tsung_controller@ip-172-31-31-62"} 1 0.3203125 0.0 0.3203125 0.0 0.072265625 12
stats: {freemem,"tsung_controller@ip-172-31-31-62"} 1 3492.05078125 0.0 3524.09375 3492.0078125 3507.6061197916665 12
stats: session 21 36995.97738095238 19950.60336410004 92147.832 1276.421 8923.317033989266 1118
stats: users_count 0 1275
stats: finish_users_count 21 1139
stats: request 160 12943.225137499998 6892.742722748978 60061.779 0.42 792.9493348672303 13256
stats: connect 0 0 0 58.5 0.836 19.73225176470587 1275
stats: page 63 22072.798444444437 13041.088056162364 64238.627 0.421 1172.0397590871821 7318
stats: 302 138 407
stats: 504 0 4
stats: 200 3 101
stats: size_rcv 66563 4585759
stats: newphase 0 9
stats: 502 0 12848
stats: 422 19 35
stats: size_sent 104661 4312297
stats: connected -20 137
stats: 500 0 21
# stats: dump at 1575523698
stats: users 135 305
stats: {recvpackets,"tsung_controller@ip-172-31-31-62"} 1 322.0 0.0 6343 12 1788.9166666666667 12
stats: {sentpackets,"tsung_controller@ip-172-31-31-62"} 1 215.0 0.0 7607 13 2166.25 12
stats: {cpu,"tsung_controller@ip-172-31-31-62"} 1 2.7 0.0 32.95128939828081 0.40040040040040037 10.976498004375014 13
stats: {load,"tsung_controller@ip-172-31-31-62"} 1 0.26953125 0.0 0.3203125 0.0 0.09134615384615384 13
stats: {freemem,"tsung_controller@ip-172-31-31-62"} 1 3492.19921875 0.0 3524.09375 3492.0078125 3506.4095552884614 13
stats: session 1 32013.852 0.0 92147.832 1276.421 9440.899007023705 1139
stats: users_count 0 1275
stats: finish_users_count 1 1140
stats: request 31 11718.49441935484 2530.8113174854493 60061.779 0.42 937.854234123435 13416
stats: connect 0 0 0 58.5 0.836 19.73225176470587 1275
stats: page 8 33874.69375 22385.264222758262 79929.119 0.421 1350.4366967890526 7381
stats: 302 23 430
stats: 504 0 4
stats: 200 1 102
stats: size_rcv 20328 4606087
stats: newphase 0 9
stats: 502 0 12848
stats: 422 6 41
stats: size_sent 21832 4334129
stats: connected -2 135
stats: 500 1 22
# stats: dump at 1575523708
stats: users 126 305
stats: {recvpackets,"tsung_controller@ip-172-31-31-62"} 1 74.0 0.0 6343 12 1676.076923076923 13
stats: {sentpackets,"tsung_controller@ip-172-31-31-62"} 1 49.0 0.0 7607 13 2016.1538461538462 13
stats: {cpu,"tsung_controller@ip-172-31-31-62"} 1 1.098901098901099 0.0 32.95128939828081 0.40040040040040037 10.385319575491083 14
stats: {load,"tsung_controller@ip-172-31-31-62"} 1 0.23046875 0.0 0.3203125 0.0 0.10407366071428571 14
stats: {freemem,"tsung_controller@ip-172-31-31-62"} 1 3491.98046875 0.0 3524.09375 3491.98046875 3505.39453125 14
stats: session 9 63071.263 23351.17777296908 112071.739 1276.421 9460.699842982456 1140
stats: users_count 0 1275
stats: finish_users_count 9 1149
stats: request 78 21588.160974358983 2075.669782196499 60061.779 0.42 962.7073497434375 13447
stats: connect 0 0 0 58.5 0.836 19.73225176470587 1275
stats: page 25 37335.091920000006 19023.537487035726 79929.119 0.421 1385.6504004601431 7389
stats: 302 65 495
stats: 504 0 4
stats: 200 2 104
stats: size_rcv 37197 4643284
stats: newphase 0 9
stats: 502 0 12848
stats: 422 9 50
stats: size_sent 52041 4386170
stats: connected -9 126
stats: 500 2 24
# stats: dump at 1575523718
stats: users 111 305
stats: {recvpackets,"tsung_controller@ip-172-31-31-62"} 1 212.0 0.0 6343 12 1561.642857142857 14
stats: {sentpackets,"tsung_controller@ip-172-31-31-62"} 1 139.0 0.0 7607 13 1875.642857142857 14
stats: {cpu,"tsung_controller@ip-172-31-31-62"} 1 1.8962075848303395 0.0 32.95128939828081 0.40040040040040037 9.766225010385085 15
stats: {load,"tsung_controller@ip-172-31-31-62"} 1 0.19140625 0.0 0.3203125 0.0 0.1125 15
stats: {freemem,"tsung_controller@ip-172-31-31-62"} 1 3490.8125 0.0 3524.09375 3490.8125 3504.5002604166666 15
stats: session 15 55811.757733333325 9186.140586116664 112071.739 1276.421 9880.625925152308 1149
stats: users_count 0 1275
stats: finish_users_count 15 1164
stats: request 80 20884.477700000003 7009.5075493916 60061.779 0.42 1081.6563614048064 13525
stats: connect 0 0 0 58.5 0.836 19.73225176470587 1275
stats: page 37 47063.026270270275 21185.677792323815 105629.85 0.421 1506.8718784731586 7414
stats: 302 67 562
stats: 504 0 4
stats: 200 2 106
stats: size_rcv 123130 4766414
stats: newphase 0 9
stats: 502 0 12848
stats: 422 8 58
stats: size_sent 50864 4437034
stats: connected -15 111
stats: 500 3 27
# stats: dump at 1575523728
stats: users 95 305
stats: {recvpackets,"tsung_controller@ip-172-31-31-62"} 1 213.0 0.0 6343 12 1471.6666666666667 15
stats: {sentpackets,"tsung_controller@ip-172-31-31-62"} 1 121.0 0.0 7607 13 1759.8666666666666 15
stats: {cpu,"tsung_controller@ip-172-31-31-62"} 1 1.7000000000000002 0.0 32.95128939828081 0.40040040040040037 9.274348921287913 16
stats: {load,"tsung_controller@ip-172-31-31-62"} 1 0.16015625 0.0 0.3203125 0.0 0.117431640625 16
stats: {freemem,"tsung_controller@ip-172-31-31-62"} 1 3486.30859375 0.0 3524.09375 3486.30859375 3503.644775390625 16
stats: session 16 88432.32424999999 21840.515304351666 147115.671 1276.421 10472.52195360825 1164
stats: users_count 0 1275
stats: finish_users_count 16 1180
stats: request 106 14018.247037735851 5100.329993930593 60061.779 0.42 1198.1007353178984 13605
stats: connect 0 0 0 58.5 0.836 19.73225176470587 1275
stats: page 44 53316.84113636363 25327.334931473295 108018.056 0.421 1733.093555093276 7451
stats: 302 82 644
stats: 504 0 4
stats: 200 2 108
stats: size_rcv 104021 4870435
stats: newphase 0 9
stats: 502 0 12848
stats: 422 22 80
stats: size_sent 71408 4508442
stats: connected -14 97
stats: 500 0 27
# stats: dump at 1575523738
stats: users 66 305
stats: {recvpackets,"tsung_controller@ip-172-31-31-62"} 1 332.0 0.0 6343 12 1393.0 16
stats: {sentpackets,"tsung_controller@ip-172-31-31-62"} 1 216.0 0.0 7607 13 1657.4375 16
stats: {cpu,"tsung_controller@ip-172-31-31-62"} 1 2.7916251246261217 0.0 32.95128939828081 0.40040040040040037 8.828798984741566 17
stats: {load,"tsung_controller@ip-172-31-31-62"} 1 0.140625 0.0 0.3203125 0.0 0.11994485294117647 17
stats: {freemem,"tsung_controller@ip-172-31-31-62"} 1 3485.72265625 0.0 3524.09375 3485.72265625 3502.625 17
stats: session 29 93552.48441379314 23378.82318622913 156110.348 1276.421 11529.60401864407 1180
stats: users_count 0 1275
stats: finish_users_count 29 1209
stats: request 126 7839.6905158730215 5590.594548900011 60061.779 0.42 1297.2135285537167 13711
stats: connect 0 0 0 58.5 0.836 19.73225176470587 1275
stats: page 58 41941.50527586206 30634.138023590876 108018.056 0.421 2035.920091927952 7495
stats: 302 90 734
stats: 504 1 5
stats: 200 0 108
stats: size_rcv 80889 4951324
stats: newphase 0 9
stats: 502 0 12848
stats: 422 33 113
stats: size_sent 73191 4581633
stats: connected -31 66
stats: 500 2 29
# stats: dump at 1575523748
stats: users 52 305
stats: {recvpackets,"tsung_controller@ip-172-31-31-62"} 1 300.0 0.0 6343 12 1330.5882352941176 17
stats: {sentpackets,"tsung_controller@ip-172-31-31-62"} 1 222.0 0.0 7607 13 1572.6470588235295 17
stats: {cpu,"tsung_controller@ip-172-31-31-62"} 1 2.697302697302697 0.0 32.95128939828081 0.40040040040040037 8.493400436957373 18
stats: {load,"tsung_controller@ip-172-31-31-62"} 1 0.12109375 0.0 0.3203125 0.0 0.12109375 18
stats: {freemem,"tsung_controller@ip-172-31-31-62"} 1 3485.140625 0.0 3524.09375 3485.140625 3501.685980902778 18
stats: session 14 109438.75835714287 27736.309369029677 161683.575 1276.421 13497.067650951201 1209
stats: users_count 0 1275
stats: finish_users_count 14 1223
stats: request 41 9738.064170731706 3838.578158887626 60061.779 0.42 1356.7894554455452 13837
stats: connect 0 0 0 58.5 0.836 19.73225176470587 1275
stats: page 20 27155.6278 18950.946160612504 108018.056 0.421 2342.3577909439955 7553
stats: 302 28 762
stats: 504 0 5
stats: 200 0 108
stats: size_rcv 28800 4980124
stats: newphase 0 9
stats: 502 0 12848
stats: 422 11 124
stats: size_sent 20981 4602614
stats: connected -14 52
stats: 500 2 31
# stats: dump at 1575523758
stats: users 13 305
stats: {recvpackets,"tsung_controller@ip-172-31-31-62"} 1 90.0 0.0 6343 12 1273.3333333333333 18
stats: {sentpackets,"tsung_controller@ip-172-31-31-62"} 1 70.0 0.0 7607 13 1497.611111111111 18
stats: {cpu,"tsung_controller@ip-172-31-31-62"} 1 1.0999999999999999 0.0 32.95128939828081 0.40040040040040037 8.188342661186073 19
stats: {load,"tsung_controller@ip-172-31-31-62"} 1 0.1015625 0.0 0.3203125 0.0 0.12109375 19
stats: {freemem,"tsung_controller@ip-172-31-31-62"} 1 3485.2265625 0.0 3524.09375 3485.140625 3500.8151726973683 19
stats: session 39 109450.77864102568 23008.746695679412 164435.549 1276.421 14595.337209321342 1223
stats: users_count 0 1275
stats: finish_users_count 39 1262
stats: request 94 8674.326095744686 7487.326396434369 60061.779 0.42 1381.5503909785277 13878
stats: connect 0 0 0 58.5 0.836 19.73225176470587 1275
stats: page 55 25513.964490909097 20094.287101472746 108018.056 0.421 2407.888677010432 7573
stats: 302 66 828
stats: 504 0 5
stats: 200 2 110
stats: size_rcv 108299 5088423
stats: newphase 0 9
stats: 502 0 12848
stats: 422 22 146
stats: size_sent 44245 4646859
stats: connected -39 13
stats: 500 4 35
# stats: dump at 1575523768
stats: users 8 305
stats: {recvpackets,"tsung_controller@ip-172-31-31-62"} 1 307.0 0.0 6343 12 1211.0526315789473 19
stats: {sentpackets,"tsung_controller@ip-172-31-31-62"} 1 229.0 0.0 7607 13 1422.4736842105262 19
stats: {cpu,"tsung_controller@ip-172-31-31-62"} 1 2.797202797202797 0.0 32.95128939828081 0.40040040040040037 7.83392552812677 20
stats: {load,"tsung_controller@ip-172-31-31-62"} 1 0.078125 0.0 0.3203125 0.0 0.1201171875 20
stats: {freemem,"tsung_controller@ip-172-31-31-62"} 1 3478.45703125 0.0 3524.09375 3478.45703125 3500.0357421875 20
stats: session 5 128376.85 19729.63908940539 164435.549 1276.421 17526.68603328051 1262
stats: users_count 0 1275
stats: finish_users_count 5 1267
stats: request 13 3773.7159230769225 5648.803632382313 60061.779 0.42 1430.6142985256233 13972
stats: connect 0 0 0 58.5 0.836 19.73225176470587 1275
stats: page 6 8319.548333333332 11271.789704567469 108018.056 0.421 2574.4899053487156 7628
stats: 302 7 835
stats: 504 0 5
stats: 200 1 111
stats: size_rcv 13345 5101768
stats: newphase 0 9
stats: 502 0 12848
stats: 422 3 149
stats: size_sent 6845 4653704
stats: connected -5 8
stats: 500 2 37
# stats: dump at 1575523778
stats: users 8 305
stats: {recvpackets,"tsung_controller@ip-172-31-31-62"} 1 20.0 0.0 6343 12 1165.85 20
stats: {sentpackets,"tsung_controller@ip-172-31-31-62"} 1 13.0 0.0 7607 13 1362.8 20
stats: {cpu,"tsung_controller@ip-172-31-31-62"} 1 0.2997002997002997 0.0 32.95128939828081 0.2997002997002997 7.594081588558962 21
stats: {load,"tsung_controller@ip-172-31-31-62"} 1 0.0703125 0.0 0.3203125 0.0 0.11811755952380952 21
stats: {freemem,"tsung_controller@ip-172-31-31-62"} 1 3484.63671875 0.0 3524.09375 3478.45703125 3499.0081845238096 21
stats: session 0 0 0 164435.549 1276.421 17964.13735122337 1267
stats: users_count 0 1275
stats: finish_users_count 0 1267
stats: request 14 5353.445285714285 3937.9966708074594 60061.779 0.42 1432.7923693957819 13985
stats: connect 0 0 0 58.5 0.836 19.73225176470587 1275
stats: page 3 86507.764 38650.24730457528 141167.335 0.421 2579.0052774430183 7634
stats: 302 0 835
stats: 504 0 5
stats: 200 4 115
stats: size_rcv 72325 5174093
stats: newphase 0 9
stats: 502 0 12848
stats: 422 2 151
stats: size_sent 12748 4666452
stats: connected 0 8
stats: 500 8 45
# stats: dump at 1575523788
stats: users 5 305
stats: {recvpackets,"tsung_controller@ip-172-31-31-62"} 1 74.0 0.0 6343 12 1111.2857142857142 21
stats: {sentpackets,"tsung_controller@ip-172-31-31-62"} 1 35.0 0.0 7607 13 1298.5238095238096 21
stats: {cpu,"tsung_controller@ip-172-31-31-62"} 1 0.7000000000000001 0.0 32.95128939828081 0.2997002997002997 7.2625188027017495 22
stats: {load,"tsung_controller@ip-172-31-31-62"} 1 0.05859375 0.0 0.3203125 0.0 0.11594460227272728 22
stats: {freemem,"tsung_controller@ip-172-31-31-62"} 1 3483.67578125 0.0 3524.09375 3478.45703125 3498.3549360795455 22
stats: session 3 191318.758 13185.441570281695 209798.473 1276.421 17964.13735122337 1267
stats: users_count 0 1275
stats: finish_users_count 3 1270
stats: request 11 9416.797272727272 16118.12063096424 60061.779 0.42 1436.7133023787421 13999
stats: connect 0 0 0 58.5 0.836 19.73225176470587 1275
stats: page 5 19691.993800000004 16206.862212035523 141167.335 0.421 2611.9745423595655 7637
stats: 302 0 835
stats: 504 1 6
stats: 200 0 115
stats: size_rcv 19377 5193470
stats: newphase 0 9
stats: 502 0 12848
stats: 422 2 153
stats: size_sent 7315 4673767
stats: connected -3 5
stats: 500 8 53
# stats: dump at 1575523798
stats: users 2 305
stats: {recvpackets,"tsung_controller@ip-172-31-31-62"} 1 35.0 0.0 6343 12 1064.1363636363637 22
stats: {sentpackets,"tsung_controller@ip-172-31-31-62"} 1 27.0 0.0 7607 13 1241.0909090909092 22
stats: {cpu,"tsung_controller@ip-172-31-31-62"} 1 0.5005005005005005 0.0 32.95128939828081 0.2997002997002997 6.977191898236456 23
stats: {load,"tsung_controller@ip-172-31-31-62"} 1 0.05078125 0.0 0.3203125 0.0 0.11345108695652174 23
stats: {freemem,"tsung_controller@ip-172-31-31-62"} 1 3484.109375 0.0 3524.09375 3478.45703125 3497.7167119565215 23
stats: session 3 155579.07033333334 38240.958248144525 209798.473 1276.421 18373.636455118118 1270
stats: users_count 0 1275
stats: finish_users_count 3 1273
stats: request 5 4309.3526 2032.897306133549 60061.779 0.42 1442.9788929336196 14010
stats: connect 0 0 0 58.5 0.836 19.73225176470587 1275
stats: page 4 34122.84675 49453.13728409466 141167.335 0.421 2623.149640015703 7642
stats: 302 0 835
stats: 504 0 6
stats: 200 0 115
stats: size_rcv 9524 5202994
stats: newphase 0 9
stats: 502 0 12848
stats: 422 1 154
stats: size_sent 1905 4675672
stats: connected -3 2
stats: 500 4 57
# stats: dump at 1575523808
stats: users 2 305
stats: {recvpackets,"tsung_controller@ip-172-31-31-62"} 1 17.0 0.0 6343 12 1019.3913043478262 23
stats: {sentpackets,"tsung_controller@ip-172-31-31-62"} 1 17.0 0.0 7607 13 1188.3043478260872 23
stats: {cpu,"tsung_controller@ip-172-31-31-62"} 1 0.499001996007984 0.0 32.95128939828081 0.2997002997002997 6.707329756664124 24
stats: {load,"tsung_controller@ip-172-31-31-62"} 1 0.0390625 0.0 0.3203125 0.0 0.11083984375 24
stats: {freemem,"tsung_controller@ip-172-31-31-62"} 1 3484.21875 0.0 3524.09375 3478.45703125 3497.1497395833335 24
stats: session 0 0 0 209798.473 1276.421 18696.979975648082 1273
stats: users_count 0 1275
stats: finish_users_count 0 1273
stats: request 0 0 0 60061.779 0.42 1444.0015021762406 14015
stats: connect 0 0 0 58.5 0.836 19.73225176470587 1275
stats: page 0 0 0 141167.335 0.421 2639.6286863719592 7646
stats: 302 0 835
stats: 504 0 6
stats: 200 0 115
stats: size_rcv 0 5202994
stats: newphase 0 9
stats: 502 0 12848
stats: 422 0 154
stats: size_sent 0 4675672
stats: connected 0 2
stats: 500 0 57
# stats: dump at 1575523813
stats: users 0 305
stats: {recvpackets,"tsung_controller@ip-172-31-31-62"} 1 93.0 0.0 6343 12 977.6250000000001 24
stats: {sentpackets,"tsung_controller@ip-172-31-31-62"} 1 29.0 0.0 7607 13 1139.5000000000002 24
stats: {cpu,"tsung_controller@ip-172-31-31-62"} 1 0.6006006006006006 0.0 32.95128939828081 0.2997002997002997 6.458996646237879 25
stats: {load,"tsung_controller@ip-172-31-31-62"} 1 0.03125 0.0 0.3203125 0.0 0.10796875 25
stats: {freemem,"tsung_controller@ip-172-31-31-62"} 1 3471.29296875 0.0 3524.09375 3471.29296875 3496.6325 25
stats: session 2 187526.32049999997 20817.460499999994 209798.473 1276.421 18696.979975648082 1273
stats: users_count 0 1275
stats: finish_users_count 2 1275
stats: request 10 9771.6559 18282.474037128904 60061.779 0.42 1444.0015021762406 14015
stats: connect 0 0 0 58.5 0.836 19.73225176470587 1275
stats: page 4 39260.90425 37004.14008839607 141167.335 0.421 2639.6286863719592 7646
stats: 302 0 835
stats: 504 0 6
stats: 200 6 121
stats: size_rcv 175271 5378265
stats: newphase 0 9
stats: 502 0 12848
stats: 422 0 154
stats: size_sent 7426 4683098
stats: connected -2 0
stats: 204 2 2
stats: 500 2 59
EndMonitor:{1575,523813,302961}
