# stats: dump at 1575489038
stats: users 2 2
stats: {freemem,"tsung_controller@ip-172-31-29-136"} 1 3523.8828125 0 3523.8828125 3523.8828125 0 0
stats: {load,"tsung_controller@ip-172-31-29-136"} 1 0.0390625 0 0.0390625 0.0390625 0 0
stats: {cpu,"tsung_controller@ip-172-31-29-136"} 1 0.8865011527762243 0 0.8865011527762243 0.8865011527762243 0 0
stats: session 1 6584.067 0 6584.067 6584.067 0 0
stats: users_count 3 3
stats: finish_users_count 1 1
stats: request 23 207.57039130434782 430.9164829007386 1989.031 10.755 0 0
stats: connect 3 14.618666666666664 11.876581475978496 31.396 5.544 0 0
stats: page 13 363.5835384615385 575.4228324467302 2053.337 10.755 0 0
stats: 302 7 7
stats: 200 12 12
stats: size_rcv 92446 92446
stats: size_sent 19701 19701
stats: connected 2 2
stats: 204 2 2
stats: 500 2 2
# stats: dump at 1575489048
stats: users 3 7
stats: {freemem,"tsung_controller@ip-172-31-29-136"} 1 3521.5 0.0 3523.8828125 3521.5 3523.8828125 1
stats: {load,"tsung_controller@ip-172-31-29-136"} 1 0.0390625 0.0 0.0390625 0.0390625 0.0390625 1
stats: {recvpackets,"tsung_controller@ip-172-31-29-136"} 1 146 0 146 146 0 0
stats: {sentpackets,"tsung_controller@ip-172-31-29-136"} 1 116 0 116 116 0 0
stats: {cpu,"tsung_controller@ip-172-31-29-136"} 1 1.1022044088176353 0.0 1.1022044088176353 0.8865011527762243 0.8865011527762243 1
stats: session 8 5542.6611250000005 759.712278991764 6831.862 4676.059 6584.067 1
stats: users_count 9 12
stats: finish_users_count 8 9
stats: request 80 310.23182499999996 625.186223110278 2510.911 6.281 207.57039130434782 23
stats: connect 9 3.271333333333333 2.108767834015347 31.396 1.26 14.618666666666664 3
stats: page 45 552.853377777778 792.8849560209095 2568.208 6.281 363.5835384615385 13
stats: 302 23 30
stats: 200 43 55
stats: size_rcv 492722 585168
stats: newphase 1 1
stats: size_sent 67528 87229
stats: connected 1 3
stats: 204 7 9
stats: 500 7 9
# stats: dump at 1575489058
stats: users 16 16
stats: {freemem,"tsung_controller@ip-172-31-29-136"} 1 3513.26953125 0.0 3523.8828125 3513.26953125 3522.69140625 2
stats: {load,"tsung_controller@ip-172-31-29-136"} 1 0.03125 0.0 0.0390625 0.03125 0.0390625 2
stats: {recvpackets,"tsung_controller@ip-172-31-29-136"} 1 493.0 0.0 493 146 146.0 1
stats: {sentpackets,"tsung_controller@ip-172-31-29-136"} 1 338.0 0.0 338 116 116.0 1
stats: {cpu,"tsung_controller@ip-172-31-29-136"} 1 3.090727816550349 0.0 3.090727816550349 0.8865011527762243 0.9943527807969298 2
stats: session 7 5494.966714285714 669.8814601221225 6831.862 4658.19 5658.37288888889 9
stats: users_count 20 32
stats: finish_users_count 7 16
stats: request 131 206.9287786259542 483.50568175758485 2510.911 6.281 287.30742718446595 103
stats: connect 20 4.147749999999999 2.5001260943200445 31.396 0.997 6.1081666666666665 12
stats: page 79 341.53540506329114 613.5063310758001 2568.208 6.281 510.4308275862071 58
stats: 302 45 75
stats: 200 66 121
stats: size_rcv 619818 1204986
stats: newphase 1 2
stats: size_sent 108132 195361
stats: connected 13 16
stats: 204 10 19
stats: 500 10 19
# stats: dump at 1575489068
stats: users 40 40
stats: {freemem,"tsung_controller@ip-172-31-29-136"} 1 3509.16796875 0.0 3523.8828125 3509.16796875 3519.55078125 3
stats: {load,"tsung_controller@ip-172-31-29-136"} 1 0.01953125 0.0 0.0390625 0.01953125 0.036458333333333336 3
stats: {recvpackets,"tsung_controller@ip-172-31-29-136"} 1 846.0 0.0 846 146 319.5 2
stats: {sentpackets,"tsung_controller@ip-172-31-29-136"} 1 598.0 0.0 598 116 227.0 2
stats: {cpu,"tsung_controller@ip-172-31-29-136"} 1 5.005005005005005 0.0 5.005005005005005 0.8865011527762243 1.6931444593814027 3
stats: session 17 7303.193411764704 920.9016262298127 9130.275 4658.19 5586.8826875 16
stats: users_count 41 73
stats: finish_users_count 17 33
stats: request 331 298.4773474320242 669.8339904861874 4497.167 6.023 242.3091239316239 234
stats: connect 35 4.901914285714286 2.4462218959206528 31.396 0.997 4.88290625 32
stats: page 181 517.625403314917 888.7927374001093 4586.597 6.023 413.03857664233584 137
stats: 302 104 179
stats: 200 171 292
stats: size_rcv 1706396 2911382
stats: newphase 1 3
stats: size_sent 298693 494054
stats: connected 20 36
stats: 204 27 46
stats: 500 29 48
# stats: dump at 1575489078
stats: users 74 75
stats: {freemem,"tsung_controller@ip-172-31-29-136"} 1 3499.5234375 0.0 3523.8828125 3499.5234375 3516.955078125 4
stats: {load,"tsung_controller@ip-172-31-29-136"} 1 0.01953125 0.0 0.0390625 0.01953125 0.0322265625 4
stats: {recvpackets,"tsung_controller@ip-172-31-29-136"} 1 1897.0 0.0 1897 146 495.0 3
stats: {sentpackets,"tsung_controller@ip-172-31-29-136"} 1 1321.0 0.0 1321 116 350.6666666666667 3
stats: {cpu,"tsung_controller@ip-172-31-29-136"} 1 10.631895687061183 0.0 10.631895687061183 0.8865011527762243 2.521109595787303 4
stats: session 21 11456.326142857144 1657.129781468097 15553.967 4658.19 6471.042757575757 33
stats: users_count 55 128
stats: finish_users_count 21 54
stats: request 408 706.5286715686274 1439.0096237710807 7235.143 5.45 275.2147557522124 565
stats: connect 61 4.556721311475409 2.9907329116058183 31.396 0.997 4.892835820895522 67
stats: page 261 1036.197501915708 1812.750191909722 7349.662 5.45 472.56755660377354 318
stats: 302 151 330
stats: 200 205 497
stats: size_rcv 2536433 5447815
stats: newphase 1 4
stats: size_sent 356134 850188
stats: connected 38 74
stats: 204 25 71
stats: 500 27 75
# stats: dump at 1575489088
stats: users 160 160
stats: {freemem,"tsung_controller@ip-172-31-29-136"} 1 3481.33203125 0.0 3523.8828125 3481.33203125 3513.46875 5
stats: {load,"tsung_controller@ip-172-31-29-136"} 1 0.01953125 0.0 0.0390625 0.01953125 0.0296875 5
stats: {recvpackets,"tsung_controller@ip-172-31-29-136"} 1 2628.0 0.0 2628 146 845.5 4
stats: {sentpackets,"tsung_controller@ip-172-31-29-136"} 1 1817.0 0.0 1817 116 593.25 4
stats: {cpu,"tsung_controller@ip-172-31-29-136"} 1 12.890231621349447 0.0 12.890231621349447 0.8865011527762243 4.143266814042079 5
stats: session 18 14541.826944444445 2086.118136510049 18909.885 4658.19 8409.764074074074 54
stats: users_count 104 232
stats: finish_users_count 18 72
stats: request 504 1299.6061527777765 1786.3300824756943 9428.564 5.45 456.07403391572456 973
stats: connect 96 4.522104166666668 3.1142786031946423 31.396 0.916 4.73265625 128
stats: page 338 1428.8504526627196 2453.8263803123327 10851.878 5.45 726.6390863557854 579
stats: 302 194 524
stats: 200 256 753
stats: size_rcv 3165185 8613000
stats: newphase 1 5
stats: size_sent 462179 1312367
stats: connected 78 152
stats: 204 16 87
stats: 500 38 113
# stats: dump at 1575489098
stats: users 282 282
stats: {freemem,"tsung_controller@ip-172-31-29-136"} 1 3458.265625 0.0 3523.8828125 3458.265625 3508.1126302083335 6
stats: {load,"tsung_controller@ip-172-31-29-136"} 1 0.01171875 0.0 0.0390625 0.01171875 0.027994791666666668 6
stats: {recvpackets,"tsung_controller@ip-172-31-29-136"} 1 3219.0 0.0 3219 146 1202.0 5
stats: {sentpackets,"tsung_controller@ip-172-31-29-136"} 1 2349.0 0.0 2349 116 838.0 5
stats: {cpu,"tsung_controller@ip-172-31-29-136"} 1 17.182817182817185 0.0 17.182817182817185 0.8865011527762243 5.601094281926639 6
stats: session 14 22211.10614285714 1984.3886942972017 24979.855 4658.19 9942.779791666668 72
stats: users_count 136 368
stats: finish_users_count 14 86
stats: request 600 2450.7150166666706 2324.64884984606 12172.091 4.84 743.9143777928228 1477
stats: connect 140 4.412378571428577 3.173289157658383 31.396 0.916 4.642419642857143 224
stats: page 456 2539.859662280701 3431.806008979261 16512.526 4.84 985.4694482006532 917
stats: 302 273 797
stats: 200 254 1007
stats: size_rcv 3867861 12480861
stats: newphase 1 6
stats: 422 3 3
stats: size_sent 545248 1857615
stats: connected 127 279
stats: 204 22 109
stats: 500 48 161
# stats: dump at 1575489108
stats: users 448 448
stats: {freemem,"tsung_controller@ip-172-31-29-136"} 1 3421.3203125 0.0 3523.8828125 3421.3203125 3500.991629464286 7
stats: {load,"tsung_controller@ip-172-31-29-136"} 1 0.08984375 0.0 0.08984375 0.01171875 0.025669642857142856 7
stats: {recvpackets,"tsung_controller@ip-172-31-29-136"} 1 4050.0 0.0 4050 146 1538.1666666666667 6
stats: {sentpackets,"tsung_controller@ip-172-31-29-136"} 1 2923.0 0.0 2923 116 1089.8333333333333 6
stats: {cpu,"tsung_controller@ip-172-31-29-136"} 1 20.85828343313373 0.0 20.85828343313373 0.8865011527762243 7.255626124911004 7
stats: session 28 27817.31735714286 5321.8719431203235 33344.638 4658.19 11939.94919767442 86
stats: users_count 194 562
stats: finish_users_count 28 114
stats: request 681 3626.8671791483134 2736.743712543251 17628.404 4.84 1236.9718565238334 2077
stats: connect 194 4.12116494845361 2.9627346822714777 31.396 0.832 4.553942307692309 364
stats: page 471 3643.4373014862003 3714.4306204688055 23951.088 4.84 1501.712665695556 1373
stats: 302 313 1110
stats: 200 214 1221
stats: size_rcv 3403539 15884400
stats: newphase 1 7
stats: 422 8 11
stats: size_sent 636809 2494424
stats: connected 165 444
stats: 204 4 113
stats: 500 142 303
# stats: dump at 1575489118
stats: users 730 730
stats: {freemem,"tsung_controller@ip-172-31-29-136"} 1 3391.0 0.0 3523.8828125 3391.0 3491.03271484375 8
stats: {load,"tsung_controller@ip-172-31-29-136"} 1 0.1484375 0.0 0.1484375 0.01171875 0.03369140625 8
stats: {recvpackets,"tsung_controller@ip-172-31-29-136"} 1 3914.0 0.0 4050 146 1897.0 7
stats: {sentpackets,"tsung_controller@ip-172-31-29-136"} 1 3098.0 0.0 3098 116 1351.7142857142858 7
stats: {cpu,"tsung_controller@ip-172-31-29-136"} 1 20.42042042042042 0.0 20.85828343313373 0.8865011527762243 8.955958288438845 8
stats: session 7 34770.81028571428 4765.391755992415 40073.282 4658.19 15839.653657894736 114
stats: users_count 289 851
stats: finish_users_count 7 121
stats: request 557 5766.8137630161555 2664.753370416378 21568.197 4.84 1827.0801649746206 2758
stats: connect 284 3.4772535211267646 2.8067563165038183 31.396 0.798 4.4034784946236565 558
stats: page 397 6007.207395465999 4566.353737987008 28676.372 4.84 2048.7583834056395 1844
stats: 302 241 1351
stats: 200 96 1317
stats: size_rcv 1484593 17368993
stats: newphase 1 8
stats: 422 5 16
stats: size_sent 527814 3022238
stats: connected 277 721
stats: 204 0 113
stats: 500 215 518
# stats: dump at 1575489128
stats: users 1047 1047
stats: {freemem,"tsung_controller@ip-172-31-29-136"} 1 3360.65625 0.0 3523.8828125 3360.65625 3479.91796875 9
stats: {load,"tsung_controller@ip-172-31-29-136"} 1 0.12890625 0.0 0.1484375 0.01171875 0.046440972222222224 9
stats: {recvpackets,"tsung_controller@ip-172-31-29-136"} 1 2.7e3 0.0 4050 146 2149.125 8
stats: {sentpackets,"tsung_controller@ip-172-31-29-136"} 1 2694.0 0.0 3098 116 1570.0 8
stats: {cpu,"tsung_controller@ip-172-31-29-136"} 1 16.835699797160245 0.0 20.85828343313373 0.8865011527762243 10.229787414214577 9
stats: session 5 44452.812600000005 6405.406255473908 49380.093 4658.19 16934.84453719008 121
stats: users_count 322 1173
stats: finish_users_count 5 126
stats: request 621 6055.209048309176 5819.50206375724 21568.197 1.284 2489.050485972851 3315
stats: connect 321 4.029700934579441 4.536248419525103 55.851 0.798 4.091070071258909 842
stats: page 480 6285.43888333333 7260.125143001023 38415.079 1.284 2750.009725568943 2241
stats: 302 157 1508
stats: 200 69 1386
stats: size_rcv 811128 18180121
stats: newphase 1 9
stats: 422 6 22
stats: 502 262 262
stats: size_sent 490264 3512502
stats: connected 316 1037
stats: 204 0 113
stats: 500 127 645
# stats: dump at 1575489138
stats: users 993 1082
stats: {freemem,"tsung_controller@ip-172-31-29-136"} 1 3335.26171875 0.0 3523.8828125 3335.26171875 3467.991796875 10
stats: {load,"tsung_controller@ip-172-31-29-136"} 1 0.578125 0.0 0.578125 0.01171875 0.0546875 10
stats: {recvpackets,"tsung_controller@ip-172-31-29-136"} 1 2562.0 0.0 4050 146 2210.3333333333335 9
stats: {sentpackets,"tsung_controller@ip-172-31-29-136"} 1 2863.0 0.0 3098 116 1694.888888888889 9
stats: {cpu,"tsung_controller@ip-172-31-29-136"} 1 17.853560682046137 0.0 20.85828343313373 0.8865011527762243 10.890378652509144 10
stats: session 127 18697.68824409449 16150.726804121907 57478.558 1467.815 18026.827396825396 126
stats: users_count 73 1246
stats: finish_users_count 127 253
stats: request 2017 2838.6971685671783 6527.04195513861 26504.19 0.953 3051.6989786585364 3936
stats: connect 83 4.072518072289156 3.610069316029937 55.851 0.798 4.074131556319864 1163
stats: page 1144 4758.155982517482 8792.239333234615 46458.186 0.953 3373.6796982726933 2721
stats: 302 160 1668
stats: 200 65 1451
stats: size_rcv 1184068 19364189
stats: newphase 0 9
stats: 422 6 28
stats: 502 1689 1951
stats: size_sent 1145107 4657609
stats: connected -43 994
stats: 204 0 113
stats: 500 97 742
# stats: dump at 1575489148
stats: users 968 1082
stats: {freemem,"tsung_controller@ip-172-31-29-136"} 1 3327.53515625 0.0 3523.8828125 3327.53515625 3455.9254261363635 11
stats: {load,"tsung_controller@ip-172-31-29-136"} 1 0.7109375 0.0 0.7109375 0.01171875 0.10227272727272728 11
stats: {recvpackets,"tsung_controller@ip-172-31-29-136"} 1 3.0e3 0.0 4050 146 2245.5 10
stats: {sentpackets,"tsung_controller@ip-172-31-29-136"} 1 3268.0 0.0 3268 116 1811.7 10
stats: {cpu,"tsung_controller@ip-172-31-29-136"} 1 22.28855721393035 0.0 22.28855721393035 0.8865011527762243 11.52339520064887 11
stats: session 25 48166.802319999995 14814.973271099972 67626.242 1467.815 18363.583632411068 253
stats: users_count 0 1246
stats: finish_users_count 25 278
stats: request 736 9212.804959239145 10921.908726375894 32072.34 0.953 2979.529542919536 5953
stats: connect 0 0 0 55.851 0.798 4.074024077046551 1246
stats: page 490 12520.420481632658 12691.145435638562 56061.054 0.953 3783.4703500646824 3865
stats: 302 182 1850
stats: 200 55 1506
stats: size_rcv 720471 20084660
stats: newphase 0 9
stats: 422 19 47
stats: 502 419 2370
stats: size_sent 601389 5258998
stats: connected -25 969
stats: 204 0 113
stats: 500 61 803
# stats: dump at 1575489158
stats: users 947 1082
stats: {freemem,"tsung_controller@ip-172-31-29-136"} 1 3306.88671875 0.0 3523.8828125 3306.88671875 3445.2262369791665 12
stats: {load,"tsung_controller@ip-172-31-29-136"} 1 0.6796875 0.0 0.7109375 0.01171875 0.15299479166666666 12
stats: {recvpackets,"tsung_controller@ip-172-31-29-136"} 1 1470.0 0.0 4050 146 2314.090909090909 11
stats: {sentpackets,"tsung_controller@ip-172-31-29-136"} 1 1368.0 0.0 3268 116 1944.090909090909 11
stats: {cpu,"tsung_controller@ip-172-31-29-136"} 1 11.700000000000001 0.0 22.28855721393035 0.8865011527762243 12.420492035088992 12
stats: session 21 61969.31514285716 18442.398418642446 84307.689 1467.815 21043.729197841727 278
stats: users_count 0 1246
stats: finish_users_count 21 299
stats: request 593 12388.630860033727 15075.260678167671 59917.978 0.953 3665.3855313200793 6689
stats: connect 0 0 0 55.851 0.798 4.074024077046551 1246
stats: page 345 17667.568808695658 17268.800478953854 73466.639 0.953 4766.50262663605 4355
stats: 302 138 1988
stats: 504 10 10
stats: 200 44 1550
stats: size_rcv 600294 20684954
stats: newphase 0 9
stats: 422 25 72
stats: 502 318 2688
stats: size_sent 472067 5731065
stats: connected -22 947
stats: 204 0 113
stats: 500 58 861
# stats: dump at 1575489168
stats: users 917 1082
stats: {freemem,"tsung_controller@ip-172-31-29-136"} 1 3295.796875 0.0 3523.8828125 3295.796875 3434.584735576923 13
stats: {load,"tsung_controller@ip-172-31-29-136"} 1 0.578125 0.0 0.7109375 0.01171875 0.1935096153846154 13
stats: {recvpackets,"tsung_controller@ip-172-31-29-136"} 1 1286.0 0.0 4050 146 2243.75 12
stats: {sentpackets,"tsung_controller@ip-172-31-29-136"} 1 1137.0 0.0 3268 116 1896.0833333333333 12
stats: {cpu,"tsung_controller@ip-172-31-29-136"} 1 9.700000000000001 0.0 22.28855721393035 0.8865011527762243 12.365069570851377 13
stats: session 30 66855.0926333333 16022.498468338179 85611.23 1467.815 23918.1014548495 299
stats: users_count 0 1246
stats: finish_users_count 30 329
stats: request 636 21951.06660691825 16206.580329351284 59987.541 0.953 4375.751430788247 7282
stats: connect 0 0 0 55.851 0.798 4.074024077046551 1246
stats: page 348 27913.64804310343 16529.81624329749 77896.181 0.953 5713.495782553192 4700
stats: 302 233 2221
stats: 504 19 29
stats: 200 63 1613
stats: size_rcv 841766 21526720
stats: newphase 0 9
stats: 422 51 123
stats: 502 182 2870
stats: size_sent 509483 6240548
stats: connected -30 917
stats: 204 0 113
stats: 500 88 949
# stats: dump at 1575489178
stats: users 895 1082
stats: {freemem,"tsung_controller@ip-172-31-29-136"} 1 3294.92578125 0.0 3523.8828125 3294.92578125 3424.671316964286 14
stats: {load,"tsung_controller@ip-172-31-29-136"} 1 0.48828125 0.0 0.7109375 0.01171875 0.22098214285714285 14
stats: {recvpackets,"tsung_controller@ip-172-31-29-136"} 1 1667.0 0.0 4050 146 2170.076923076923 13
stats: {sentpackets,"tsung_controller@ip-172-31-29-136"} 1 1312.0 0.0 3268 116 1837.6923076923076 13
stats: {cpu,"tsung_controller@ip-172-31-29-136"} 1 10.32064128256513 0.0 22.28855721393035 0.8865011527762243 12.174707458647706 14
stats: session 22 74934.15468181817 14972.19812872939 96803.306 1467.815 27833.328613981765 329
stats: users_count 0 1246
stats: finish_users_count 22 351
stats: request 479 20231.87473068893 12163.246618836067 59987.541 0.953 5787.458989770146 7918
stats: connect 0 0 0 55.851 0.798 4.074024077046551 1246
stats: page 230 26592.14289130434 14290.445893363163 80926.245 0.953 7243.934171354991 5048
stats: 302 223 2444
stats: 504 0 29
stats: 200 49 1662
stats: size_rcv 704775 22231495
stats: newphase 0 9
stats: 422 56 179
stats: 502 98 2968
stats: size_sent 389882 6630430
stats: connected -22 895
stats: 204 0 113
stats: 500 53 1002
# stats: dump at 1575489188
stats: users 880 1082
stats: {freemem,"tsung_controller@ip-172-31-29-136"} 1 3295.4765625 0.0 3523.8828125 3294.92578125 3416.0216145833333 15
stats: {load,"tsung_controller@ip-172-31-29-136"} 1 0.48828125 0.0 0.7109375 0.01171875 0.23880208333333333 15
stats: {recvpackets,"tsung_controller@ip-172-31-29-136"} 1 1121.0 0.0 4050 146 2134.142857142857 14
stats: {sentpackets,"tsung_controller@ip-172-31-29-136"} 1 840.0 0.0 3268 116 1800.142857142857 14
stats: {cpu,"tsung_controller@ip-172-31-29-136"} 1 7.8 0.0 22.28855721393035 0.8865011527762243 12.05110304690887 15
stats: session 15 88940.99306666668 11854.490135633772 104278.393 1467.815 30785.51714245014 351
stats: users_count 0 1246
stats: finish_users_count 15 366
stats: request 333 23427.499120120137 9937.206969603958 59987.541 0.953 6611.4288766226055 8397
stats: connect 0 0 0 55.851 0.798 4.074024077046551 1246
stats: page 160 32555.314325000003 17766.811873117298 88204.47 0.953 8087.073240242515 5278
stats: 302 166 2610
stats: 504 0 29
stats: 200 35 1697
stats: size_rcv 538645 22770140
stats: newphase 0 9
stats: 422 29 208
stats: 502 34 3002
stats: size_sent 270309 6900739
stats: connected -15 880
stats: 204 0 113
stats: 500 69 1071
# stats: dump at 1575489198
stats: users 864 1082
stats: {freemem,"tsung_controller@ip-172-31-29-136"} 1 3294.66796875 0.0 3523.8828125 3294.66796875 3408.487548828125 16
stats: {load,"tsung_controller@ip-172-31-29-136"} 1 0.41015625 0.0 0.7109375 0.01171875 0.25439453125 16
stats: {recvpackets,"tsung_controller@ip-172-31-29-136"} 1 773.0 0.0 4050 146 2066.6 15
stats: {sentpackets,"tsung_controller@ip-172-31-29-136"} 1 573.0 0.0 3268 116 1736.1333333333334 15
stats: {cpu,"tsung_controller@ip-172-31-29-136"} 1 5.005005005005005 0.0 22.28855721393035 0.8865011527762243 11.785409106477065 16
stats: session 16 87084.563125 12648.646846223082 106099.157 1467.815 33168.93828688524 366
stats: users_count 0 1246
stats: finish_users_count 16 382
stats: request 313 24211.61731309904 9999.763144777817 59987.541 0.953 7252.86660756014 8730
stats: connect 0 0 0 55.851 0.798 4.074024077046551 1246
stats: page 142 39466.00550704225 22520.7342684009 100244.629 0.953 8806.992065833027 5438
stats: 302 191 2801
stats: 504 0 29
stats: 200 8 1705
stats: size_rcv 376245 23146385
stats: newphase 0 9
stats: 422 14 222
stats: 502 38 3040
stats: size_sent 254092 7154831
stats: connected -16 864
stats: 204 0 113
stats: 500 62 1133
# stats: dump at 1575489208
stats: users 844 1082
stats: {freemem,"tsung_controller@ip-172-31-29-136"} 1 3296.09375 0.0 3523.8828125 3294.66796875 3401.792279411765 17
stats: {load,"tsung_controller@ip-172-31-29-136"} 1 0.3515625 0.0 0.7109375 0.01171875 0.26355698529411764 17
stats: {recvpackets,"tsung_controller@ip-172-31-29-136"} 1 912.0 0.0 4050 146 1985.75 16
stats: {sentpackets,"tsung_controller@ip-172-31-29-136"} 1 638.0 0.0 3268 116 1663.4375 16
stats: {cpu,"tsung_controller@ip-172-31-29-136"} 1 6.293706293706294 0.0 22.28855721393035 0.8865011527762243 11.386561806390475 17
stats: session 20 103014.30230000001 15950.117879844422 124426.143 1467.815 35427.184353403136 382
stats: users_count 0 1246
stats: finish_users_count 20 402
stats: request 345 24458.71665507249 11423.48308641704 59987.541 0.953 7839.849795753625 9043
stats: connect 0 0 0 55.851 0.798 4.074024077046551 1246
stats: page 117 40234.53725641028 20856.752843086557 104285.206 0.953 9587.203518996415 5580
stats: 302 221 3022
stats: 504 0 29
stats: 200 0 1705
stats: size_rcv 410872 23557257
stats: newphase 0 9
stats: 422 25 247
stats: 502 44 3084
stats: size_sent 264770 7419601
stats: connected -20 844
stats: 204 0 113
stats: 500 55 1188
# stats: dump at 1575489218
stats: users 807 1082
stats: {freemem,"tsung_controller@ip-172-31-29-136"} 1 3283.453125 0.0 3523.8828125 3283.453125 3395.9201388888887 18
stats: {load,"tsung_controller@ip-172-31-29-136"} 1 0.2890625 0.0 0.7109375 0.01171875 0.2684461805555556 18
stats: {recvpackets,"tsung_controller@ip-172-31-29-136"} 1 741.0 0.0 4050 146 1922.5882352941176 17
stats: {sentpackets,"tsung_controller@ip-172-31-29-136"} 1 504.0 0.0 3268 116 1603.1176470588234 17
stats: {cpu,"tsung_controller@ip-172-31-29-136"} 1 5.0 0.0 22.28855721393035 0.8865011527762243 11.103625389019133 18
stats: session 37 109241.80518918918 13839.650066964032 137321.213 1467.815 38789.72753482587 402
stats: users_count 0 1246
stats: finish_users_count 37 439
stats: request 518 19020.189202702717 13911.526457733495 59987.541 0.953 8450.577220813808 9388
stats: connect 0 0 0 55.851 0.798 4.074024077046551 1246
stats: page 173 45454.525439306344 28798.72159329764 119106.732 0.953 10216.611636826401 5697
stats: 302 356 3378
stats: 504 1 30
stats: 200 0 1705
stats: size_rcv 502639 24059896
stats: newphase 0 9
stats: 422 34 281
stats: 502 66 3150
stats: size_sent 400834 7820435
stats: connected -37 807
stats: 204 0 113
stats: 500 61 1249
# stats: dump at 1575489228
stats: users 709 1082
stats: {freemem,"tsung_controller@ip-172-31-29-136"} 1 3283.15234375 0.0 3523.8828125 3283.15234375 3390.0008223684213 19
stats: {load,"tsung_controller@ip-172-31-29-136"} 1 0.25 0.0 0.7109375 0.01171875 0.26953125 19
stats: {recvpackets,"tsung_controller@ip-172-31-29-136"} 1 1440.0 0.0 4050 146 1856.9444444444443 18
stats: {sentpackets,"tsung_controller@ip-172-31-29-136"} 1 928.0 0.0 3268 116 1542.0555555555557 18
stats: {cpu,"tsung_controller@ip-172-31-29-136"} 1 9.009900990099009 0.0 22.28855721393035 0.8865011527762243 10.782381947491809 19
stats: session 98 118975.18147959183 12996.594036047862 142717.711 1467.815 44727.60196127563 439
stats: users_count 0 1246
stats: finish_users_count 98 537
stats: request 947 14007.668382259773 13658.01176165313 59987.541 0.953 9003.278513628107 9906
stats: connect 0 0 0 55.851 0.798 4.074024077046551 1246
stats: page 325 46254.24483692312 32226.354059198613 137277.976 0.953 11255.139590459967 5870
stats: 302 656 4034
stats: 504 0 30
stats: 200 0 1705
stats: size_rcv 1101768 25161664
stats: newphase 0 9
stats: 422 119 400
stats: 502 84 3234
stats: size_sent 698569 8519004
stats: connected -98 709
stats: 204 0 113
stats: 500 88 1337
# stats: dump at 1575489238
stats: users 487 1082
stats: {freemem,"tsung_controller@ip-172-31-29-136"} 1 3284.1484375 0.0 3523.8828125 3283.15234375 3384.6583984375 20
stats: {load,"tsung_controller@ip-172-31-29-136"} 1 0.2109375 0.0 0.7109375 0.01171875 0.2685546875 20
stats: {recvpackets,"tsung_controller@ip-172-31-29-136"} 1 2506.0 0.0 4050 146 1835.0 19
stats: {sentpackets,"tsung_controller@ip-172-31-29-136"} 1 1625.0 0.0 3268 116 1509.7368421052631 19
stats: {cpu,"tsung_controller@ip-172-31-29-136"} 1 15.597235932872655 0.0 22.28855721393035 0.8865011527762243 10.693757899622167 20
stats: session 222 123321.64526126129 12249.066077497075 159907.636 1467.815 58277.43956424581 537
stats: users_count 0 1246
stats: finish_users_count 222 759
stats: request 1315 8060.697151330819 8983.59919869266 59987.541 0.953 9439.946458490744 10853
stats: connect 0 0 0 55.851 0.798 4.074024077046551 1246
stats: page 496 42304.59442540324 35994.179364403564 141290.759 0.953 13091.250842292175 6195
stats: 302 979 5013
stats: 504 2 32
stats: 200 0 1705
stats: size_rcv 1653849 26815513
stats: newphase 0 9
stats: 422 215 615
stats: 502 45 3279
stats: size_sent 909403 9428407
stats: connected -210 499
stats: 204 0 113
stats: 500 74 1411
# stats: dump at 1575489248
stats: users 45 1082
stats: {freemem,"tsung_controller@ip-172-31-29-136"} 1 3283.953125 0.0 3523.8828125 3283.15234375 3379.8722098214284 21
stats: {load,"tsung_controller@ip-172-31-29-136"} 1 0.26171875 0.0 0.7109375 0.01171875 0.2658110119047619 21
stats: {recvpackets,"tsung_controller@ip-172-31-29-136"} 1 3422.0 0.0 4050 146 1868.55 20
stats: {sentpackets,"tsung_controller@ip-172-31-29-136"} 1 2278.0 0.0 3268 116 1515.5 20
stats: {cpu,"tsung_controller@ip-172-31-29-136"} 1 23.069403714565002 0.0 23.069403714565002 0.8865011527762243 10.927256853586476 21
stats: session 442 128305.59588461537 9937.750230010737 164279.693 1467.815 77302.22700131753 759
stats: users_count 0 1246
stats: finish_users_count 442 1201
stats: request 1397 3316.120841088055 3517.1475918157726 59987.541 0.953 9290.890505259702 12168
stats: connect 0 0 0 55.851 0.798 4.074024077046551 1246
stats: page 689 20773.278487663258 25714.69100054465 146475.491 0.953 15256.819280077721 6691
stats: 302 983 5996
stats: 504 1 33
stats: 200 0 1705
stats: size_rcv 1880041 28695554
stats: newphase 0 9
stats: 422 351 966
stats: 502 0 3279
stats: size_sent 806459 10234866
stats: connected -423 76
stats: 204 0 113
stats: 500 62 1473
# stats: dump at 1575489258
stats: users 15 1082
stats: {freemem,"tsung_controller@ip-172-31-29-136"} 1 3284.86328125 0.0 3523.8828125 3283.15234375 3375.5122514204545 22
stats: {load,"tsung_controller@ip-172-31-29-136"} 1 0.21875 0.0 0.7109375 0.01171875 0.265625 22
stats: {recvpackets,"tsung_controller@ip-172-31-29-136"} 1 3272.0 0.0 4050 146 1942.5238095238096 21
stats: {sentpackets,"tsung_controller@ip-172-31-29-136"} 1 2478.0 0.0 3268 116 1551.8095238095239 21
stats: {cpu,"tsung_controller@ip-172-31-29-136"} 1 20.845624385447394 0.0 23.069403714565002 0.8865011527762243 11.479172619994591 22
stats: session 30 140931.9924666667 15699.720468548954 164535.568 1467.815 96072.82570774354 1201
stats: users_count 0 1246
stats: finish_users_count 30 1231
stats: request 112 2533.2688839285706 2991.5715758842935 59987.541 0.953 8675.575118540366 13565
stats: connect 0 0 0 55.851 0.798 4.074024077046551 1246
stats: page 75 15341.534853333338 31677.986302329708 146475.491 0.953 15771.83830365854 7380
stats: 302 51 6047
stats: 504 0 33
stats: 200 3 1708
stats: size_rcv 176501 28872055
stats: newphase 0 9
stats: 422 28 994
stats: 502 0 3279
stats: size_sent 44461 10279327
stats: connected -61 15
stats: 204 0 113
stats: 500 30 1503
# stats: dump at 1575489268
stats: users 15 1082
stats: {freemem,"tsung_controller@ip-172-31-29-136"} 1 3298.015625 0.0 3523.8828125 3283.15234375 3371.570991847826 23
stats: {load,"tsung_controller@ip-172-31-29-136"} 1 0.1796875 0.0 0.7109375 0.01171875 0.26358695652173914 23
stats: {recvpackets,"tsung_controller@ip-172-31-29-136"} 1 119.0 0.0 4050 119 2002.9545454545455 22
stats: {sentpackets,"tsung_controller@ip-172-31-29-136"} 1 82.0 0.0 3268 82 1593.909090909091 22
stats: {cpu,"tsung_controller@ip-172-31-29-136"} 1 0.8991008991008992 0.0 23.069403714565002 0.8865011527762243 11.886409653275148 23
stats: session 0 0 0 164535.568 1467.815 97166.06291551584 1231
stats: users_count 0 1246
stats: finish_users_count 0 1231
stats: request 9 21071.735 21938.76103535361 59987.541 0.953 8625.276200775028 13677
stats: connect 0 0 0 55.851 0.798 4.074024077046551 1246
stats: page 5 115631.2384 48196.00116809908 155913.892 0.953 15767.50929510396 7455
stats: 302 0 6047
stats: 504 0 33
stats: 200 5 1713
stats: size_rcv 174961 29047016
stats: newphase 0 9
stats: 422 0 994
stats: 502 0 3279
stats: size_sent 8809 10288136
stats: connected 0 15
stats: 204 0 113
stats: 500 4 1507
# stats: dump at 1575489278
stats: users 15 1082
stats: {freemem,"tsung_controller@ip-172-31-29-136"} 1 3311.6328125 0.0 3523.8828125 3283.15234375 3368.5061848958335 24
stats: {load,"tsung_controller@ip-172-31-29-136"} 1 0.23046875 0.0 0.7109375 0.01171875 0.2600911458333333 24
stats: {recvpackets,"tsung_controller@ip-172-31-29-136"} 1 120.0 0.0 4050 119 1921.0434782608695 23
stats: {sentpackets,"tsung_controller@ip-172-31-29-136"} 1 44.0 0.0 3268 44 1528.1739130434783 23
stats: {cpu,"tsung_controller@ip-172-31-29-136"} 1 0.8008008008008007 0.0 23.069403714565002 0.8008008008008007 11.428605121851222 24
stats: session 0 0 0 164535.568 1467.815 97166.06291551584 1231
stats: users_count 0 1246
stats: finish_users_count 0 1231
stats: request 1 1172.197 0.0 59987.541 0.953 8633.461070656149 13686
stats: connect 0 0 0 55.851 0.798 4.074024077046551 1246
stats: page 0 0 0 155913.892 0.953 15834.442089410191 7460
stats: 302 0 6047
stats: 504 0 33
stats: 200 0 1713
stats: size_rcv 1132 29048148
stats: newphase 0 9
stats: 422 0 994
stats: 502 0 3279
stats: size_sent 879 10289015
stats: connected 0 15
stats: 204 1 114
stats: 500 0 1507
# stats: dump at 1575489288
stats: users 15 1082
stats: {freemem,"tsung_controller@ip-172-31-29-136"} 1 3314.08984375 0.0 3523.8828125 3283.15234375 3366.23125 25
stats: {load,"tsung_controller@ip-172-31-29-136"} 1 0.19921875 0.0 0.7109375 0.01171875 0.25890625 25
stats: {recvpackets,"tsung_controller@ip-172-31-29-136"} 1 1.0 0.0 4050 1 1846.0 24
stats: {sentpackets,"tsung_controller@ip-172-31-29-136"} 1 1.0 0.0 3268 1 1466.3333333333333 24
stats: {cpu,"tsung_controller@ip-172-31-29-136"} 1 0.10010010010010009 0.0 23.069403714565002 0.10010010010010009 11.003492949009205 25
stats: session 0 0 0 164535.568 1467.815 97166.06291551584 1231
stats: users_count 0 1246
stats: finish_users_count 0 1231
stats: request 2 16472.4985 15859.143500000002 59987.541 0.953 8632.915935559295 13687
stats: connect 0 0 0 55.851 0.798 4.074024077046551 1246
stats: page 0 0 0 155913.892 0.953 15834.442089410191 7460
stats: 302 0 6047
stats: 504 0 33
stats: 200 1 1714
stats: size_rcv 3784 29051932
stats: newphase 0 9
stats: 422 0 994
stats: 502 0 3279
stats: size_sent 1739 10290754
stats: connected 0 15
stats: 204 0 114
stats: 500 1 1508
# stats: dump at 1575489298
stats: users 14 1082
stats: {freemem,"tsung_controller@ip-172-31-29-136"} 1 3314.68359375 0.0 3523.8828125 3283.15234375 3364.225811298077 26
stats: {load,"tsung_controller@ip-172-31-29-136"} 1 0.171875 0.0 0.7109375 0.01171875 0.2566105769230769 26
stats: {recvpackets,"tsung_controller@ip-172-31-29-136"} 1 55.0 0.0 4050 1 1772.2 25
stats: {sentpackets,"tsung_controller@ip-172-31-29-136"} 1 47.0 0.0 3268 1 1407.72 25
stats: {cpu,"tsung_controller@ip-172-31-29-136"} 1 0.30060120240480964 0.0 23.069403714565002 0.10010010010010009 10.584131685589625 26
stats: session 1 198736.816 0.0 198736.816 1467.815 97166.06291551584 1231
stats: users_count 0 1246
stats: finish_users_count 1 1232
stats: request 1 46063.514 0.0 59987.541 0.953 8634.061319818837 13689
stats: connect 0 0 0 55.851 0.798 4.074024077046551 1246
stats: page 1 47351.556 0.0 155913.892 0.953 15834.442089410191 7460
stats: 302 0 6047
stats: 504 0 33
stats: 200 1 1715
stats: size_rcv 53392 29105324
stats: newphase 0 9
stats: 422 0 994
stats: 502 0 3279
stats: size_sent 0 10290754
stats: connected -1 14
stats: 204 0 114
stats: 500 0 1508
# stats: dump at 1575489308
stats: users 5 1082
stats: {freemem,"tsung_controller@ip-172-31-29-136"} 1 3322.18359375 0.0 3523.8828125 3283.15234375 3362.3909143518517 27
stats: {load,"tsung_controller@ip-172-31-29-136"} 1 0.140625 0.0 0.7109375 0.01171875 0.2534722222222222 27
stats: {recvpackets,"tsung_controller@ip-172-31-29-136"} 1 67.0 0.0 4050 1 1706.1538461538462 26
stats: {sentpackets,"tsung_controller@ip-172-31-29-136"} 1 29.0 0.0 3268 1 1355.3846153846155 26
stats: {cpu,"tsung_controller@ip-172-31-29-136"} 1 0.5 0.0 23.069403714565002 0.10010010010010009 10.203260186212411 27
stats: session 9 203399.56933333335 9378.54339485788 217344.58 1467.815 97248.50670860389 1232
stats: users_count 0 1246
stats: finish_users_count 9 1241
stats: request 11 44366.61772727272 19560.34745786596 59987.541 0.953 8636.795392330172 13690
stats: connect 0 0 0 55.851 0.798 4.074024077046551 1246
stats: page 10 54811.12069999999 7329.771245516737 155913.892 0.953 15838.666337354245 7461
stats: 302 0 6047
stats: 504 5 38
stats: 200 5 1720
stats: size_rcv 248572 29353896
stats: newphase 0 9
stats: 422 0 994
stats: 502 0 3279
stats: size_sent 1958 10292712
stats: connected -9 5
stats: 204 1 115
stats: 500 0 1508
# stats: dump at 1575489315
stats: users 0 1082
stats: {freemem,"tsung_controller@ip-172-31-29-136"} 1 3351.9921875 0.0 3523.8828125 3283.15234375 3360.9549386160716 28
stats: {load,"tsung_controller@ip-172-31-29-136"} 1 0.12109375 0.0 0.7109375 0.01171875 0.24944196428571427 28
stats: {recvpackets,"tsung_controller@ip-172-31-29-136"} 1 310.0 0.0 4050 1 1645.4444444444443 27
stats: {sentpackets,"tsung_controller@ip-172-31-29-136"} 1 143.0 0.0 3268 1 1306.2592592592594 27
stats: {cpu,"tsung_controller@ip-172-31-29-136"} 1 1.4000000000000001 0.0 23.069403714565002 0.10010010010010009 9.856715179561968 28
stats: session 5 207039.1868 12341.19079060699 217468.694 1467.815 98018.3371385979 1241
stats: users_count 0 1246
stats: finish_users_count 5 1246
stats: request 5 41261.8868 16037.140294287125 59987.541 0.953 8665.481476972487 13701
stats: connect 0 0 0 55.851 0.798 4.074024077046551 1246
stats: page 5 42696.826400000005 16050.065200187875 155913.892 0.953 15890.831314415746 7471
stats: 302 0 6047
stats: 504 0 38
stats: 200 5 1725
stats: size_rcv 267229 29621125
stats: newphase 0 9
stats: 422 0 994
stats: 502 0 3279
stats: size_sent 0 10292712
stats: connected -5 0
stats: 204 0 115
stats: 500 0 1508
EndMonitor:{1575,489315,883321}
