# stats: dump at 1575511924
stats: users 4 4
stats: {freemem,"tsung_controller@ip-172-31-20-182"} 1 3520.0 0 3520.0 3520.0 0 0
stats: {load,"tsung_controller@ip-172-31-20-182"} 1 0.01953125 0 0.01953125 0.01953125 0 0
stats: {cpu,"tsung_controller@ip-172-31-20-182"} 1 0.26384671189579556 0 0.26384671189579556 0.26384671189579556 0 0
stats: users_count 4 4
stats: finish_users_count 0 0
stats: request 22 89.26218181818183 170.94259787708546 807.97 6.208 0 0
stats: connect 3 7.742999999999999 2.0542903072999845 10.192 5.165 0 0
stats: page 13 140.02707692307692 229.5501203948754 884.074 6.208 0 0
stats: 302 9 9
stats: 200 11 11
stats: size_rcv 59339 59339
stats: size_sent 21059 21059
stats: connected 3 3
stats: 204 1 1
stats: 500 1 1
# stats: dump at 1575511934
stats: users 10 10
stats: {freemem,"tsung_controller@ip-172-31-20-182"} 1 3515.7734375 0.0 3520.0 3515.7734375 3520.0 1
stats: {load,"tsung_controller@ip-172-31-20-182"} 1 0.01953125 0.0 0.01953125 0.01953125 0.01953125 1
stats: {recvpackets,"tsung_controller@ip-172-31-20-182"} 1 136 0 136 136 0 0
stats: {sentpackets,"tsung_controller@ip-172-31-20-182"} 1 95 0 95 95 0 0
stats: {cpu,"tsung_controller@ip-172-31-20-182"} 1 1.3 0.0 1.3 0.26384671189579556 0.26384671189579556 1
stats: session 5 7230.204 1099.1199401681333 8763.674 6125.244 0 0
stats: users_count 11 15
stats: finish_users_count 5 5
stats: request 66 348.4909848484849 820.3446856824141 3461.258 6.208 89.26218181818183 22
stats: connect 11 4.771 2.324845253892279 10.192 1.175 7.742999999999999 3
stats: page 42 548.0996190476192 1004.1755689387084 3503.611 6.208 140.02707692307692 13
stats: 302 25 34
stats: 200 33 44
stats: size_rcv 338472 397811
stats: newphase 1 1
stats: size_sent 54240 75299
stats: connected 6 9
stats: 204 4 5
stats: 500 4 5
# stats: dump at 1575511944
stats: users 12 13
stats: {freemem,"tsung_controller@ip-172-31-20-182"} 1 3512.51953125 0.0 3520.0 3512.51953125 3517.88671875 2
stats: {load,"tsung_controller@ip-172-31-20-182"} 1 0.01171875 0.0 0.01953125 0.01171875 0.01953125 2
stats: {recvpackets,"tsung_controller@ip-172-31-20-182"} 1 364.0 0.0 364 136 136.0 1
stats: {sentpackets,"tsung_controller@ip-172-31-20-182"} 1 256.0 0.0 256 95 95.0 1
stats: {cpu,"tsung_controller@ip-172-31-20-182"} 1 2.4 0.0 2.4 0.26384671189579556 0.7819233559478977 2
stats: session 5 12160.936599999997 1088.96361312481 14149.321 6125.244 7230.204 5
stats: users_count 7 22
stats: finish_users_count 5 10
stats: request 73 912.274109589041 1606.4631117029219 7036.708 6.208 283.68378409090917 88
stats: connect 8 4.98525 2.1029664018951895 10.192 1.175 5.407857142857144 14
stats: page 40 1482.4250000000004 2203.974898649846 7116.674 6.208 451.64610909090914 55
stats: 302 20 54
stats: 200 39 83
stats: size_rcv 344178 741989
stats: newphase 1 2
stats: size_sent 63312 138611
stats: connected 4 13
stats: 204 7 12
stats: 500 7 12
# stats: dump at 1575511954
stats: users 43 43
stats: {freemem,"tsung_controller@ip-172-31-20-182"} 1 3509.390625 0.0 3520.0 3509.390625 3516.09765625 3
stats: {load,"tsung_controller@ip-172-31-20-182"} 1 0.01171875 0.0 0.01953125 0.01171875 0.016927083333333332 3
stats: {recvpackets,"tsung_controller@ip-172-31-20-182"} 1 366.0 0.0 366 136 250.0 2
stats: {sentpackets,"tsung_controller@ip-172-31-20-182"} 1 244.0 0.0 256 95 175.5 2
stats: {cpu,"tsung_controller@ip-172-31-20-182"} 1 2.004008016032064 0.0 2.4 0.26384671189579556 1.3212822372985984 3
stats: session 1 22968.472 0.0 22968.472 6125.244 9695.570299999998 10
stats: users_count 32 54
stats: finish_users_count 1 11
stats: request 136 1086.5096911764717 1561.7058561001988 13001.886 6.208 568.6967888198758 161
stats: connect 31 4.2933548387096785 2.756317091037886 13.047 1.121 5.254181818181819 22
stats: page 102 1290.2356862745103 2355.877060937154 13125.887 6.208 885.6582736842107 95
stats: 302 64 118
stats: 200 63 146
stats: size_rcv 448839 1190828
stats: newphase 1 3
stats: size_sent 135047 273658
stats: connected 29 42
stats: 204 4 16
stats: 500 5 17
# stats: dump at 1575511964
stats: users 95 95
stats: {freemem,"tsung_controller@ip-172-31-20-182"} 1 3498.28515625 0.0 3520.0 3498.28515625 3514.4208984375 4
stats: {load,"tsung_controller@ip-172-31-20-182"} 1 0.01171875 0.0 0.01953125 0.01171875 0.015625 4
stats: {recvpackets,"tsung_controller@ip-172-31-20-182"} 1 603.0 0.0 603 136 288.6666666666667 3
stats: {sentpackets,"tsung_controller@ip-172-31-20-182"} 1 509.0 0.0 509 95 198.33333333333334 3
stats: {cpu,"tsung_controller@ip-172-31-20-182"} 1 4.382470119521913 0.0 4.382470119521913 0.26384671189579556 1.4919636819819648 4
stats: session 3 26615.801666666666 5795.667393941233 34535.892 6125.244 10902.197727272725 11
stats: users_count 55 109
stats: finish_users_count 3 14
stats: request 159 2845.363018867924 2215.6443370017478 13001.886 6.208 805.8097676767683 297
stats: connect 55 3.598418181818183 2.317988357417691 13.047 0.947 4.692188679245284 53
stats: page 114 2445.6712543859626 2250.227187185952 13125.887 6.208 1095.1349035532999 197
stats: 302 82 200
stats: 200 51 197
stats: size_rcv 451427 1642255
stats: newphase 1 4
stats: size_sent 140992 414650
stats: connected 52 94
stats: 204 1 17
stats: 500 25 42
# stats: dump at 1575511974
stats: users 181 181
stats: {freemem,"tsung_controller@ip-172-31-20-182"} 1 3494.26953125 0.0 3520.0 3494.26953125 3511.19375 5
stats: {load,"tsung_controller@ip-172-31-20-182"} 1 0.01171875 0.0 0.01953125 0.01171875 0.01484375 5
stats: {recvpackets,"tsung_controller@ip-172-31-20-182"} 1 733.0 0.0 733 136 367.25 4
stats: {sentpackets,"tsung_controller@ip-172-31-20-182"} 1 661.0 0.0 661 95 276.0 4
stats: {cpu,"tsung_controller@ip-172-31-20-182"} 1 4.909819639278557 0.0 4.909819639278557 0.26384671189579556 2.0700649694899544 5
stats: session 4 27040.75425 8933.03112038429 36602.77 6125.244 14269.398571428568 14
stats: users_count 90 199
stats: finish_users_count 4 18
stats: request 206 4691.690796116504 2460.6940344398336 16862.371 0.877 1516.9697828947371 456
stats: connect 87 3.062448275862069 2.2706586353146987 13.047 0.826 4.135175925925927 108
stats: page 165 5433.687521212122 4250.010844258012 22611.027 1.102 1590.1868135048226 311
stats: 302 114 314
stats: 200 69 266
stats: size_rcv 609585 2251840
stats: newphase 1 5
stats: 502 16 16
stats: size_sent 192318 606968
stats: connected 83 177
stats: 204 2 19
stats: 500 5 47
# stats: dump at 1575511984
stats: users 228 230
stats: {freemem,"tsung_controller@ip-172-31-20-182"} 1 3476.72265625 0.0 3520.0 3476.72265625 3508.373046875 6
stats: {load,"tsung_controller@ip-172-31-20-182"} 1 0.0 0.0 0.01953125 0.0 0.014322916666666666 6
stats: {recvpackets,"tsung_controller@ip-172-31-20-182"} 1 1223.0 0.0 1223 136 440.4 5
stats: {sentpackets,"tsung_controller@ip-172-31-20-182"} 1 1127.0 0.0 1127 95 353.0 5
stats: {cpu,"tsung_controller@ip-172-31-20-182"} 1 7.915831663326653 0.0 7.915831663326653 0.26384671189579556 2.5433574144547215 6
stats: session 121 9718.557462809915 8704.695581409489 40744.707 1129.259 17107.47761111111 18
stats: users_count 168 367
stats: finish_users_count 121 139
stats: request 1516 643.6226411609499 2165.5712194453304 16862.371 0.862 2504.8739048338366 662
stats: connect 169 3.2063254437869824 2.8764289056251555 23.527 0.792 3.6565743589743596 195
stats: page 885 968.803961581921 2922.3291273141895 30133.307 0.985 2922.492731092437 476
stats: 302 53 367
stats: 200 53 319
stats: size_rcv 813430 3065270
stats: newphase 1 6
stats: 502 1381 1397
stats: 422 6 6
stats: size_sent 769452 1376420
stats: connected 52 229
stats: 204 2 21
stats: 500 21 68
# stats: dump at 1575511994
stats: users 247 251
stats: {freemem,"tsung_controller@ip-172-31-20-182"} 1 3466.6171875 0.0 3520.0 3466.6171875 3503.8515625 7
stats: {load,"tsung_controller@ip-172-31-20-182"} 1 0.078125 0.0 0.078125 0.0 0.012276785714285714 7
stats: {recvpackets,"tsung_controller@ip-172-31-20-182"} 1 2930.0 0.0 2930 136 570.8333333333334 6
stats: {sentpackets,"tsung_controller@ip-172-31-20-182"} 1 3556.0 0.0 3556 95 482.0 6
stats: {cpu,"tsung_controller@ip-172-31-20-182"} 1 23.558162267839688 0.0 23.558162267839688 0.26384671189579556 3.3108537357221404 7
stats: session 168 13655.626285714277 13047.631286748216 49533.85 1129.259 10675.396043165467 139
stats: users_count 187 554
stats: finish_users_count 168 307
stats: request 2234 825.9712663384067 2931.659695442009 19191.431 0.862 1209.3473135904499 2178
stats: connect 180 3.7549611111111125 3.2635303862260865 23.527 0.792 3.4475302197802207 364
stats: page 1235 1554.1216089068862 4626.183820165702 40069.493 0.985 1652.0926127847172 1361
stats: 302 77 444
stats: 200 40 359
stats: size_rcv 1026780 4092050
stats: newphase 1 7
stats: 502 2069 3466
stats: 422 20 26
stats: size_sent 965836 2342256
stats: connected 14 243
stats: 204 1 22
stats: 500 27 95
# stats: dump at 1575512004
stats: users 242 265
stats: {freemem,"tsung_controller@ip-172-31-20-182"} 1 3458.7109375 0.0 3520.0 3458.7109375 3499.197265625 8
stats: {load,"tsung_controller@ip-172-31-20-182"} 1 0.0703125 0.0 0.078125 0.0 0.0205078125 8
stats: {recvpackets,"tsung_controller@ip-172-31-20-182"} 1 4109.0 0.0 4109 136 907.8571428571429 7
stats: {sentpackets,"tsung_controller@ip-172-31-20-182"} 1 4361.0 0.0 4361 95 921.1428571428571 7
stats: {cpu,"tsung_controller@ip-172-31-20-182"} 1 22.877122877122876 0.0 23.558162267839688 0.26384671189579556 5.841767302236834 8
stats: session 249 7700.571506024099 11113.40863367238 58351.215 1129.259 12306.271224755696 307
stats: users_count 244 798
stats: finish_users_count 249 556
stats: request 2801 326.748532666905 2194.543305467723 27811.412 0.856 1015.226259746147 4412
stats: connect 249 3.7861606425702816 2.995616071007213 23.527 0.792 3.549253676470589 544
stats: page 1504 598.6813823138294 3304.734485530698 41537.542 0.985 1605.4846814329755 2596
stats: 302 29 473
stats: 200 5 364
stats: size_rcv 953949 5045999
stats: newphase 1 8
stats: 502 2747 6213
stats: 422 3 29
stats: size_sent 840153 3182409
stats: connected 2 245
stats: 204 0 22
stats: 500 17 112
# stats: dump at 1575512014
stats: users 288 300
stats: {freemem,"tsung_controller@ip-172-31-20-182"} 1 3459.13671875 0.0 3520.0 3458.7109375 3494.698784722222 9
stats: {load,"tsung_controller@ip-172-31-20-182"} 1 0.21875 0.0 0.21875 0.0 0.026041666666666668 9
stats: {recvpackets,"tsung_controller@ip-172-31-20-182"} 1 4722.0 0.0 4722 136 1308.0 8
stats: {sentpackets,"tsung_controller@ip-172-31-20-182"} 1 5295.0 0.0 5295 95 1351.125 8
stats: {cpu,"tsung_controller@ip-172-31-20-182"} 1 25.14851485148515 0.0 25.14851485148515 0.26384671189579556 7.734584588335283 9
stats: session 302 8608.40881456953 12565.39418542074 64028.551 1129.259 10243.646710431653 556
stats: users_count 348 1146
stats: finish_users_count 302 858
stats: request 3439 428.6455143937184 2991.0131992792058 33809.389 0.856 747.8720224594483 7213
stats: connect 345 3.561547826086956 3.107617662240511 23.527 0.792 3.623641866330392 793
stats: page 1895 725.8863387862798 4093.397138528337 53650.718 0.985 1236.15976390244 4100
stats: 302 47 520
stats: 200 1 365
stats: size_rcv 1138008 6184007
stats: newphase 1 9
stats: 502 3379 9592
stats: 422 5 34
stats: size_sent 957752 4140161
stats: connected 51 296
stats: 204 0 22
stats: 500 7 119
# stats: dump at 1575512024
stats: users 162 306
stats: {freemem,"tsung_controller@ip-172-31-20-182"} 1 3458.45703125 0.0 3520.0 3458.45703125 3491.142578125 10
stats: {load,"tsung_controller@ip-172-31-20-182"} 1 0.1796875 0.0 0.21875 0.0 0.0453125 10
stats: {recvpackets,"tsung_controller@ip-172-31-20-182"} 1 6436.0 0.0 6436 136 1687.3333333333333 9
stats: {sentpackets,"tsung_controller@ip-172-31-20-182"} 1 7008.0 0.0 7008 95 1789.3333333333333 9
stats: {cpu,"tsung_controller@ip-172-31-20-182"} 1 30.297029702970296 0.0 30.297029702970296 0.26384671189579556 9.475977614650269 10
stats: session 256 12639.145703124992 13953.306990527339 70017.058 1129.259 9668.07346503496 858
stats: users_count 130 1276
stats: finish_users_count 256 1114
stats: request 2758 990.4385029006518 4075.657123522926 33918.606 0.856 644.8096903867817 10652
stats: connect 138 3.4461594202898547 2.955444465571621 23.527 0.792 3.604817223198595 1138
stats: page 1367 1827.5714945135333 6063.948716948553 53650.718 0.985 1074.8639939949967 5995
stats: 302 135 655
stats: 200 5 370
stats: size_rcv 1031303 7215310
stats: newphase 0 9
stats: 502 2590 12182
stats: 422 22 56
stats: size_sent 895407 5035568
stats: connected -134 162
stats: 204 0 22
stats: 500 6 125
# stats: dump at 1575512034
stats: users 136 306
stats: {freemem,"tsung_controller@ip-172-31-20-182"} 1 3459.28515625 0.0 3520.0 3458.45703125 3488.1711647727275 11
stats: {load,"tsung_controller@ip-172-31-20-182"} 1 0.1484375 0.0 0.21875 0.0 0.05752840909090909 11
stats: {recvpackets,"tsung_controller@ip-172-31-20-182"} 1 3956.0 0.0 6436 136 2162.2 10
stats: {sentpackets,"tsung_controller@ip-172-31-20-182"} 1 3836.0 0.0 7008 95 2311.2 10
stats: {cpu,"tsung_controller@ip-172-31-20-182"} 1 16.733067729083665 0.0 30.297029702970296 0.26384671189579556 11.36880053177027 11
stats: session 26 22157.252192307693 13720.885454116975 70017.058 1129.259 10350.833333034105 1114
stats: users_count 0 1276
stats: finish_users_count 26 1140
stats: request 212 7903.118240566038 4332.59582026604 59087.455 0.856 715.8942739000743 13410
stats: connect 0 0 0 23.527 0.792 3.587658307210032 1276
stats: page 82 14395.533292682929 8528.740354681411 53650.718 0.985 1214.6291601466999 7362
stats: 302 168 823
stats: 504 1 1
stats: 200 0 370
stats: size_rcv 246497 7461807
stats: newphase 0 9
stats: 502 6 12188
stats: 422 33 89
stats: size_sent 134898 5170466
stats: connected -26 136
stats: 204 0 22
stats: 500 4 129
# stats: dump at 1575512044
stats: users 67 306
stats: {freemem,"tsung_controller@ip-172-31-20-182"} 1 3458.8671875 0.0 3520.0 3458.45703125 3485.7639973958335 12
stats: {load,"tsung_controller@ip-172-31-20-182"} 1 0.12890625 0.0 0.21875 0.0 0.06510416666666667 12
stats: {recvpackets,"tsung_controller@ip-172-31-20-182"} 1 541.0 0.0 6436 136 2325.2727272727275 11
stats: {sentpackets,"tsung_controller@ip-172-31-20-182"} 1 338.0 0.0 7008 95 2449.818181818182 11
stats: {cpu,"tsung_controller@ip-172-31-20-182"} 1 3.8 0.0 30.297029702970296 0.26384671189579556 11.815822798213054 12
stats: session 69 32879.53331884057 12576.886091775943 84483.865 1129.259 10620.102535087713 1140
stats: users_count 0 1276
stats: finish_users_count 69 1209
stats: request 251 5946.1493266932175 3795.7440263641683 59142.522 0.856 827.74946997504 13622
stats: connect 0 0 0 23.527 0.792 3.587658307210032 1276
stats: page 118 15931.609135593224 6480.834237537212 53650.718 0.985 1359.8245038957555 7444
stats: 302 178 1001
stats: 504 1 2
stats: 200 0 370
stats: size_rcv 322341 7784148
stats: newphase 0 9
stats: 502 0 12188
stats: 422 66 155
stats: size_sent 136718 5307184
stats: connected -68 68
stats: 204 0 22
stats: 500 6 135
# stats: dump at 1575512054
stats: users 7 306
stats: {freemem,"tsung_controller@ip-172-31-20-182"} 1 3458.75390625 0.0 3520.0 3458.45703125 3483.695012019231 13
stats: {load,"tsung_controller@ip-172-31-20-182"} 1 0.26171875 0.0 0.26171875 0.0 0.07001201923076923 13
stats: {recvpackets,"tsung_controller@ip-172-31-20-182"} 1 657.0 0.0 6436 136 2176.5833333333335 12
stats: {sentpackets,"tsung_controller@ip-172-31-20-182"} 1 489.0 0.0 7008 95 2273.8333333333335 12
stats: {cpu,"tsung_controller@ip-172-31-20-182"} 1 4.095904095904096 0.0 30.297029702970296 0.26384671189579556 11.199221044504357 13
stats: session 60 34839.15170000001 8983.622895874298 92459.65 1129.259 11890.491885028943 1209
stats: users_count 0 1276
stats: finish_users_count 60 1269
stats: request 153 3234.9330653594793 6836.703308472193 59892.268 0.856 920.3551330642249 13873
stats: connect 0 0 0 23.527 0.792 3.587658307210032 1276
stats: page 86 14247.607953488374 19172.217170730535 90988.678 0.985 1587.2075489288554 7562
stats: 302 102 1103
stats: 504 2 4
stats: 200 1 371
stats: size_rcv 209621 7993769
stats: newphase 0 9
stats: 502 0 12188
stats: 422 42 197
stats: size_sent 70773 5377957
stats: connected -61 7
stats: 204 0 22
stats: 500 6 141
# stats: dump at 1575512064
stats: users 2 306
stats: {freemem,"tsung_controller@ip-172-31-20-182"} 1 3466.23828125 0.0 3520.0 3458.45703125 3481.913504464286 14
stats: {load,"tsung_controller@ip-172-31-20-182"} 1 0.21875 0.0 0.26171875 0.0 0.08370535714285714 14
stats: {recvpackets,"tsung_controller@ip-172-31-20-182"} 1 345.0 0.0 6436 136 2059.6923076923076 13
stats: {sentpackets,"tsung_controller@ip-172-31-20-182"} 1 275.0 0.0 7008 95 2136.5384615384614 13
stats: {cpu,"tsung_controller@ip-172-31-20-182"} 1 2.788844621513944 0.0 30.297029702970296 0.26384671189579556 10.691841262461482 14
stats: session 5 103263.05600000001 7351.997760214155 115821.815 1129.259 12975.534902285257 1269
stats: users_count 0 1276
stats: finish_users_count 5 1274
stats: request 8 11520.940125000003 18079.532213126837 59892.268 0.856 945.6032739198625 14026
stats: connect 0 0 0 23.527 0.792 3.587658307210032 1276
stats: page 6 21409.169166666667 21103.56418672834 90988.678 0.985 1729.5708379968626 7648
stats: 302 0 1103
stats: 504 1 5
stats: 200 0 371
stats: size_rcv 13381 8007150
stats: newphase 0 9
stats: 502 0 12188
stats: 422 1 198
stats: size_sent 2748 5380705
stats: connected -5 2
stats: 204 0 22
stats: 500 6 147
# stats: dump at 1575512074
stats: users 2 306
stats: {freemem,"tsung_controller@ip-172-31-20-182"} 1 3470.87890625 0.0 3520.0 3458.45703125 3480.8684895833335 15
stats: {load,"tsung_controller@ip-172-31-20-182"} 1 0.1796875 0.0 0.26171875 0.0 0.09270833333333334 15
stats: {recvpackets,"tsung_controller@ip-172-31-20-182"} 1 48.0 0.0 6436 48 1937.2142857142858 14
stats: {sentpackets,"tsung_controller@ip-172-31-20-182"} 1 43.0 0.0 7008 43 2003.5714285714287 14
stats: {cpu,"tsung_controller@ip-172-31-20-182"} 1 0.30060120240480964 0.0 30.297029702970296 0.26384671189579556 10.164974819731645 15
stats: session 0 0 0 115821.815 1129.259 13329.881531397168 1274
stats: users_count 0 1276
stats: finish_users_count 0 1274
stats: request 0 0 0 59892.268 0.856 951.6316831266918 14034
stats: connect 0 0 0 23.527 0.792 3.587658307210032 1276
stats: page 0 0 0 90988.678 0.985 1744.9977507185793 7654
stats: 302 0 1103
stats: 504 0 5
stats: 200 0 371
stats: size_rcv 0 8007150
stats: newphase 0 9
stats: 502 0 12188
stats: 422 0 198
stats: size_sent 0 5380705
stats: connected 0 2
stats: 204 0 22
stats: 500 0 147
# stats: dump at 1575512084
stats: users 2 306
stats: {freemem,"tsung_controller@ip-172-31-20-182"} 1 3470.87109375 0.0 3520.0 3458.45703125 3480.244140625 16
stats: {load,"tsung_controller@ip-172-31-20-182"} 1 0.1484375 0.0 0.26171875 0.0 0.09814453125 16
stats: {recvpackets,"tsung_controller@ip-172-31-20-182"} 1 0.0 0.0 6436 0 1811.2666666666667 15
stats: {sentpackets,"tsung_controller@ip-172-31-20-182"} 1 1.0 0.0 7008 1 1872.8666666666666 15
stats: {cpu,"tsung_controller@ip-172-31-20-182"} 1 0.2 0.0 30.297029702970296 0.2 9.548451468648718 16
stats: session 0 0 0 115821.815 1129.259 13329.881531397168 1274
stats: users_count 0 1276
stats: finish_users_count 0 1274
stats: request 0 0 0 59892.268 0.856 951.6316831266918 14034
stats: connect 0 0 0 23.527 0.792 3.587658307210032 1276
stats: page 0 0 0 90988.678 0.985 1744.9977507185793 7654
stats: 302 0 1103
stats: 504 0 5
stats: 200 0 371
stats: size_rcv 0 8007150
stats: newphase 0 9
stats: 502 0 12188
stats: 422 0 198
stats: size_sent 0 5380705
stats: connected 0 2
stats: 204 0 22
stats: 500 0 147
# stats: dump at 1575512094
stats: users 2 306
stats: {freemem,"tsung_controller@ip-172-31-20-182"} 1 3470.91015625 0.0 3520.0 3458.45703125 3479.6927849264707 17
stats: {load,"tsung_controller@ip-172-31-20-182"} 1 0.12890625 0.0 0.26171875 0.0 0.10110294117647059 17
stats: {recvpackets,"tsung_controller@ip-172-31-20-182"} 1 0.0 0.0 6436 0 1698.0625 16
stats: {sentpackets,"tsung_controller@ip-172-31-20-182"} 1 0.0 0.0 7008 0 1755.875 16
stats: {cpu,"tsung_controller@ip-172-31-20-182"} 1 0.29940119760479045 0.0 30.297029702970296 0.2 8.998542558728204 17
stats: session 0 0 0 115821.815 1129.259 13329.881531397168 1274
stats: users_count 0 1276
stats: finish_users_count 0 1274
stats: request 0 0 0 59892.268 0.856 951.6316831266918 14034
stats: connect 0 0 0 23.527 0.792 3.587658307210032 1276
stats: page 0 0 0 90988.678 0.985 1744.9977507185793 7654
stats: 302 0 1103
stats: 504 0 5
stats: 200 0 371
stats: size_rcv 0 8007150
stats: newphase 0 9
stats: 502 0 12188
stats: 422 0 198
stats: size_sent 0 5380705
stats: connected 0 2
stats: 204 0 22
stats: 500 0 147
# stats: dump at 1575512104
stats: users 2 306
stats: {freemem,"tsung_controller@ip-172-31-20-182"} 1 3471.125 0.0 3520.0 3458.45703125 3479.2048611111113 18
stats: {load,"tsung_controller@ip-172-31-20-182"} 1 0.109375 0.0 0.26171875 0.0 0.10264756944444445 18
stats: {recvpackets,"tsung_controller@ip-172-31-20-182"} 1 0.0 0.0 6436 0 1598.1764705882354 17
stats: {sentpackets,"tsung_controller@ip-172-31-20-182"} 1 0.0 0.0 7008 0 1652.5882352941176 17
stats: {cpu,"tsung_controller@ip-172-31-20-182"} 1 0.1 0.0 30.297029702970296 0.1 8.515256927554681 18
stats: session 0 0 0 115821.815 1129.259 13329.881531397168 1274
stats: users_count 0 1276
stats: finish_users_count 0 1274
stats: request 0 0 0 59892.268 0.856 951.6316831266918 14034
stats: connect 0 0 0 23.527 0.792 3.587658307210032 1276
stats: page 0 0 0 90988.678 0.985 1744.9977507185793 7654
stats: 302 0 1103
stats: 504 0 5
stats: 200 0 371
stats: size_rcv 0 8007150
stats: newphase 0 9
stats: 502 0 12188
stats: 422 0 198
stats: size_sent 0 5380705
stats: connected 0 2
stats: 204 0 22
stats: 500 0 147
# stats: dump at 1575512113
stats: users 0 306
stats: {freemem,"tsung_controller@ip-172-31-20-182"} 1 3471.14453125 0.0 3520.0 3458.45703125 3478.779605263158 19
stats: {load,"tsung_controller@ip-172-31-20-182"} 1 0.08984375 0.0 0.26171875 0.0 0.1030016447368421 19
stats: {recvpackets,"tsung_controller@ip-172-31-20-182"} 1 0.0 0.0 6436 0 1509.388888888889 18
stats: {sentpackets,"tsung_controller@ip-172-31-20-182"} 1 0.0 0.0 7008 0 1560.7777777777778 18
stats: {cpu,"tsung_controller@ip-172-31-20-182"} 1 0.2 0.0 30.297029702970296 0.1 8.072348668209697 19
stats: session 2 143675.0145 9898.160499999998 153573.175 1129.259 13329.881531397168 1274
stats: users_count 0 1276
stats: finish_users_count 2 1276
stats: request 2 54814.546 4389.736000000003 59892.268 0.856 951.6316831266918 14034
stats: connect 0 0 0 23.527 0.792 3.587658307210032 1276
stats: page 2 56267.90700000001 5681.234000000002 90988.678 0.985 1744.9977507185793 7654
stats: 302 0 1103
stats: 504 1 6
stats: 200 1 372
stats: size_rcv 40337 8047487
stats: newphase 0 9
stats: 502 0 12188
stats: 422 0 198
stats: size_sent 0 5380705
stats: connected -2 0
stats: 204 0 22
stats: 500 0 147
EndMonitor:{1575,512113,444719}
