# stats: dump at 1575448354
stats: users 3 4
stats: {freemem,"tsung_controller@ip-172-31-30-117"} 1 3509.609375 0 3509.609375 3509.609375 0 0
stats: {load,"tsung_controller@ip-172-31-30-117"} 1 0.0 0 0.0 0.0 0 0
stats: {cpu,"tsung_controller@ip-172-31-30-117"} 1 2.0322135483152612 0 2.0322135483152612 2.0322135483152612 0 0
stats: session 1 8223.541 0 8223.541 8223.541 0 0
stats: users_count 4 4
stats: finish_users_count 1 1
stats: request 23 97.25717391304347 212.66986204968165 894.564 6.493 0 0
stats: connect 4 5.1315 2.6279045359373314 8.619 1.275 0 0
stats: page 13 165.24099999999999 285.79058536950816 950.52 6.493 0 0
stats: 302 8 8
stats: 200 11 11
stats: size_rcv 37605 37605
stats: size_sent 19905 19905
stats: connected 4 4
stats: 204 2 2
stats: 500 2 2
# stats: dump at 1575448364
stats: users 0 4
stats: {freemem,"tsung_controller@ip-172-31-30-117"} 1 3506.63671875 0.0 3509.609375 3506.63671875 3509.609375 1
stats: {load,"tsung_controller@ip-172-31-30-117"} 1 0.0 0.0 0.0 0.0 0.0 1
stats: {recvpackets,"tsung_controller@ip-172-31-30-117"} 1 152 0 152 152 0 0
stats: {sentpackets,"tsung_controller@ip-172-31-30-117"} 1 103 0 103 103 0 0
stats: {cpu,"tsung_controller@ip-172-31-30-117"} 1 1.2012012012012012 0.0 2.0322135483152612 1.2012012012012012 2.0322135483152612 1
stats: session 4 6585.724249999999 1136.6046484110857 8244.655 5123.707 8223.541 1
stats: users_count 1 5
stats: finish_users_count 4 5
stats: request 31 366.6944193548388 708.0732235542463 2604.425 5.642 97.25717391304347 23
stats: connect 1 1.283 0.0 8.619 1.275 5.1315 4
stats: page 16 713.6899999999998 882.7306737037634 2649.401 5.642 165.24099999999999 13
stats: 302 7 15
stats: 200 18 29
stats: size_rcv 190320 227925
stats: newphase 1 1
stats: size_sent 27216 47121
stats: connected -3 1
stats: 204 3 5
stats: 500 3 5
# stats: dump at 1575448374
stats: users 24 24
stats: {freemem,"tsung_controller@ip-172-31-30-117"} 1 3506.22265625 0.0 3509.609375 3506.22265625 3508.123046875 2
stats: {load,"tsung_controller@ip-172-31-30-117"} 1 0.0 0.0 0.0 0.0 0.0 2
stats: {recvpackets,"tsung_controller@ip-172-31-30-117"} 1 169.0 0.0 169 152 152.0 1
stats: {sentpackets,"tsung_controller@ip-172-31-30-117"} 1 98.0 0.0 103 98 103.0 1
stats: {cpu,"tsung_controller@ip-172-31-30-117"} 1 1.1988011988011988 0.0 2.0322135483152612 1.1988011988011988 1.6167073747582312 2
stats: session 0 0 0 8244.655 5123.707 6913.287599999999 5
stats: users_count 24 29
stats: finish_users_count 0 5
stats: request 85 251.38881176470588 469.0457167228069 3612.793 4.596 251.93411111111115 54
stats: connect 21 4.1071904761904765 2.3779201320050705 8.619 1.015 4.361800000000001 5
stats: page 65 227.0520923076923 321.92800327401073 2649.401 4.596 467.8335517241378 29
stats: 302 43 58
stats: 200 39 68
stats: size_rcv 174303 402228
stats: newphase 1 2
stats: size_sent 77587 124708
stats: connected 20 21
stats: 204 1 6
stats: 500 2 7
# stats: dump at 1575448384
stats: users 44 44
stats: {freemem,"tsung_controller@ip-172-31-30-117"} 1 3502.92578125 0.0 3509.609375 3502.92578125 3507.4895833333335 3
stats: {load,"tsung_controller@ip-172-31-30-117"} 1 0.0 0.0 0.0 0.0 0.0 3
stats: {recvpackets,"tsung_controller@ip-172-31-30-117"} 1 384.0 0.0 384 152 160.5 2
stats: {sentpackets,"tsung_controller@ip-172-31-30-117"} 1 364.0 0.0 364 98 100.5 2
stats: {cpu,"tsung_controller@ip-172-31-30-117"} 1 2.4072216649949847 0.0 2.4072216649949847 1.1988011988011988 1.477405316105887 3
stats: session 1 14128.759 0.0 14128.759 5123.707 6913.287599999999 5
stats: users_count 21 50
stats: finish_users_count 1 6
stats: request 116 1483.4273879310333 1638.1477479493988 8549.215 4.596 251.600654676259 139
stats: connect 22 90.8864090909091 199.3859031831258 691.128 1.015 4.156153846153846 26
stats: page 72 1432.876013888889 1979.0184203952424 8737.473 4.596 301.33573404255316 94
stats: 302 41 99
stats: 200 57 125
stats: size_rcv 281161 683389
stats: newphase 1 3
stats: size_sent 103429 228137
stats: connected 21 42
stats: 204 5 11
stats: 500 13 20
# stats: dump at 1575448394
stats: users 94 94
stats: {freemem,"tsung_controller@ip-172-31-30-117"} 1 3498.5546875 0.0 3509.609375 3498.5546875 3506.3486328125 4
stats: {load,"tsung_controller@ip-172-31-30-117"} 1 0.0 0.0 0.0 0.0 0.0 4
stats: {recvpackets,"tsung_controller@ip-172-31-30-117"} 1 524.0 0.0 524 152 235.0 3
stats: {sentpackets,"tsung_controller@ip-172-31-30-117"} 1 422.0 0.0 422 98 188.33333333333334 3
stats: {cpu,"tsung_controller@ip-172-31-30-117"} 1 3.203203203203203 0.0 3.203203203203203 1.1988011988011988 1.7098594033281613 4
stats: session 5 22784.005000000005 2804.1305795736384 24750.054 5123.707 8115.866166666666 6
stats: users_count 55 105
stats: finish_users_count 5 11
stats: request 151 3191.174311258279 2385.179845661336 14190.323 4.596 811.9610509803917 255
stats: connect 56 8.003178571428574 18.344491053278812 691.128 0.918 43.907520833333336 48
stats: page 120 3883.6856 4132.3854805013825 16624.938 4.596 792.1242891566266 166
stats: 302 79 178
stats: 200 60 185
stats: size_rcv 403903 1087292
stats: newphase 1 4
stats: 422 2 2
stats: size_sent 137329 365466
stats: connected 51 93
stats: 204 4 15
stats: 500 6 26
# stats: dump at 1575448404
stats: users 184 184
stats: {freemem,"tsung_controller@ip-172-31-30-117"} 1 3486.61328125 0.0 3509.609375 3486.61328125 3504.78984375 5
stats: {load,"tsung_controller@ip-172-31-30-117"} 1 0.0 0.0 0.0 0.0 0.0 5
stats: {recvpackets,"tsung_controller@ip-172-31-30-117"} 1 798.0 0.0 798 152 307.25 4
stats: {sentpackets,"tsung_controller@ip-172-31-30-117"} 1 668.0 0.0 668 98 246.75 4
stats: {cpu,"tsung_controller@ip-172-31-30-117"} 1 5.88235294117647 0.0 5.88235294117647 1.1988011988011988 2.0085281633031697 5
stats: session 5 26120.2144 6312.306423752053 30254.624 5123.707 14783.202000000001 11
stats: users_count 95 200
stats: finish_users_count 5 16
stats: request 213 4634.884272300466 1983.5092728314514 14190.323 0.704 1696.8408596059112 406
stats: connect 94 10.032797872340426 50.2392529046421 691.128 0.918 24.574413461538466 104
stats: page 177 4367.988689265539 2090.3391880064814 16624.938 0.704 2089.282881118881 286
stats: 302 112 290
stats: 200 77 262
stats: size_rcv 459065 1546357
stats: newphase 1 5
stats: 422 1 3
stats: 502 3 3
stats: size_sent 199863 565329
stats: connected 90 183
stats: 204 2 17
stats: 500 18 44
# stats: dump at 1575448414
stats: users 210 213
stats: {freemem,"tsung_controller@ip-172-31-30-117"} 1 3478.18359375 0.0 3509.609375 3478.18359375 3501.7604166666665 6
stats: {load,"tsung_controller@ip-172-31-30-117"} 1 0.0 0.0 0.0 0.0 0.0 6
stats: {recvpackets,"tsung_controller@ip-172-31-30-117"} 1 1223.0 0.0 1223 152 405.4 5
stats: {sentpackets,"tsung_controller@ip-172-31-30-117"} 1 1202.0 0.0 1202 98 331.0 5
stats: {cpu,"tsung_controller@ip-172-31-30-117"} 1 8.091908091908092 0.0 8.091908091908092 1.1988011988011988 2.654165626282053 6
stats: session 95 12567.143610526318 11547.3514743472 44695.122 1129.441 18326.018375 16
stats: users_count 121 321
stats: finish_users_count 95 111
stats: request 1223 1082.9306304170093 2966.591820747354 17977.759 0.494 2707.8315654281087 619
stats: connect 119 2.997361344537814 2.656912401281907 691.128 0.918 17.670818181818184 198
stats: page 710 1709.910967605635 4289.616514100475 32486.905 0.56 2960.407995680346 463
stats: 302 65 355
stats: 200 56 318
stats: size_rcv 782683 2329040
stats: newphase 1 6
stats: 422 3 6
stats: 502 1072 1075
stats: size_sent 654792 1220121
stats: connected 25 208
stats: 204 0 17
stats: 500 27 71
# stats: dump at 1575448424
stats: users 228 234
stats: {freemem,"tsung_controller@ip-172-31-30-117"} 1 3466.94921875 0.0 3509.609375 3466.94921875 3498.3922991071427 7
stats: {load,"tsung_controller@ip-172-31-30-117"} 1 0.0 0.0 0.0 0.0 0.0 7
stats: {recvpackets,"tsung_controller@ip-172-31-30-117"} 1 2643.0 0.0 2643 152 541.6666666666666 6
stats: {sentpackets,"tsung_controller@ip-172-31-30-117"} 1 2788.0 0.0 2788 98 476.1666666666667 6
stats: {cpu,"tsung_controller@ip-172-31-30-117"} 1 19.090009891196836 0.0 19.090009891196836 1.1988011988011988 3.4309859785143444 7
stats: session 174 11365.819206896545 10175.333762075443 49834.389 1129.441 13397.251684684687 111
stats: users_count 192 513
stats: finish_users_count 174 285
stats: request 2194 837.3136175934363 2229.4508975679414 17977.759 0.494 1628.9749728555928 1842
stats: connect 192 3.469338541666666 3.3635537142306102 691.128 0.916 12.162485804416404 317
stats: page 1176 1354.9427346938744 3635.52056763314 35628.971 0.551 2203.5001611253206 1173
stats: 302 184 539
stats: 200 80 398
stats: size_rcv 1131229 3460269
stats: newphase 1 7
stats: 422 39 45
stats: 502 1874 2949
stats: size_sent 1114155 2334276
stats: connected 25 233
stats: 204 3 20
stats: 500 14 85
# stats: dump at 1575448434
stats: users 243 251
stats: {freemem,"tsung_controller@ip-172-31-30-117"} 1 3471.31640625 0.0 3509.609375 3466.94921875 3494.4619140625 8
stats: {load,"tsung_controller@ip-172-31-30-117"} 1 0.0 0.0 0.0 0.0 0.0 8
stats: {recvpackets,"tsung_controller@ip-172-31-30-117"} 1 3992.0 0.0 3992 152 841.8571428571429 7
stats: {sentpackets,"tsung_controller@ip-172-31-30-117"} 1 4472.0 0.0 4472 98 806.4285714285714 7
stats: {cpu,"tsung_controller@ip-172-31-30-117"} 1 28.078817733990146 0.0 28.078817733990146 1.1988011988011988 5.3883639675996555 8
stats: session 232 11045.710056034484 11222.99764897203 49834.389 1129.441 12157.008698245612 285
stats: users_count 247 760
stats: finish_users_count 232 517
stats: request 2640 598.0522549242438 1617.2489759702182 17977.759 0.493 1198.6218971754215 4036
stats: connect 245 3.1300571428571438 2.988558122887616 691.128 0.86 8.88334184675835 509
stats: page 1427 1148.7960217238988 3536.108901695459 35628.971 0.546 1778.6795849297562 2349
stats: 302 306 845
stats: 200 79 477
stats: size_rcv 1294696 4754965
stats: newphase 1 8
stats: 422 69 114
stats: 502 2166 5115
stats: size_sent 1226812 3561088
stats: connected 7 240
stats: 204 1 21
stats: 500 19 104
# stats: dump at 1575448444
stats: users 277 286
stats: {freemem,"tsung_controller@ip-172-31-30-117"} 1 3462.8125 0.0 3509.609375 3462.8125 3491.890190972222 9
stats: {load,"tsung_controller@ip-172-31-30-117"} 1 0.1484375 0.0 0.1484375 0.0 0.0 9
stats: {recvpackets,"tsung_controller@ip-172-31-30-117"} 1 5192.0 0.0 5192 152 1235.625 8
stats: {sentpackets,"tsung_controller@ip-172-31-30-117"} 1 5510.0 0.0 5510 98 1264.625 8
stats: {cpu,"tsung_controller@ip-172-31-30-117"} 1 34.43258971871969 0.0 34.43258971871969 1.1988011988011988 7.909525497198599 9
stats: session 310 11581.524103225802 12916.39209881942 61910.715 1129.441 11658.321493230173 517
stats: users_count 344 1104
stats: finish_users_count 310 827
stats: request 3209 557.7211732626995 1360.3371302951605 20090.1 0.492 961.1288091671667 6676
stats: connect 337 3.5826795252225514 3.218449836691858 691.128 0.86 7.013905835543768 754
stats: page 1799 1191.5111478599276 3761.9839914076124 42757.222 0.528 1540.6383125000002 3776
stats: 302 460 1305
stats: 200 102 579
stats: size_rcv 1548777 6303742
stats: newphase 1 9
stats: 422 101 215
stats: 502 2501 7616
stats: size_sent 1505231 5066319
stats: connected 35 275
stats: 204 0 21
stats: 500 45 149
# stats: dump at 1575448454
stats: users 168 286
stats: {freemem,"tsung_controller@ip-172-31-30-117"} 1 3460.91015625 0.0 3509.609375 3460.91015625 3488.982421875 10
stats: {load,"tsung_controller@ip-172-31-30-117"} 1 0.28125 0.0 0.28125 0.0 0.01484375 10
stats: {recvpackets,"tsung_controller@ip-172-31-30-117"} 1 6391.0 0.0 6391 152 1675.2222222222222 9
stats: {sentpackets,"tsung_controller@ip-172-31-30-117"} 1 6966.0 0.0 6966 98 1736.3333333333333 9
stats: {cpu,"tsung_controller@ip-172-31-30-117"} 1 38.62536302032914 0.0 38.62536302032914 1.1988011988011988 10.561831919350709 10
stats: session 270 8236.910955555555 7862.956419286692 79896.926 1129.441 11629.534079806528 827
stats: users_count 161 1265
stats: finish_users_count 270 1097
stats: request 3002 549.931628580945 1245.854335136203 27557.327 0.488 830.1692640364196 9885
stats: connect 174 3.296132183908046 3.402547581701952 691.128 0.86 5.954031164069661 1091
stats: page 1588 997.1016870277078 2331.5588948808695 42757.222 0.528 1427.9782642152486 5575
stats: 302 497 1802
stats: 200 93 672
stats: size_rcv 1443381 7747123
stats: newphase 0 9
stats: 422 121 336
stats: 502 2248 9864
stats: size_sent 1541482 6607801
stats: connected -103 172
stats: 204 0 21
stats: 500 43 192
# stats: dump at 1575448464
stats: users 31 286
stats: {freemem,"tsung_controller@ip-172-31-30-117"} 1 3455.37890625 0.0 3509.609375 3455.37890625 3486.4303977272725 11
stats: {load,"tsung_controller@ip-172-31-30-117"} 1 0.23046875 0.0 0.28125 0.0 0.0390625 11
stats: {recvpackets,"tsung_controller@ip-172-31-30-117"} 1 4767.0 0.0 6391 152 2146.8 10
stats: {sentpackets,"tsung_controller@ip-172-31-30-117"} 1 4761.0 0.0 6966 98 2259.3 10
stats: {cpu,"tsung_controller@ip-172-31-30-117"} 1 29.01655306718598 0.0 38.62536302032914 1.1988011988011988 13.113062019439656 11
stats: session 137 16614.450912408764 11043.635762003307 84271.596 1129.441 10794.522007292615 1097
stats: users_count 0 1265
stats: finish_users_count 137 1234
stats: request 830 1350.2102807228907 2391.1403999254453 31959.678 0.488 764.8884863816252 12887
stats: connect 0 0 0 691.128 0.86 5.588438735177865 1265
stats: page 363 3914.5380192837406 4711.321854601134 42757.222 0.528 1332.455158732376 7163
stats: 302 657 2459
stats: 200 27 699
stats: size_rcv 819846 8566969
stats: newphase 0 9
stats: 422 135 471
stats: 502 0 9864
stats: size_sent 562151 7169952
stats: connected -141 31
stats: 204 0 21
stats: 500 11 203
# stats: dump at 1575448474
stats: users 27 286
stats: {freemem,"tsung_controller@ip-172-31-30-117"} 1 3456.3125 0.0 3509.609375 3455.37890625 3483.8427734375 12
stats: {load,"tsung_controller@ip-172-31-30-117"} 1 0.19921875 0.0 0.28125 0.0 0.055013020833333336 12
stats: {recvpackets,"tsung_controller@ip-172-31-30-117"} 1 2214.0 0.0 6391 152 2385.0 11
stats: {sentpackets,"tsung_controller@ip-172-31-30-117"} 1 1447.0 0.0 6966 98 2486.7272727272725 11
stats: {cpu,"tsung_controller@ip-172-31-30-117"} 1 13.004926108374384 0.0 38.62536302032914 1.1988011988011988 14.438352940085183 12
stats: session 4 67774.1955 14784.36244920826 84271.596 1129.441 11440.65673987034 1234
stats: users_count 0 1265
stats: finish_users_count 4 1238
stats: request 118 2809.035372881356 2295.9163881405175 31959.678 0.488 800.3056394984329 13717
stats: connect 0 0 0 691.128 0.86 5.588438735177865 1265
stats: page 16 9515.8985 4193.92609249497 42757.222 0.528 1456.9962268137135 7526
stats: 302 26 2485
stats: 200 65 764
stats: size_rcv 516298 9083267
stats: newphase 0 9
stats: 422 0 471
stats: 502 0 9864
stats: size_sent 102833 7272785
stats: connected -4 27
stats: 204 0 21
stats: 500 27 230
# stats: dump at 1575448484
stats: users 7 286
stats: {freemem,"tsung_controller@ip-172-31-30-117"} 1 3455.34765625 0.0 3509.609375 3455.34765625 3481.725060096154 13
stats: {load,"tsung_controller@ip-172-31-30-117"} 1 0.171875 0.0 0.28125 0.0 0.06610576923076923 13
stats: {recvpackets,"tsung_controller@ip-172-31-30-117"} 1 769.0 0.0 6391 152 2370.75 12
stats: {sentpackets,"tsung_controller@ip-172-31-30-117"} 1 354.0 0.0 6966 98 2400.083333333333 12
stats: {cpu,"tsung_controller@ip-172-31-30-117"} 1 3.5964035964035967 0.0 38.62536302032914 1.1988011988011988 14.32808933764589 13
stats: session 20 35375.8566 2550.43090031403 84271.596 1129.441 11622.671404684976 1238
stats: users_count 0 1265
stats: finish_users_count 20 1258
stats: request 73 3017.86205479452 1987.6204297279899 31959.678 0.488 817.4382819660285 13835
stats: connect 0 0 0 691.128 0.86 5.588438735177865 1265
stats: page 41 9370.998609756098 2923.2641303942096 42757.222 0.528 1474.0928107928942 7542
stats: 302 0 2485
stats: 200 29 793
stats: size_rcv 632379 9715646
stats: newphase 0 9
stats: 422 1 472
stats: 502 0 9864
stats: size_sent 50588 7323373
stats: connected -20 7
stats: 204 20 41
stats: 500 23 253
# stats: dump at 1575448494
stats: users 0 286
stats: {freemem,"tsung_controller@ip-172-31-30-117"} 1 3458.02734375 0.0 3509.609375 3455.34765625 3479.8409598214284 14
stats: {load,"tsung_controller@ip-172-31-30-117"} 1 0.140625 0.0 0.28125 0.0 0.07366071428571429 14
stats: {recvpackets,"tsung_controller@ip-172-31-30-117"} 1 399.0 0.0 6391 152 2247.5384615384614 13
stats: {sentpackets,"tsung_controller@ip-172-31-30-117"} 1 206.0 0.0 6966 98 2242.6923076923076 13
stats: {cpu,"tsung_controller@ip-172-31-30-117"} 1 1.7000000000000002 0.0 38.62536302032914 1.1988011988011988 13.561540356128585 14
stats: session 7 41481.43914285715 2804.3889900191098 84271.596 1129.441 12000.30550953895 1258
stats: users_count 0 1265
stats: finish_users_count 7 1265
stats: request 7 7374.252285714286 1487.8145348367 31959.678 0.488 828.9878171555943 13908
stats: connect 0 0 0 691.128 0.86 5.588438735177865 1265
stats: page 7 11668.99757142857 1968.5895299630765 42757.222 0.528 1516.7900464196239 7583
stats: 302 0 2485
stats: 200 5 798
stats: size_rcv 217100 9932746
stats: newphase 0 9
stats: 422 0 472
stats: 502 0 9864
stats: size_sent 0 7323373
stats: connected -7 0
stats: 204 0 41
stats: 500 2 255
# stats: dump at 1575448494
stats: users 0 286
stats: {freemem,"tsung_controller@ip-172-31-30-117"} 0 0 0 3509.609375 3455.34765625 3478.38671875 15
stats: {load,"tsung_controller@ip-172-31-30-117"} 0 0 0 0.28125 0.0 0.078125 15
stats: {recvpackets,"tsung_controller@ip-172-31-30-117"} 0 0 0 6391 152 2115.5 14
stats: {sentpackets,"tsung_controller@ip-172-31-30-117"} 0 0 0 6966 98 2097.214285714286 14
stats: {cpu,"tsung_controller@ip-172-31-30-117"} 0 0 0 38.62536302032914 1.1988011988011988 12.770770999053346 15
stats: session 0 0 0 84271.596 1129.441 12163.442217391303 1265
stats: users_count 0 1265
stats: finish_users_count 0 1265
stats: request 0 0 0 31959.678 0.488 832.280440316206 13915
stats: connect 0 0 0 691.128 0.86 5.588438735177865 1265
stats: page 0 0 0 42757.222 0.528 1526.153083662715 7590
stats: 302 0 2485
stats: 200 0 798
stats: size_rcv 0 9932746
stats: newphase 0 9
stats: 422 0 472
stats: 502 0 9864
stats: size_sent 0 7323373
stats: connected 0 0
stats: 204 0 41
stats: 500 0 255
EndMonitor:{1575,448494,669941}
