# stats: dump at 1575444076
stats: users 4 4
stats: {freemem,"tsung_controller@ip-172-31-30-117"} 1 3519.32421875 0 3519.32421875 3519.32421875 0 0
stats: {load,"tsung_controller@ip-172-31-30-117"} 1 0.0 0 0.0 0.0 0 0
stats: {cpu,"tsung_controller@ip-172-31-30-117"} 1 1.79186259058089 0 1.79186259058089 1.79186259058089 0 0
stats: session 1 5659.175 0 5659.175 5659.175 0 0
stats: users_count 5 5
stats: finish_users_count 1 1
stats: request 24 157.61595833333334 425.27279861377207 2045.452 6.129 0 0
stats: connect 5 5.368399999999999 5.027727502560178 14.48 1.605 0 0
stats: page 17 220.90135294117644 511.9831763156172 2105.259 6.129 0 0
stats: 302 10 10
stats: 200 12 12
stats: size_rcv 72466 72466
stats: size_sent 20705 20705
stats: connected 4 4
stats: 204 1 1
stats: 500 1 1
# stats: dump at 1575444086
stats: users 6 6
stats: {freemem,"tsung_controller@ip-172-31-30-117"} 1 3519.3828125 0.0 3519.3828125 3519.32421875 3519.32421875 1
stats: {load,"tsung_controller@ip-172-31-30-117"} 1 0.0 0.0 0.0 0.0 0.0 1
stats: {recvpackets,"tsung_controller@ip-172-31-30-117"} 1 155 0 155 155 0 0
stats: {sentpackets,"tsung_controller@ip-172-31-30-117"} 1 123 0 123 123 0 0
stats: {cpu,"tsung_controller@ip-172-31-30-117"} 1 1.2012012012012012 0.0 1.79186259058089 1.2012012012012012 1.79186259058089 1
stats: session 4 8184.915 1777.1536095105841 11189.103 5659.175 5659.175 1
stats: users_count 6 11
stats: finish_users_count 4 5
stats: request 61 389.9694262295083 924.5082945589209 4108.373 6.129 157.61595833333334 24
stats: connect 6 5.121833333333334 2.7080176892988637 14.48 1.44 5.368399999999999 5
stats: page 34 697.1020882352941 1188.1273776455057 4157.334 6.129 220.90135294117644 17
stats: 302 19 29
stats: 200 32 44
stats: size_rcv 245178 317644
stats: newphase 1 1
stats: size_sent 51774 72479
stats: connected 2 6
stats: 204 5 6
stats: 500 5 6
# stats: dump at 1575444096
stats: users 24 25
stats: {freemem,"tsung_controller@ip-172-31-30-117"} 1 3515.3125 0.0 3519.3828125 3515.3125 3519.353515625 2
stats: {load,"tsung_controller@ip-172-31-30-117"} 1 0.0 0.0 0.0 0.0 0.0 2
stats: {recvpackets,"tsung_controller@ip-172-31-30-117"} 1 339.0 0.0 339 155 155.0 1
stats: {sentpackets,"tsung_controller@ip-172-31-30-117"} 1 238.0 0.0 238 123 123.0 1
stats: {cpu,"tsung_controller@ip-172-31-30-117"} 1 2.095808383233533 0.0 2.095808383233533 1.2012012012012012 1.4965318958910456 2
stats: session 3 11124.426333333335 1859.3599337650815 13030.87 5659.175 7679.767 5
stats: users_count 21 32
stats: finish_users_count 3 8
stats: request 87 724.5954712643677 1288.4976881430637 7880.484 6.051 324.3637411764706 85
stats: connect 20 4.091050000000001 2.3696854110830827 14.48 1.44 5.233909090909091 11
stats: page 63 954.116952380952 1492.9584228371516 8107.907 6.051 538.3685098039215 51
stats: 302 34 63
stats: 200 42 86
stats: size_rcv 225288 542932
stats: newphase 1 2
stats: size_sent 81654 154133
stats: connected 18 24
stats: 204 5 11
stats: 500 6 12
# stats: dump at 1575444106
stats: users 50 50
stats: {freemem,"tsung_controller@ip-172-31-30-117"} 1 3503.51171875 0.0 3519.3828125 3503.51171875 3518.0065104166665 3
stats: {load,"tsung_controller@ip-172-31-30-117"} 1 0.0 0.0 0.0 0.0 0.0 3
stats: {recvpackets,"tsung_controller@ip-172-31-30-117"} 1 525.0 0.0 525 155 247.0 2
stats: {sentpackets,"tsung_controller@ip-172-31-30-117"} 1 417.0 0.0 417 123 180.5 2
stats: {cpu,"tsung_controller@ip-172-31-30-117"} 1 3.7773359840954273 0.0 3.7773359840954273 1.2012012012012012 1.696290725005208 3
stats: session 3 16500.177333333333 1650.2434103594803 18807.247 5659.175 8971.51425 8
stats: users_count 29 61
stats: finish_users_count 3 11
stats: request 163 1542.2216380368106 2055.7743782420325 11039.518 6.051 526.8065348837208 172
stats: connect 26 4.637615384615383 2.5406296626703067 14.48 1.344 4.49658064516129 31
stats: page 99 2084.4631212121226 3010.4986896674004 11123.6 6.051 768.1242280701751 114
stats: 302 65 128
stats: 200 80 166
stats: size_rcv 476972 1019904
stats: newphase 1 3
stats: size_sent 142604 296737
stats: connected 22 46
stats: 204 7 18
stats: 500 11 23
# stats: dump at 1575444116
stats: users 97 97
stats: {freemem,"tsung_controller@ip-172-31-30-117"} 1 3501.7734375 0.0 3519.3828125 3501.7734375 3514.3828125 4
stats: {load,"tsung_controller@ip-172-31-30-117"} 1 0.078125 0.0 0.078125 0.0 0.0 4
stats: {recvpackets,"tsung_controller@ip-172-31-30-117"} 1 694.0 0.0 694 155 339.6666666666667 3
stats: {sentpackets,"tsung_controller@ip-172-31-30-117"} 1 541.0 0.0 541 123 259.3333333333333 3
stats: {cpu,"tsung_controller@ip-172-31-30-117"} 1 4.856293359762141 0.0 4.856293359762141 1.2012012012012012 2.2165520397777625 4
stats: session 6 23505.7185 2439.8546733522717 28775.111 5659.175 11024.786 11
stats: users_count 53 114
stats: finish_users_count 6 17
stats: request 170 2733.0294000000017 2123.179523210834 14670.988 6.051 1020.8741820895526 335
stats: connect 57 4.333684210526316 2.665812362001463 14.48 1.237 4.560912280701754 57
stats: page 127 2624.4439448818903 2924.5379450044024 18909.976 6.051 1379.943713615024 213
stats: 302 77 205
stats: 200 61 227
stats: size_rcv 305344 1325248
stats: newphase 1 4
stats: 422 1 1
stats: size_sent 160014 456751
stats: connected 51 97
stats: 204 1 19
stats: 500 30 53
# stats: dump at 1575444126
stats: users 190 190
stats: {freemem,"tsung_controller@ip-172-31-30-117"} 1 3491.52734375 0.0 3519.3828125 3491.52734375 3511.8609375 5
stats: {load,"tsung_controller@ip-172-31-30-117"} 1 0.0703125 0.0 0.078125 0.0 0.015625 5
stats: {recvpackets,"tsung_controller@ip-172-31-30-117"} 1 791.0 0.0 791 155 428.25 4
stats: {sentpackets,"tsung_controller@ip-172-31-30-117"} 1 701.0 0.0 701 123 329.75 4
stats: {cpu,"tsung_controller@ip-172-31-30-117"} 1 6.515301085883514 0.0 6.515301085883514 1.2012012012012012 2.7445003037746383 5
stats: session 5 26070.8444 10363.324290388324 35375.832 5659.175 15429.821 17
stats: users_count 98 212
stats: finish_users_count 5 22
stats: request 185 4690.96808108108 3816.8056419143436 18349.693 0.845 1597.2432653465355 505
stats: connect 96 3.6874583333333337 2.537305509445776 14.48 1.237 4.447298245614035 114
stats: page 144 5957.267166666665 5007.311564854684 22856.73 0.873 1844.8011529411772 340
stats: 302 63 268
stats: 200 37 264
stats: size_rcv 380279 1705527
stats: newphase 1 5
stats: 422 0 1
stats: 502 60 60
stats: size_sent 141145 597896
stats: connected 91 188
stats: 204 0 19
stats: 500 25 78
# stats: dump at 1575444136
stats: users 214 231
stats: {freemem,"tsung_controller@ip-172-31-30-117"} 1 3483.15625 0.0 3519.3828125 3483.15625 3508.4720052083335 6
stats: {load,"tsung_controller@ip-172-31-30-117"} 1 0.05859375 0.0 0.078125 0.0 0.024739583333333332 6
stats: {recvpackets,"tsung_controller@ip-172-31-30-117"} 1 1063.0 0.0 1063 155 500.8 5
stats: {sentpackets,"tsung_controller@ip-172-31-30-117"} 1 1010.0 0.0 1010 123 404.0 5
stats: {cpu,"tsung_controller@ip-172-31-30-117"} 1 9.63035019455253 0.0 9.63035019455253 1.2012012012012012 3.3729671007927844 6
stats: session 141 8610.110347517733 7587.902227377157 41729.65 1081.498 17848.23540909091 22
stats: users_count 165 377
stats: finish_users_count 141 163
stats: request 1746 781.2057697594502 2007.008175573543 18349.693 0.845 2426.720208695652 690
stats: connect 162 4.2809753086419775 3.7462083810111575 18.947 1.216 4.0999428571428576 210
stats: page 1016 1097.8474645669303 2606.1207077249305 27809.213 0.873 3068.3447603305785 484
stats: 302 161 429
stats: 200 91 355
stats: size_rcv 977352 2682879
stats: newphase 1 6
stats: 422 19 20
stats: 502 1459 1519
stats: size_sent 991912 1589808
stats: connected 34 222
stats: 204 8 27
stats: 500 8 86
# stats: dump at 1575444146
stats: users 230 233
stats: {freemem,"tsung_controller@ip-172-31-30-117"} 1 3461.78515625 0.0 3519.3828125 3461.78515625 3504.85546875 7
stats: {load,"tsung_controller@ip-172-31-30-117"} 1 0.359375 0.0 0.359375 0.0 0.029575892857142856 7
stats: {recvpackets,"tsung_controller@ip-172-31-30-117"} 1 3529.0 0.0 3529 155 594.5 6
stats: {sentpackets,"tsung_controller@ip-172-31-30-117"} 1 4008.0 0.0 4008 123 505.0 6
stats: {cpu,"tsung_controller@ip-172-31-30-117"} 1 30.712303422756708 0.0 30.712303422756708 1.2012012012012012 4.2668789713298905 7
stats: session 175 10924.840611428566 11255.407990321275 50674.126 1081.498 9856.973852760739 163
stats: users_count 191 568
stats: finish_users_count 175 338
stats: request 2119 814.8433260972138 2536.7054439003077 18349.693 0.83 1247.299761083744 2436
stats: connect 187 3.1979572192513395 2.754432060657774 18.947 1.062 4.178779569892474 372
stats: page 1147 1329.3125082824747 4067.7045205474014 35012.525 0.873 1733.6612586666674 1500
stats: 302 114 543
stats: 200 45 400
stats: size_rcv 1073599 3756478
stats: newphase 1 7
stats: 422 30 50
stats: 502 1898 3417
stats: size_sent 871250 2461058
stats: connected 7 229
stats: 204 0 27
stats: 500 32 118
# stats: dump at 1575444156
stats: users 246 264
stats: {freemem,"tsung_controller@ip-172-31-30-117"} 1 3457.0390625 0.0 3519.3828125 3457.0390625 3499.4716796875 8
stats: {load,"tsung_controller@ip-172-31-30-117"} 1 0.4609375 0.0 0.4609375 0.0 0.07080078125 8
stats: {recvpackets,"tsung_controller@ip-172-31-30-117"} 1 3797.0 0.0 3797 155 1013.7142857142857 7
stats: {sentpackets,"tsung_controller@ip-172-31-30-117"} 1 4273.0 0.0 4273 123 1005.4285714285714 7
stats: {cpu,"tsung_controller@ip-172-31-30-117"} 1 31.047265987025025 0.0 31.047265987025025 1.2012012012012012 7.572557027758243 8
stats: session 249 12878.587955823288 13551.592481065089 56450.857 1039.181 10409.863446745561 338
stats: users_count 265 833
stats: finish_users_count 249 587
stats: request 2930 684.7795822525597 1868.7865578855344 19984.303 0.815 1046.119698353457 4555
stats: connect 269 3.819576208178438 3.430745988267548 19.211 1.062 3.8506690518783557 559
stats: page 1582 1370.358736409607 4019.394509030578 43813.999 0.873 1558.4485587457498 2647
stats: 302 390 933
stats: 200 72 472
stats: size_rcv 1410523 5167001
stats: newphase 1 8
stats: 422 92 142
stats: 502 2332 5749
stats: size_sent 1289325 3750383
stats: connected 16 245
stats: 204 0 27
stats: 500 44 162
# stats: dump at 1575444166
stats: users 252 276
stats: {freemem,"tsung_controller@ip-172-31-30-117"} 1 3457.86328125 0.0 3519.3828125 3457.0390625 3494.7569444444443 9
stats: {load,"tsung_controller@ip-172-31-30-117"} 1 0.46875 0.0 0.46875 0.0 0.11414930555555555 9
stats: {recvpackets,"tsung_controller@ip-172-31-30-117"} 1 5478.0 0.0 5478 155 1361.625 8
stats: {sentpackets,"tsung_controller@ip-172-31-30-117"} 1 5918.0 0.0 5918 123 1413.875 8
stats: {cpu,"tsung_controller@ip-172-31-30-117"} 1 39.04674610449129 0.0 39.04674610449129 1.2012012012012012 10.180858023232329 9
stats: session 306 10132.071320261439 11677.024661019173 63625.451 1039.181 11457.073672913115 587
stats: users_count 312 1145
stats: finish_users_count 306 893
stats: request 3222 520.9970844196126 1313.1239627617936 23112.664 0.786 904.6732668002667 7485
stats: connect 310 4.152548387096774 4.058717020698818 20.483 1.062 3.8405676328502425 828
stats: page 1784 1043.772654147983 3234.432763401791 43813.999 0.828 1488.0872206195313 4229
stats: 302 474 1407
stats: 200 94 566
stats: size_rcv 1573490 6740491
stats: newphase 1 9
stats: 422 101 243
stats: 502 2530 8279
stats: size_sent 1512175 5262558
stats: connected 6 251
stats: 204 0 27
stats: 500 23 185
# stats: dump at 1575444176
stats: users 156 277
stats: {freemem,"tsung_controller@ip-172-31-30-117"} 1 3457.5546875 0.0 3519.3828125 3457.0390625 3491.067578125 10
stats: {load,"tsung_controller@ip-172-31-30-117"} 1 0.69140625 0.0 0.69140625 0.0 0.149609375 10
stats: {recvpackets,"tsung_controller@ip-172-31-30-117"} 1 6249.0 0.0 6249 155 1819.0 9
stats: {sentpackets,"tsung_controller@ip-172-31-30-117"} 1 6622.0 0.0 6622 123 1914.3333333333333 9
stats: {cpu,"tsung_controller@ip-172-31-30-117"} 1 40.925925925925924 0.0 40.925925925925924 1.2012012012012012 13.067446831358225 10
stats: session 200 9699.859149999997 10697.87864877348 71738.251 1039.181 11003.041511758118 893
stats: users_count 104 1249
stats: finish_users_count 200 1093
stats: request 2187 672.6705994513015 1326.9758335341123 27197.258 0.786 789.2156540580918 10707
stats: connect 111 3.934639639639642 3.5420062615171792 20.483 1.062 3.9255536028119513 1138
stats: page 1124 1298.439085409252 3304.3677490492882 43813.999 0.828 1356.2633079993348 6013
stats: 302 511 1918
stats: 200 60 626
stats: size_rcv 1061559 7802050
stats: newphase 0 9
stats: 422 111 354
stats: 502 1463 9742
stats: size_sent 1188385 6450943
stats: connected -92 159
stats: 204 0 27
stats: 500 42 227
# stats: dump at 1575444186
stats: users 30 277
stats: {freemem,"tsung_controller@ip-172-31-30-117"} 1 3455.71875 0.0 3519.3828125 3455.71875 3488.0209517045455 11
stats: {load,"tsung_controller@ip-172-31-30-117"} 1 0.9609375 0.0 0.9609375 0.0 0.19886363636363635 11
stats: {recvpackets,"tsung_controller@ip-172-31-30-117"} 1 3617.0 0.0 6249 155 2262.0 10
stats: {sentpackets,"tsung_controller@ip-172-31-30-117"} 1 3420.0 0.0 6622 123 2385.1 10
stats: {cpu,"tsung_controller@ip-172-31-30-117"} 1 24.80916030534351 0.0 40.925925925925924 1.2012012012012012 15.60003583995529 11
stats: session 126 19085.195960317447 9573.76255801446 74655.266 1039.181 10764.581793229641 1093
stats: users_count 0 1249
stats: finish_users_count 126 1219
stats: request 688 1896.4803997093052 2248.8841663594285 27197.258 0.786 769.4480075228777 12894
stats: connect 0 0 0 20.483 1.062 3.926361088871097 1249
stats: page 298 5008.947630872485 3950.144045415041 43813.999 0.828 1347.1566208490963 7137
stats: 302 529 2447
stats: 200 9 635
stats: size_rcv 546277 8348327
stats: newphase 0 9
stats: 422 119 473
stats: 502 0 9742
stats: size_sent 439317 6890260
stats: connected -129 30
stats: 204 0 27
stats: 500 31 258
# stats: dump at 1575444196
stats: users 22 277
stats: {freemem,"tsung_controller@ip-172-31-30-117"} 1 3455.171875 0.0 3519.3828125 3455.171875 3485.3291015625 12
stats: {load,"tsung_controller@ip-172-31-30-117"} 1 0.890625 0.0 0.9609375 0.0 0.2623697916666667 12
stats: {recvpackets,"tsung_controller@ip-172-31-30-117"} 1 1716.0 0.0 6249 155 2385.181818181818 11
stats: {sentpackets,"tsung_controller@ip-172-31-30-117"} 1 1161.0 0.0 6622 123 2479.181818181818 11
stats: {cpu,"tsung_controller@ip-172-31-30-117"} 1 11.834319526627219 0.0 40.925925925925924 1.2012012012012012 16.36746287873764 12
stats: session 8 55301.91375 20519.30379661306 79893.932 1039.181 11624.62886874487 1219
stats: users_count 0 1249
stats: finish_users_count 8 1227
stats: request 73 4437.956068493149 3680.7894844167404 27197.258 0.786 826.5381478427321 13582
stats: connect 0 0 0 20.483 1.062 3.926361088871097 1249
stats: page 20 13621.48885 9276.446384698718 43813.999 0.828 1493.9237655682584 7435
stats: 302 20 2467
stats: 200 37 672
stats: size_rcv 499155 8847482
stats: newphase 0 9
stats: 422 1 474
stats: 502 0 9742
stats: size_sent 59604 6949864
stats: connected -8 22
stats: 204 0 27
stats: 500 15 273
# stats: dump at 1575444206
stats: users 18 277
stats: {freemem,"tsung_controller@ip-172-31-30-117"} 1 3452.5078125 0.0 3519.3828125 3452.5078125 3483.009314903846 13
stats: {load,"tsung_controller@ip-172-31-30-117"} 1 0.76171875 0.0 0.9609375 0.0 0.31069711538461536 13
stats: {recvpackets,"tsung_controller@ip-172-31-30-117"} 1 384.0 0.0 6249 155 2329.4166666666665 12
stats: {sentpackets,"tsung_controller@ip-172-31-30-117"} 1 172.0 0.0 6622 123 2369.3333333333335 12
stats: {cpu,"tsung_controller@ip-172-31-30-117"} 1 1.996007984031936 0.0 40.925925925925924 1.2012012012012012 16.018759543959916 13
stats: session 4 49622.72 2455.410845820003 79893.932 1039.181 11909.403342298287 1227
stats: users_count 0 1249
stats: finish_users_count 4 1231
stats: request 60 3808.9067833333347 2213.9172001345723 27197.258 0.786 845.8448859025988 13655
stats: connect 0 0 0 20.483 1.062 3.926361088871097 1249
stats: page 18 17512.124777777775 4853.14923291038 43813.999 0.828 1526.4591514419853 7455
stats: 302 0 2467
stats: 200 23 695
stats: size_rcv 318206 9165688
stats: newphase 0 9
stats: 422 6 480
stats: 502 0 9742
stats: size_sent 50764 7000628
stats: connected -4 18
stats: 204 10 37
stats: 500 21 294
# stats: dump at 1575444216
stats: users 4 277
stats: {freemem,"tsung_controller@ip-172-31-30-117"} 1 3453.75390625 0.0 3519.3828125 3452.5078125 3480.830636160714 14
stats: {load,"tsung_controller@ip-172-31-30-117"} 1 0.640625 0.0 0.9609375 0.0 0.34291294642857145 14
stats: {recvpackets,"tsung_controller@ip-172-31-30-117"} 1 364.0 0.0 6249 155 2179.769230769231 13
stats: {sentpackets,"tsung_controller@ip-172-31-30-117"} 1 172.0 0.0 6622 123 2200.3076923076924 13
stats: {cpu,"tsung_controller@ip-172-31-30-117"} 1 2.097902097902098 0.0 40.925925925925924 1.2012012012012012 15.017134432536489 14
stats: session 14 48600.961571428576 8607.61553300593 79893.932 1039.181 12031.948644191712 1231
stats: users_count 0 1249
stats: finish_users_count 14 1245
stats: request 20 6371.1002 3157.681753912506 27197.258 0.786 858.8076065621572 13715
stats: connect 0 0 0 20.483 1.062 3.926361088871097 1249
stats: page 17 11903.412235294118 5639.0450714066465 43813.999 0.828 1564.963364110799 7473
stats: 302 0 2467
stats: 200 9 704
stats: size_rcv 339427 9505115
stats: newphase 0 9
stats: 422 1 481
stats: 502 0 9742
stats: size_sent 5721 7006349
stats: connected -14 4
stats: 204 1 38
stats: 500 9 303
# stats: dump at 1575444220
stats: users 0 277
stats: {freemem,"tsung_controller@ip-172-31-30-117"} 1 3450.4453125 0.0 3519.3828125 3450.4453125 3479.0255208333333 15
stats: {load,"tsung_controller@ip-172-31-30-117"} 1 0.609375 0.0 0.9609375 0.0 0.36276041666666664 15
stats: {recvpackets,"tsung_controller@ip-172-31-30-117"} 1 296.0 0.0 6249 155 2050.071428571429 14
stats: {sentpackets,"tsung_controller@ip-172-31-30-117"} 1 116.0 0.0 6622 116 2055.4285714285716 14
stats: {cpu,"tsung_controller@ip-172-31-30-117"} 1 1.3972055888223553 0.0 40.925925925925924 1.2012012012012012 14.155852276894196 15
stats: session 4 50541.41525 1182.6644051837716 79893.932 1039.181 12443.166460240962 1245
stats: users_count 0 1249
stats: finish_users_count 4 1249
stats: request 4 7982.287 2097.204633562853 27197.258 0.786 866.8342430287577 13735
stats: connect 0 0 0 20.483 1.062 3.926361088871097 1249
stats: page 4 10656.144 3281.748385450582 43813.999 0.828 1588.4284683578105 7490
stats: 302 0 2467
stats: 200 4 708
stats: size_rcv 167415 9672530
stats: newphase 0 9
stats: 422 0 481
stats: 502 0 9742
stats: size_sent 0 7006349
stats: connected -4 0
stats: 204 0 38
stats: 500 0 303
EndMonitor:{1575,444220,141272}
