# stats: dump at 1575449500
stats: users 2 3
stats: {freemem,"tsung_controller@ip-172-31-30-117"} 1 3511.375 0 3511.375 3511.375 0 0
stats: {load,"tsung_controller@ip-172-31-30-117"} 1 0.0 0 0.0 0.0 0 0
stats: {cpu,"tsung_controller@ip-172-31-30-117"} 1 2.0306793570843653 0 2.0306793570843653 2.0306793570843653 0 0
stats: session 2 1766.199 163.493 1929.692 1602.706 0 0
stats: users_count 4 4
stats: finish_users_count 2 2
stats: request 26 26.43130769230769 43.08667204490648 182.652 5.733 0 0
stats: connect 4 6.20775 3.1407879883080296 10.525 1.702 0 0
stats: page 16 43.163062499999995 53.44202922030182 182.652 5.733 0 0
stats: 302 8 8
stats: 200 16 16
stats: size_rcv 45113 45113
stats: size_sent 20654 20654
stats: connected 2 2
stats: 204 1 1
stats: 500 1 1
# stats: dump at 1575449510
stats: users 1 3
stats: {freemem,"tsung_controller@ip-172-31-30-117"} 1 3511.140625 0.0 3511.375 3511.140625 3511.375 1
stats: {load,"tsung_controller@ip-172-31-30-117"} 1 0.0 0.0 0.0 0.0 0.0 1
stats: {recvpackets,"tsung_controller@ip-172-31-30-117"} 1 100 0 100 100 0 0
stats: {sentpackets,"tsung_controller@ip-172-31-30-117"} 1 93 0 93 93 0 0
stats: {cpu,"tsung_controller@ip-172-31-30-117"} 1 0.9009009009009009 0.0 2.0306793570843653 0.9009009009009009 2.0306793570843653 1
stats: session 3 4785.172333333333 486.5464558746909 5350.435 1602.706 1766.199 2
stats: users_count 2 6
stats: finish_users_count 3 5
stats: request 31 42.92225806451614 73.9546915103093 317.048 5.733 26.43130769230769 26
stats: connect 2 4.228 2.489 10.525 1.702 6.20775 4
stats: page 16 83.35518749999999 92.75286552528898 317.048 5.733 43.163062499999995 16
stats: 302 8 16
stats: 200 20 36
stats: size_rcv 57313 102426
stats: newphase 1 1
stats: size_sent 27412 48066
stats: connected -1 1
stats: 204 3 4
stats: 500 0 1
# stats: dump at 1575449520
stats: users 5 6
stats: {freemem,"tsung_controller@ip-172-31-30-117"} 1 3510.328125 0.0 3511.375 3510.328125 3511.2578125 2
stats: {load,"tsung_controller@ip-172-31-30-117"} 1 0.0 0.0 0.0 0.0 0.0 2
stats: {recvpackets,"tsung_controller@ip-172-31-30-117"} 1 122.0 0.0 122 100 100.0 1
stats: {sentpackets,"tsung_controller@ip-172-31-30-117"} 1 106.0 0.0 106 93 93.0 1
stats: {cpu,"tsung_controller@ip-172-31-30-117"} 1 0.7014028056112225 0.0 2.0306793570843653 0.7014028056112225 1.4657901289926332 2
stats: session 11 2840.6335454545456 702.3532634889089 5350.435 1602.706 3577.583 5
stats: users_count 15 21
stats: finish_users_count 11 16
stats: request 126 46.34269841269843 67.68499365926746 477.515 5.564 35.4000701754386 57
stats: connect 14 4.258857142857142 2.500726376108203 10.525 1.382 5.547833333333333 6
stats: page 71 82.40854929577463 88.06475541292166 477.515 5.564 63.25912499999999 32
stats: 302 36 52
stats: 200 79 115
stats: size_rcv 265817 368243
stats: newphase 1 2
stats: size_sent 105779 153845
stats: connected 3 4
stats: 204 11 15
stats: 500 0 1
# stats: dump at 1575449530
stats: users 22 22
stats: {freemem,"tsung_controller@ip-172-31-30-117"} 1 3507.83984375 0.0 3511.375 3507.83984375 3510.9479166666665 3
stats: {load,"tsung_controller@ip-172-31-30-117"} 1 0.0 0.0 0.0 0.0 0.0 3
stats: {recvpackets,"tsung_controller@ip-172-31-30-117"} 1 513.0 0.0 513 100 111.0 2
stats: {sentpackets,"tsung_controller@ip-172-31-30-117"} 1 428.0 0.0 428 93 99.5 2
stats: {cpu,"tsung_controller@ip-172-31-30-117"} 1 3.6779324055666 0.0 3.6779324055666 0.7014028056112225 1.2109943545321629 3
stats: session 15 3738.4973999999997 781.7784446045906 5350.435 1602.706 3070.9302500000003 16
stats: users_count 32 53
stats: finish_users_count 15 31
stats: request 212 104.36108018867924 120.90062558626084 682.605 5.564 42.93433879781422 183
stats: connect 29 5.480827586206897 2.536646769328053 13.604 1.382 4.645549999999999 20
stats: page 129 168.45285271317826 155.76455311764468 682.605 5.564 76.459213592233 103
stats: 302 69 121
stats: 200 128 243
stats: size_rcv 539075 907318
stats: newphase 1 3
stats: size_sent 182296 336141
stats: connected 14 18
stats: 204 15 30
stats: 500 0 1
# stats: dump at 1575449540
stats: users 67 67
stats: {freemem,"tsung_controller@ip-172-31-30-117"} 1 3499.453125 0.0 3511.375 3499.453125 3510.1708984375 4
stats: {load,"tsung_controller@ip-172-31-30-117"} 1 0.0 0.0 0.0 0.0 0.0 4
stats: {recvpackets,"tsung_controller@ip-172-31-30-117"} 1 1132.0 0.0 1132 100 245.0 3
stats: {sentpackets,"tsung_controller@ip-172-31-30-117"} 1 860.0 0.0 860 93 209.0 3
stats: {cpu,"tsung_controller@ip-172-31-30-117"} 1 6.425702811244979 0.0 6.425702811244979 0.7014028056112225 1.827728867290772 4
stats: session 5 9227.1064 1183.3299615847811 11361.197 1602.706 3393.9466129032257 31
stats: users_count 50 103
stats: finish_users_count 5 36
stats: request 248 988.0574435483874 869.8672751212404 3335.185 5.042 75.90261518987343 395
stats: connect 50 4.147020000000001 2.36979163210608 13.604 1.288 5.139897959183674 49
stats: page 166 1063.836475903615 1211.1661656661595 7321.929 5.042 127.61084913793101 232
stats: 302 107 228
stats: 200 134 377
stats: size_rcv 700219 1607537
stats: newphase 1 4
stats: size_sent 232626 568767
stats: connected 45 63
stats: 204 7 37
stats: 500 0 1
# stats: dump at 1575449550
stats: users 149 149
stats: {freemem,"tsung_controller@ip-172-31-30-117"} 1 3489.2265625 0.0 3511.375 3489.2265625 3508.02734375 5
stats: {load,"tsung_controller@ip-172-31-30-117"} 1 0.0 0.0 0.0 0.0 0.0 5
stats: {recvpackets,"tsung_controller@ip-172-31-30-117"} 1 1235.0 0.0 1235 100 466.75 4
stats: {sentpackets,"tsung_controller@ip-172-31-30-117"} 1 971.0 0.0 971 93 371.75 4
stats: {cpu,"tsung_controller@ip-172-31-30-117"} 1 6.7 0.0 6.7 0.7014028056112225 2.747323656081613 5
stats: session 6 20073.15266666667 3505.226930016546 23630.755 1602.706 4204.107694444445 36
stats: users_count 88 191
stats: finish_users_count 6 42
stats: request 241 2850.182120331952 1071.3220080993951 5421.104 5.042 427.7134976671852 643
stats: connect 85 4.297329411764705 3.2167799295284873 17.581 1.239 4.6384444444444455 99
stats: page 180 3056.8528666666657 1932.3766553533485 10000.544 5.042 518.0969145728645 398
stats: 302 116 344
stats: 200 114 491
stats: size_rcv 747209 2354746
stats: newphase 1 5
stats: size_sent 224070 792837
stats: connected 79 142
stats: 204 11 48
stats: 500 0 1
# stats: dump at 1575449560
stats: users 212 229
stats: {freemem,"tsung_controller@ip-172-31-30-117"} 1 3473.1328125 0.0 3511.375 3473.1328125 3504.8938802083335 6
stats: {load,"tsung_controller@ip-172-31-30-117"} 1 0.0 0.0 0.0 0.0 0.0 6
stats: {recvpackets,"tsung_controller@ip-172-31-30-117"} 1 1427.0 0.0 1427 100 620.4 5
stats: {sentpackets,"tsung_controller@ip-172-31-30-117"} 1 1173.0 0.0 1173 93 491.6 5
stats: {cpu,"tsung_controller@ip-172-31-30-117"} 1 8.408408408408409 0.0 8.408408408408409 0.7014028056112225 3.406103046734678 6
stats: session 74 11214.544648648649 7380.53992272775 28014.662 1425.36 6471.114119047619 42
stats: users_count 137 328
stats: finish_users_count 74 116
stats: request 1026 1286.5481725146199 2283.153429454845 7775.394 0.813 1088.137635746607 884
stats: connect 141 3.6108014184397184 2.8477698508984064 17.581 1.174 4.4808641304347825 184
stats: page 617 1909.47291247974 3467.8868980955103 21765.282 0.861 1308.7129550173008 578
stats: 302 118 462
stats: 200 134 625
stats: size_rcv 1051807 3406553
stats: newphase 1 6
stats: 502 767 767
stats: 422 4 4
stats: size_sent 676004 1468841
stats: connected 71 213
stats: 204 3 51
stats: 500 0 1
# stats: dump at 1575449570
stats: users 224 230
stats: {freemem,"tsung_controller@ip-172-31-30-117"} 1 3464.2421875 0.0 3511.375 3464.2421875 3500.3565848214284 7
stats: {load,"tsung_controller@ip-172-31-30-117"} 1 0.0 0.0 0.0 0.0 0.0 7
stats: {recvpackets,"tsung_controller@ip-172-31-30-117"} 1 2953.0 0.0 2953 100 754.8333333333334 6
stats: {sentpackets,"tsung_controller@ip-172-31-30-117"} 1 2981.0 0.0 2981 93 605.1666666666666 6
stats: {cpu,"tsung_controller@ip-172-31-30-117"} 1 18.962075848303392 0.0 18.962075848303392 0.7014028056112225 4.120718098402354 7
stats: session 171 12364.448935672513 9953.575553224979 36637.177 1204.453 9497.095663793105 116
stats: users_count 183 511
stats: finish_users_count 171 287
stats: request 2147 875.055530507685 2018.6565937968542 8822.621 0.813 1194.71837434555 1910
stats: connect 178 3.9005449438202238 3.2472923484488834 18.406 1.174 4.10339076923077 325
stats: page 1160 1479.8103043103445 3556.2902796584144 26947.988 0.852 1618.8961297071126 1195
stats: 302 190 652
stats: 200 145 770
stats: size_rcv 1544802 4951355
stats: newphase 1 7
stats: 502 1766 2533
stats: 422 40 44
stats: size_sent 1165461 2634302
stats: connected 7 220
stats: 204 5 56
stats: 500 1 2
# stats: dump at 1575449580
stats: users 238 245
stats: {freemem,"tsung_controller@ip-172-31-30-117"} 1 3454.05859375 0.0 3511.375 3454.05859375 3495.84228515625 8
stats: {load,"tsung_controller@ip-172-31-30-117"} 1 0.0703125 0.0 0.0703125 0.0 0.0 8
stats: {recvpackets,"tsung_controller@ip-172-31-30-117"} 1 4517.0 0.0 4517 100 1068.857142857143 7
stats: {sentpackets,"tsung_controller@ip-172-31-30-117"} 1 4505.0 0.0 4505 93 944.5714285714286 7
stats: {cpu,"tsung_controller@ip-172-31-30-117"} 1 30.099009900990097 0.0 30.099009900990097 0.7014028056112225 5.975887817139984 8
stats: session 209 13177.508076555026 10979.461485332506 45536.517 1204.453 11205.51869337979 287
stats: users_count 223 734
stats: finish_users_count 209 496
stats: request 2385 712.9218167714896 1389.2258788771 8822.621 0.805 1025.549992358886 4057
stats: connect 225 3.8943777777777773 3.7848508139622368 24.603 1.174 4.031608349900596 503
stats: page 1317 1394.340477600606 3313.7889746649603 30903.428 0.852 1550.3867634819528 2355
stats: 302 450 1102
stats: 200 112 882
stats: size_rcv 1463678 6415033
stats: newphase 1 8
stats: 502 1726 4259
stats: 422 92 136
stats: size_sent 1231654 3865956
stats: connected 16 236
stats: 204 2 58
stats: 500 3 5
# stats: dump at 1575449590
stats: users 269 269
stats: {freemem,"tsung_controller@ip-172-31-30-117"} 1 3456.56640625 0.0 3511.375 3454.05859375 3491.199652777778 9
stats: {load,"tsung_controller@ip-172-31-30-117"} 1 0.21875 0.0 0.21875 0.0 0.0078125 9
stats: {recvpackets,"tsung_controller@ip-172-31-30-117"} 1 5218.0 0.0 5218 100 1499.875 8
stats: {sentpackets,"tsung_controller@ip-172-31-30-117"} 1 5115.0 0.0 5115 93 1389.625 8
stats: {cpu,"tsung_controller@ip-172-31-30-117"} 1 33.91812865497076 0.0 33.91812865497076 0.7014028056112225 8.656234715345553 9
stats: session 275 9781.000785454544 8264.626354580952 53312.067 1156.365 12036.457768145161 496
stats: users_count 306 1040
stats: finish_users_count 275 771
stats: request 3031 545.9561329594197 1069.244421000423 9035.702 0.805 909.8067140639557 6442
stats: connect 299 4.325906354515052 3.874610215104189 24.603 1.174 3.9891950549450543 728
stats: page 1661 1067.1347808549076 2692.3094642106885 33487.261 0.852 1494.4191821895417 3672
stats: 302 644 1746
stats: 200 123 1005
stats: size_rcv 1738331 8153364
stats: newphase 1 9
stats: 502 2124 6383
stats: 422 133 269
stats: size_sent 1616247 5482203
stats: connected 30 266
stats: 204 4 62
stats: 500 3 8
# stats: dump at 1575449600
stats: users 165 272
stats: {freemem,"tsung_controller@ip-172-31-30-117"} 1 3458.5546875 0.0 3511.375 3454.05859375 3487.736328125 10
stats: {load,"tsung_controller@ip-172-31-30-117"} 1 0.19140625 0.0 0.21875 0.0 0.02890625 10
stats: {recvpackets,"tsung_controller@ip-172-31-30-117"} 1 6390.0 0.0 6390 100 1913.0 9
stats: {sentpackets,"tsung_controller@ip-172-31-30-117"} 1 6433.0 0.0 6433 93 1803.5555555555557 9
stats: {cpu,"tsung_controller@ip-172-31-30-117"} 1 37.73946360153257 0.0 37.73946360153257 0.7014028056112225 11.182424109308073 10
stats: session 244 8613.645627049182 8221.4341969385 57065.592 1156.365 11231.982190661478 771
stats: users_count 140 1180
stats: finish_users_count 244 1015
stats: request 2567 528.3868940397355 1151.245577955895 9217.114 0.805 793.388355431226 9473
stats: connect 153 4.336535947712419 4.083399628155145 24.603 1.174 4.087224926971762 1027
stats: page 1348 968.424597181009 2097.19298824837 33487.261 0.852 1361.3384789049312 5333
stats: 302 413 2159
stats: 200 96 1101
stats: size_rcv 1416972 9570336
stats: newphase 0 9
stats: 502 1961 8344
stats: 422 91 360
stats: size_sent 1327412 6809615
stats: connected -100 166
stats: 204 3 65
stats: 500 3 11
# stats: dump at 1575449610
stats: users 68 272
stats: {freemem,"tsung_controller@ip-172-31-30-117"} 1 3455.2578125 0.0 3511.375 3454.05859375 3485.0834517045455 11
stats: {load,"tsung_controller@ip-172-31-30-117"} 1 0.16015625 0.0 0.21875 0.0 0.04367897727272727 11
stats: {recvpackets,"tsung_controller@ip-172-31-30-117"} 1 4121.0 0.0 6390 100 2360.7 10
stats: {sentpackets,"tsung_controller@ip-172-31-30-117"} 1 4037.0 0.0 6433 93 2266.5 10
stats: {cpu,"tsung_controller@ip-172-31-30-117"} 1 26.68621700879765 0.0 37.73946360153257 0.7014028056112225 13.596700426783029 11
stats: session 97 18893.791824742275 7159.401264837706 60679.67 1156.365 10602.549558620689 1015
stats: users_count 0 1180
stats: finish_users_count 97 1112
stats: request 664 2341.1942695783137 1584.8601900765932 9637.827 0.805 736.8884591362131 12040
stats: connect 0 0 0 24.603 1.174 4.119550847457627 1180
stats: page 288 5941.414614583335 3907.0080877275263 33487.261 0.852 1282.0617370154166 6681
stats: 302 498 2657
stats: 200 61 1162
stats: size_rcv 1030039 10600375
stats: newphase 0 9
stats: 502 0 8344
stats: 422 99 459
stats: size_sent 454293 7263908
stats: connected -98 68
stats: 204 4 69
stats: 500 2 13
# stats: dump at 1575449620
stats: users 33 272
stats: {freemem,"tsung_controller@ip-172-31-30-117"} 1 3449.0859375 0.0 3511.375 3449.0859375 3482.5979817708335 12
stats: {load,"tsung_controller@ip-172-31-30-117"} 1 0.12890625 0.0 0.21875 0.0 0.053385416666666664 12
stats: {recvpackets,"tsung_controller@ip-172-31-30-117"} 1 2045.0 0.0 6390 100 2520.7272727272725 11
stats: {sentpackets,"tsung_controller@ip-172-31-30-117"} 1 1259.0 0.0 6433 93 2427.4545454545455 11
stats: {cpu,"tsung_controller@ip-172-31-30-117"} 1 12.674650698602793 0.0 37.73946360153257 0.7014028056112225 14.687493475284247 12
stats: session 35 25065.416371428568 11680.040510043013 60679.67 1156.365 11325.796410971223 1112
stats: users_count 0 1180
stats: finish_users_count 35 1147
stats: request 183 2309.7920327868846 1070.8914739788581 9637.827 0.805 820.740714971663 12704
stats: connect 0 0 0 24.603 1.174 4.119550847457627 1180
stats: page 54 6303.865481481482 6043.336791561549 33487.261 0.852 1474.6135563208493 6969
stats: 302 48 2705
stats: 200 116 1278
stats: size_rcv 1187437 11787812
stats: newphase 0 9
stats: 502 0 8344
stats: 422 11 470
stats: size_sent 131472 7395380
stats: connected -35 33
stats: 204 8 77
stats: 500 0 13
# stats: dump at 1575449630
stats: users 12 272
stats: {freemem,"tsung_controller@ip-172-31-30-117"} 1 3444.359375 0.0 3511.375 3444.359375 3480.0201322115386 13
stats: {load,"tsung_controller@ip-172-31-30-117"} 1 0.109375 0.0 0.21875 0.0 0.059194711538461536 13
stats: {recvpackets,"tsung_controller@ip-172-31-30-117"} 1 1293.0 0.0 6390 100 2481.083333333333 12
stats: {sentpackets,"tsung_controller@ip-172-31-30-117"} 1 576.0 0.0 6433 93 2330.0833333333335 12
stats: {cpu,"tsung_controller@ip-172-31-30-117"} 1 5.9880239520958085 0.0 37.73946360153257 0.7014028056112225 14.53265941553952 13
stats: session 21 37122.179619047616 2241.2770872914743 60679.67 1156.365 11745.052469049695 1147
stats: users_count 0 1180
stats: finish_users_count 21 1168
stats: request 80 3390.6460875000025 1167.2273875698247 9637.827 0.805 841.8857751998142 12887
stats: connect 0 0 0 24.603 1.174 4.119550847457627 1180
stats: page 44 10392.31781818182 3201.909386095629 33487.261 0.852 1511.745779581375 7023
stats: 302 0 2705
stats: 200 49 1327
stats: size_rcv 835582 12623394
stats: newphase 0 9
stats: 502 0 8344
stats: 422 0 470
stats: size_sent 57394 7452774
stats: connected -20 13
stats: 204 28 105
stats: 500 3 16
# stats: dump at 1575449635
stats: users 0 272
stats: {freemem,"tsung_controller@ip-172-31-30-117"} 1 3448.296875 0.0 3511.375 3444.359375 3477.4729352678573 14
stats: {load,"tsung_controller@ip-172-31-30-117"} 1 0.1015625 0.0 0.21875 0.0 0.06277901785714286 14
stats: {recvpackets,"tsung_controller@ip-172-31-30-117"} 1 691.0 0.0 6390 100 2389.6923076923076 13
stats: {sentpackets,"tsung_controller@ip-172-31-30-117"} 1 315.0 0.0 6433 93 2195.153846153846 13
stats: {cpu,"tsung_controller@ip-172-31-30-117"} 1 3.3932135728542914 0.0 37.73946360153257 0.7014028056112225 13.922328311007826 14
stats: session 12 38288.44024999999 1112.5580237069375 60679.67 1156.365 12201.319309931507 1168
stats: users_count 0 1180
stats: finish_users_count 12 1180
stats: request 13 4768.977846153846 1283.872143924048 9637.827 0.805 857.610370324671 12967
stats: connect 0 0 0 24.603 1.174 4.119550847457627 1180
stats: page 13 8503.958923076923 257.29879478998413 33487.261 0.852 1567.0372992783355 7067
stats: 302 0 2705
stats: 200 13 1340
stats: size_rcv 194984 12818378
stats: newphase 0 9
stats: 502 0 8344
stats: 422 0 470
stats: size_sent 0 7452774
stats: connected -13 0
stats: 204 0 105
stats: 500 0 16
EndMonitor:{1575,449635,96849}
